2021-04-26 04:10:19,829 - INFO - Log directory: ./trafficdl/log
2021-04-26 04:10:19,830 - INFO - Begin pipeline, task=traffic_state_pred, model_name=HGCN, dataset_name=METR_LA
2021-04-26 04:10:20,213 - INFO - Loaded file METR_LA.geo, num_nodes=207
2021-04-26 04:10:20,247 - INFO - Loaded file METR_LA.rel, shape=(207, 207)
2021-04-26 04:10:20,248 - INFO - Start Calculate the weight by Gauss kernel!
2021-04-26 04:10:20,248 - INFO - Start Calculate the adj_max_cluster!
2021-04-26 04:10:25,516 - INFO - Loaded file METR_LA.dyna, shape=(34272, 207, 1)
2021-04-26 04:10:40,699 - INFO - Dataset created
2021-04-26 04:10:40,699 - INFO - x shape: (34249, 12, 207, 1), y shape: (34249, 12, 207, 1)
2021-04-26 04:10:40,806 - INFO - train	x: (20549, 12, 207, 1)y: (20549, 12, 207, 1)
2021-04-26 04:10:40,806 - INFO - eval	x: (6850, 12, 207, 1)y: (6850, 12, 207, 1)
2021-04-26 04:10:40,807 - INFO - test	x: (6850, 12, 207, 1)y: (6850, 12, 207, 1)
2021-04-26 04:10:59,512 - INFO - Saved at ./trafficdl/cache/dataset_cache/point_based_METR_LA_12_12_0.6_0.2_none_64_False_False_True.npz
2021-04-26 04:10:59,512 - INFO - NoneScaler
2021-04-26 04:11:02,521 - INFO - h	torch.Size([207, 207])	cuda:0	True
2021-04-26 04:11:02,522 - INFO - h_cluster	torch.Size([10, 10])	cuda:0	True
2021-04-26 04:11:02,523 - INFO - nodevec1	torch.Size([207, 10])	cuda:0	True
2021-04-26 04:11:02,524 - INFO - nodevec2	torch.Size([10, 207])	cuda:0	True
2021-04-26 04:11:02,524 - INFO - nodevec1_c	torch.Size([10, 10])	cuda:0	True
2021-04-26 04:11:02,525 - INFO - nodevec2_c	torch.Size([10, 10])	cuda:0	True
2021-04-26 04:11:02,525 - INFO - start_conv.weight	torch.Size([32, 1, 1, 1])	cuda:0	True
2021-04-26 04:11:02,526 - INFO - start_conv.bias	torch.Size([32])	cuda:0	True
2021-04-26 04:11:02,527 - INFO - start_conv_cluster.weight	torch.Size([32, 1, 1, 1])	cuda:0	True
2021-04-26 04:11:02,527 - INFO - start_conv_cluster.bias	torch.Size([32])	cuda:0	True
2021-04-26 04:11:02,528 - INFO - block1.time_conv.weight	torch.Size([64, 64, 1, 3])	cuda:0	True
2021-04-26 04:11:02,529 - INFO - block1.time_conv.bias	torch.Size([64])	cuda:0	True
2021-04-26 04:11:02,530 - INFO - block1.multigcn.mlp.mlp.weight	torch.Size([64, 160, 1, 3])	cuda:0	True
2021-04-26 04:11:02,530 - INFO - block1.multigcn.mlp.mlp.bias	torch.Size([64])	cuda:0	True
2021-04-26 04:11:02,532 - INFO - block1.TAT.w	torch.Size([207, 32])	cuda:0	True
2021-04-26 04:11:02,533 - INFO - block1.TAT.b	torch.Size([6, 6])	cuda:0	True
2021-04-26 04:11:02,535 - INFO - block1.TAT.v	torch.Size([6, 6])	cuda:0	True
2021-04-26 04:11:02,537 - INFO - block1.TAT.conv1.weight	torch.Size([1, 32, 1, 1])	cuda:0	True
2021-04-26 04:11:02,538 - INFO - block1.TAT.conv2.weight	torch.Size([1, 207, 1, 1])	cuda:0	True
2021-04-26 04:11:02,540 - INFO - block1.TAT.bn.weight	torch.Size([6])	cuda:0	True
2021-04-26 04:11:02,548 - INFO - block1.TAT.bn.bias	torch.Size([6])	cuda:0	True
2021-04-26 04:11:02,549 - INFO - block1.bn.weight	torch.Size([32])	cuda:0	True
2021-04-26 04:11:02,552 - INFO - block1.bn.bias	torch.Size([32])	cuda:0	True
2021-04-26 04:11:02,552 - INFO - block1.conv1.weight	torch.Size([32, 64, 1, 1])	cuda:0	True
2021-04-26 04:11:02,553 - INFO - block1.conv1.bias	torch.Size([32])	cuda:0	True
2021-04-26 04:11:02,554 - INFO - block2.time_conv.weight	torch.Size([64, 64, 1, 2])	cuda:0	True
2021-04-26 04:11:02,554 - INFO - block2.time_conv.bias	torch.Size([64])	cuda:0	True
2021-04-26 04:11:02,554 - INFO - block2.multigcn.mlp.mlp.weight	torch.Size([64, 160, 1, 2])	cuda:0	True
2021-04-26 04:11:02,555 - INFO - block2.multigcn.mlp.mlp.bias	torch.Size([64])	cuda:0	True
2021-04-26 04:11:02,555 - INFO - block2.TAT.w	torch.Size([207, 32])	cuda:0	True
2021-04-26 04:11:02,555 - INFO - block2.TAT.b	torch.Size([3, 3])	cuda:0	True
2021-04-26 04:11:02,556 - INFO - block2.TAT.v	torch.Size([3, 3])	cuda:0	True
2021-04-26 04:11:02,556 - INFO - block2.TAT.conv1.weight	torch.Size([1, 32, 1, 1])	cuda:0	True
2021-04-26 04:11:02,557 - INFO - block2.TAT.conv2.weight	torch.Size([1, 207, 1, 1])	cuda:0	True
2021-04-26 04:11:02,557 - INFO - block2.TAT.bn.weight	torch.Size([3])	cuda:0	True
2021-04-26 04:11:02,557 - INFO - block2.TAT.bn.bias	torch.Size([3])	cuda:0	True
2021-04-26 04:11:02,558 - INFO - block2.bn.weight	torch.Size([32])	cuda:0	True
2021-04-26 04:11:02,559 - INFO - block2.bn.bias	torch.Size([32])	cuda:0	True
2021-04-26 04:11:02,561 - INFO - block2.conv1.weight	torch.Size([32, 64, 1, 1])	cuda:0	True
2021-04-26 04:11:02,561 - INFO - block2.conv1.bias	torch.Size([32])	cuda:0	True
2021-04-26 04:11:02,563 - INFO - block_cluster1.time_conv.weight	torch.Size([64, 32, 1, 3])	cuda:0	True
2021-04-26 04:11:02,563 - INFO - block_cluster1.time_conv.bias	torch.Size([64])	cuda:0	True
2021-04-26 04:11:02,563 - INFO - block_cluster1.multigcn.mlp.mlp.weight	torch.Size([64, 160, 1, 3])	cuda:0	True
2021-04-26 04:11:02,564 - INFO - block_cluster1.multigcn.mlp.mlp.bias	torch.Size([64])	cuda:0	True
2021-04-26 04:11:02,564 - INFO - block_cluster1.TAT.w	torch.Size([10, 32])	cuda:0	True
2021-04-26 04:11:02,564 - INFO - block_cluster1.TAT.b	torch.Size([6, 6])	cuda:0	True
2021-04-26 04:11:02,565 - INFO - block_cluster1.TAT.v	torch.Size([6, 6])	cuda:0	True
2021-04-26 04:11:02,565 - INFO - block_cluster1.TAT.conv1.weight	torch.Size([1, 32, 1, 1])	cuda:0	True
2021-04-26 04:11:02,566 - INFO - block_cluster1.TAT.conv2.weight	torch.Size([1, 10, 1, 1])	cuda:0	True
2021-04-26 04:11:02,566 - INFO - block_cluster1.TAT.bn.weight	torch.Size([6])	cuda:0	True
2021-04-26 04:11:02,566 - INFO - block_cluster1.TAT.bn.bias	torch.Size([6])	cuda:0	True
2021-04-26 04:11:02,567 - INFO - block_cluster1.bn.weight	torch.Size([32])	cuda:0	True
2021-04-26 04:11:02,567 - INFO - block_cluster1.bn.bias	torch.Size([32])	cuda:0	True
2021-04-26 04:11:02,567 - INFO - block_cluster1.conv1.weight	torch.Size([32, 32, 1, 1])	cuda:0	True
2021-04-26 04:11:02,568 - INFO - block_cluster1.conv1.bias	torch.Size([32])	cuda:0	True
2021-04-26 04:11:02,568 - INFO - block_cluster2.time_conv.weight	torch.Size([64, 32, 1, 2])	cuda:0	True
2021-04-26 04:11:02,568 - INFO - block_cluster2.time_conv.bias	torch.Size([64])	cuda:0	True
2021-04-26 04:11:02,569 - INFO - block_cluster2.multigcn.mlp.mlp.weight	torch.Size([64, 160, 1, 2])	cuda:0	True
2021-04-26 04:11:02,569 - INFO - block_cluster2.multigcn.mlp.mlp.bias	torch.Size([64])	cuda:0	True
2021-04-26 04:11:02,569 - INFO - block_cluster2.TAT.w	torch.Size([10, 32])	cuda:0	True
2021-04-26 04:11:02,570 - INFO - block_cluster2.TAT.b	torch.Size([3, 3])	cuda:0	True
2021-04-26 04:11:02,570 - INFO - block_cluster2.TAT.v	torch.Size([3, 3])	cuda:0	True
2021-04-26 04:11:02,570 - INFO - block_cluster2.TAT.conv1.weight	torch.Size([1, 32, 1, 1])	cuda:0	True
2021-04-26 04:11:02,571 - INFO - block_cluster2.TAT.conv2.weight	torch.Size([1, 10, 1, 1])	cuda:0	True
2021-04-26 04:11:02,571 - INFO - block_cluster2.TAT.bn.weight	torch.Size([3])	cuda:0	True
2021-04-26 04:11:02,571 - INFO - block_cluster2.TAT.bn.bias	torch.Size([3])	cuda:0	True
2021-04-26 04:11:02,572 - INFO - block_cluster2.bn.weight	torch.Size([32])	cuda:0	True
2021-04-26 04:11:02,572 - INFO - block_cluster2.bn.bias	torch.Size([32])	cuda:0	True
2021-04-26 04:11:02,572 - INFO - block_cluster2.conv1.weight	torch.Size([32, 32, 1, 1])	cuda:0	True
2021-04-26 04:11:02,573 - INFO - block_cluster2.conv1.bias	torch.Size([32])	cuda:0	True
2021-04-26 04:11:02,573 - INFO - skip_conv1.weight	torch.Size([256, 64, 1, 1])	cuda:0	True
2021-04-26 04:11:02,573 - INFO - skip_conv1.bias	torch.Size([256])	cuda:0	True
2021-04-26 04:11:02,578 - INFO - skip_conv2.weight	torch.Size([256, 64, 1, 1])	cuda:0	True
2021-04-26 04:11:02,578 - INFO - skip_conv2.bias	torch.Size([256])	cuda:0	True
2021-04-26 04:11:02,579 - INFO - end_conv_1.weight	torch.Size([512, 256, 1, 3])	cuda:0	True
2021-04-26 04:11:02,580 - INFO - end_conv_1.bias	torch.Size([512])	cuda:0	True
2021-04-26 04:11:02,581 - INFO - end_conv_2.weight	torch.Size([12, 512, 1, 1])	cuda:0	True
2021-04-26 04:11:02,581 - INFO - end_conv_2.bias	torch.Size([12])	cuda:0	True
2021-04-26 04:11:02,581 - INFO - conv_cluster1.weight	torch.Size([12, 32, 1, 3])	cuda:0	True
2021-04-26 04:11:02,582 - INFO - conv_cluster1.bias	torch.Size([12])	cuda:0	True
2021-04-26 04:11:02,582 - INFO - gate1.conv1.weight	torch.Size([32, 64, 1, 1])	cuda:0	True
2021-04-26 04:11:02,582 - INFO - gate1.conv1.bias	torch.Size([32])	cuda:0	True
2021-04-26 04:11:02,582 - INFO - gate2.conv1.weight	torch.Size([32, 64, 1, 1])	cuda:0	True
2021-04-26 04:11:02,583 - INFO - gate2.conv1.bias	torch.Size([32])	cuda:0	True
2021-04-26 04:11:02,583 - INFO - gate3.conv1.weight	torch.Size([32, 64, 1, 1])	cuda:0	True
2021-04-26 04:11:02,584 - INFO - gate3.conv1.bias	torch.Size([32])	cuda:0	True
2021-04-26 04:11:02,584 - INFO - transmit1.w	torch.Size([12, 32])	cuda:0	True
2021-04-26 04:11:02,584 - INFO - transmit1.b	torch.Size([207, 10])	cuda:0	True
2021-04-26 04:11:02,585 - INFO - transmit1.conv1.weight	torch.Size([1, 32, 1, 1])	cuda:0	True
2021-04-26 04:11:02,585 - INFO - transmit1.conv2.weight	torch.Size([1, 12, 1, 1])	cuda:0	True
2021-04-26 04:11:02,586 - INFO - transmit2.w	torch.Size([6, 32])	cuda:0	True
2021-04-26 04:11:02,586 - INFO - transmit2.b	torch.Size([207, 10])	cuda:0	True
2021-04-26 04:11:02,587 - INFO - transmit2.conv1.weight	torch.Size([1, 32, 1, 1])	cuda:0	True
2021-04-26 04:11:02,587 - INFO - transmit2.conv2.weight	torch.Size([1, 6, 1, 1])	cuda:0	True
2021-04-26 04:11:02,587 - INFO - transmit3.w	torch.Size([3, 32])	cuda:0	True
2021-04-26 04:11:02,588 - INFO - transmit3.b	torch.Size([207, 10])	cuda:0	True
2021-04-26 04:11:02,588 - INFO - transmit3.conv1.weight	torch.Size([1, 32, 1, 1])	cuda:0	True
2021-04-26 04:11:02,588 - INFO - transmit3.conv2.weight	torch.Size([1, 3, 1, 1])	cuda:0	True
2021-04-26 04:11:02,589 - INFO - Total parameter numbers: 649810
2021-04-26 04:11:02,589 - INFO - Start training ...
2021-04-26 04:11:02,589 - INFO - num_batches:322
2021-04-26 04:22:26,720 - INFO - epoch complete!
2021-04-26 04:22:26,721 - INFO - evaluating now!
2021-04-26 04:26:00,107 - INFO - Epoch [0/50] train_loss: 9.0643, val_loss: 16.5608, lr: 0.001000, 897.5s
2021-04-26 04:26:00,788 - INFO - Saved model at 0
2021-04-26 04:26:00,788 - INFO - Val loss decrease from inf to 16.5608, saving to ./trafficdl/cache/model_cache/HGCN_METR_LA_epoch0.tar
2021-04-26 04:37:10,645 - INFO - epoch complete!
2021-04-26 04:37:10,645 - INFO - evaluating now!
2021-04-26 04:40:44,764 - INFO - Epoch [1/50] train_loss: 5.6952, val_loss: 10.3311, lr: 0.001000, 884.0s
2021-04-26 04:40:45,127 - INFO - Saved model at 1
2021-04-26 04:40:45,127 - INFO - Val loss decrease from 16.5608 to 10.3311, saving to ./trafficdl/cache/model_cache/HGCN_METR_LA_epoch1.tar
2021-04-26 04:51:56,448 - INFO - epoch complete!
2021-04-26 04:51:56,448 - INFO - evaluating now!
2021-04-26 04:55:30,099 - INFO - Epoch [2/50] train_loss: 5.2955, val_loss: 9.0351, lr: 0.001000, 885.0s
2021-04-26 04:55:30,692 - INFO - Saved model at 2
2021-04-26 04:55:30,693 - INFO - Val loss decrease from 10.3311 to 9.0351, saving to ./trafficdl/cache/model_cache/HGCN_METR_LA_epoch2.tar
2021-04-26 05:06:40,692 - INFO - epoch complete!
2021-04-26 05:06:40,693 - INFO - evaluating now!
2021-04-26 05:10:14,431 - INFO - Epoch [3/50] train_loss: 5.0803, val_loss: 5.7057, lr: 0.001000, 883.7s
2021-04-26 05:10:14,792 - INFO - Saved model at 3
2021-04-26 05:10:14,793 - INFO - Val loss decrease from 9.0351 to 5.7057, saving to ./trafficdl/cache/model_cache/HGCN_METR_LA_epoch3.tar
2021-04-26 05:21:24,694 - INFO - epoch complete!
2021-04-26 05:21:24,695 - INFO - evaluating now!
2021-04-26 05:24:58,156 - INFO - Epoch [4/50] train_loss: 4.9437, val_loss: 6.9085, lr: 0.001000, 883.4s
2021-04-26 05:36:08,054 - INFO - epoch complete!
2021-04-26 05:36:08,055 - INFO - evaluating now!
2021-04-26 05:39:41,874 - INFO - Epoch [5/50] train_loss: 4.9278, val_loss: 5.8491, lr: 0.001000, 883.7s
2021-04-26 05:50:52,922 - INFO - epoch complete!
2021-04-26 05:50:52,922 - INFO - evaluating now!
2021-04-26 05:54:26,334 - INFO - Epoch [6/50] train_loss: 4.8151, val_loss: 5.3938, lr: 0.001000, 884.5s
2021-04-26 05:54:26,720 - INFO - Saved model at 6
2021-04-26 05:54:26,720 - INFO - Val loss decrease from 5.7057 to 5.3938, saving to ./trafficdl/cache/model_cache/HGCN_METR_LA_epoch6.tar
2021-04-26 06:05:37,146 - INFO - epoch complete!
2021-04-26 06:05:37,146 - INFO - evaluating now!
2021-04-26 06:09:11,112 - INFO - Epoch [7/50] train_loss: 4.7247, val_loss: 5.2957, lr: 0.001000, 884.4s
2021-04-26 06:09:11,490 - INFO - Saved model at 7
2021-04-26 06:09:11,491 - INFO - Val loss decrease from 5.3938 to 5.2957, saving to ./trafficdl/cache/model_cache/HGCN_METR_LA_epoch7.tar
2021-04-26 06:20:21,470 - INFO - epoch complete!
2021-04-26 06:20:21,471 - INFO - evaluating now!
2021-04-26 06:23:55,366 - INFO - Epoch [8/50] train_loss: 4.7047, val_loss: 4.9441, lr: 0.001000, 883.9s
2021-04-26 06:23:55,845 - INFO - Saved model at 8
2021-04-26 06:23:55,845 - INFO - Val loss decrease from 5.2957 to 4.9441, saving to ./trafficdl/cache/model_cache/HGCN_METR_LA_epoch8.tar
2021-04-26 06:35:06,591 - INFO - epoch complete!
2021-04-26 06:35:06,592 - INFO - evaluating now!
2021-04-26 06:38:41,435 - INFO - Epoch [9/50] train_loss: 4.6103, val_loss: 4.5629, lr: 0.001000, 885.6s
2021-04-26 06:38:41,802 - INFO - Saved model at 9
2021-04-26 06:38:41,802 - INFO - Val loss decrease from 4.9441 to 4.5629, saving to ./trafficdl/cache/model_cache/HGCN_METR_LA_epoch9.tar
2021-04-26 06:49:54,644 - INFO - epoch complete!
2021-04-26 06:49:54,644 - INFO - evaluating now!
2021-04-26 06:53:28,380 - INFO - Epoch [10/50] train_loss: 4.5519, val_loss: 5.4261, lr: 0.001000, 886.6s
2021-04-26 07:04:38,338 - INFO - epoch complete!
2021-04-26 07:04:38,338 - INFO - evaluating now!
2021-04-26 07:08:12,078 - INFO - Epoch [11/50] train_loss: 4.5741, val_loss: 4.4833, lr: 0.001000, 883.7s
2021-04-26 07:08:12,450 - INFO - Saved model at 11
2021-04-26 07:08:12,451 - INFO - Val loss decrease from 4.5629 to 4.4833, saving to ./trafficdl/cache/model_cache/HGCN_METR_LA_epoch11.tar
2021-04-26 07:19:26,841 - INFO - epoch complete!
2021-04-26 07:19:26,841 - INFO - evaluating now!
2021-04-26 07:23:00,615 - INFO - Epoch [12/50] train_loss: 4.5250, val_loss: 5.0136, lr: 0.001000, 888.2s
2021-04-26 07:34:11,088 - INFO - epoch complete!
2021-04-26 07:34:11,088 - INFO - evaluating now!
2021-04-26 07:37:45,102 - INFO - Epoch [13/50] train_loss: 4.4577, val_loss: 4.6634, lr: 0.001000, 884.5s
2021-04-26 07:48:56,515 - INFO - epoch complete!
2021-04-26 07:48:56,515 - INFO - evaluating now!
2021-04-26 07:52:29,999 - INFO - Epoch [14/50] train_loss: 4.4743, val_loss: 4.7397, lr: 0.001000, 884.9s
2021-04-26 08:03:39,325 - INFO - epoch complete!
2021-04-26 08:03:39,325 - INFO - evaluating now!
2021-04-26 08:07:12,995 - INFO - Epoch [15/50] train_loss: 4.4768, val_loss: 5.2379, lr: 0.001000, 883.0s
2021-04-26 08:18:22,297 - INFO - epoch complete!
2021-04-26 08:18:22,297 - INFO - evaluating now!
2021-04-26 08:21:55,287 - INFO - Epoch [16/50] train_loss: 4.3868, val_loss: 4.4666, lr: 0.001000, 882.3s
2021-04-26 08:21:55,663 - INFO - Saved model at 16
2021-04-26 08:21:55,663 - INFO - Val loss decrease from 4.4833 to 4.4666, saving to ./trafficdl/cache/model_cache/HGCN_METR_LA_epoch16.tar
2021-04-26 08:33:05,411 - INFO - epoch complete!
2021-04-26 08:33:05,411 - INFO - evaluating now!
2021-04-26 08:36:39,303 - INFO - Epoch [17/50] train_loss: 4.3564, val_loss: 5.3552, lr: 0.001000, 883.6s
2021-04-26 08:47:50,468 - INFO - epoch complete!
2021-04-26 08:47:50,468 - INFO - evaluating now!
2021-04-26 08:51:24,727 - INFO - Epoch [18/50] train_loss: 4.3286, val_loss: 4.5862, lr: 0.001000, 885.4s
2021-04-26 09:02:35,422 - INFO - epoch complete!
2021-04-26 09:02:35,422 - INFO - evaluating now!
2021-04-26 09:06:09,247 - INFO - Epoch [19/50] train_loss: 4.3234, val_loss: 4.8313, lr: 0.001000, 884.5s
2021-04-26 09:17:19,016 - INFO - epoch complete!
2021-04-26 09:17:19,016 - INFO - evaluating now!
2021-04-26 09:20:52,069 - INFO - Epoch [20/50] train_loss: 4.3139, val_loss: 4.6451, lr: 0.001000, 882.8s
2021-04-26 09:32:02,267 - INFO - epoch complete!
2021-04-26 09:34:49,615 - INFO - evaluating now!
2021-04-26 09:38:23,735 - INFO - Epoch [21/50] train_loss: 4.3147, val_loss: 4.6630, lr: 0.001000, 1051.7s
2021-04-26 09:49:36,197 - INFO - epoch complete!
2021-04-26 09:49:36,198 - INFO - evaluating now!
2021-04-26 09:53:09,487 - INFO - Epoch [22/50] train_loss: 4.2850, val_loss: 4.7976, lr: 0.001000, 885.8s
2021-04-26 10:04:19,525 - INFO - epoch complete!
2021-04-26 10:04:19,526 - INFO - evaluating now!
2021-04-26 10:07:53,136 - INFO - Epoch [23/50] train_loss: 4.2906, val_loss: 4.9143, lr: 0.001000, 883.6s
2021-04-26 10:19:02,838 - INFO - epoch complete!
2021-04-26 10:19:02,838 - INFO - evaluating now!
2021-04-26 10:22:36,304 - INFO - Epoch [24/50] train_loss: 4.2584, val_loss: 4.4956, lr: 0.001000, 883.2s
2021-04-26 10:33:45,976 - INFO - epoch complete!
2021-04-26 10:33:45,976 - INFO - evaluating now!
2021-04-26 10:37:18,755 - INFO - Epoch [25/50] train_loss: 4.2757, val_loss: 4.4170, lr: 0.001000, 882.5s
2021-04-26 10:37:19,237 - INFO - Saved model at 25
2021-04-26 10:37:19,238 - INFO - Val loss decrease from 4.4666 to 4.4170, saving to ./trafficdl/cache/model_cache/HGCN_METR_LA_epoch25.tar
2021-04-26 10:48:33,178 - INFO - epoch complete!
2021-04-26 10:48:33,179 - INFO - evaluating now!
2021-04-26 10:52:06,579 - INFO - Epoch [26/50] train_loss: 4.2702, val_loss: 4.3206, lr: 0.001000, 887.3s
2021-04-26 10:52:06,955 - INFO - Saved model at 26
2021-04-26 10:52:06,955 - INFO - Val loss decrease from 4.4170 to 4.3206, saving to ./trafficdl/cache/model_cache/HGCN_METR_LA_epoch26.tar
2021-04-26 11:03:17,152 - INFO - epoch complete!
2021-04-26 11:03:17,153 - INFO - evaluating now!
2021-04-26 11:06:50,372 - INFO - Epoch [27/50] train_loss: 4.2353, val_loss: 4.3062, lr: 0.001000, 883.4s
2021-04-26 11:06:50,741 - INFO - Saved model at 27
2021-04-26 11:06:50,742 - INFO - Val loss decrease from 4.3206 to 4.3062, saving to ./trafficdl/cache/model_cache/HGCN_METR_LA_epoch27.tar
2021-04-26 11:18:01,034 - INFO - epoch complete!
2021-04-26 11:18:01,035 - INFO - evaluating now!
2021-04-26 11:21:34,279 - INFO - Epoch [28/50] train_loss: 4.2295, val_loss: 4.2990, lr: 0.001000, 883.5s
2021-04-26 11:21:34,651 - INFO - Saved model at 28
2021-04-26 11:21:34,651 - INFO - Val loss decrease from 4.3062 to 4.2990, saving to ./trafficdl/cache/model_cache/HGCN_METR_LA_epoch28.tar
2021-04-26 11:32:45,421 - INFO - epoch complete!
2021-04-26 11:32:45,421 - INFO - evaluating now!
2021-04-26 11:36:19,066 - INFO - Epoch [29/50] train_loss: 4.2111, val_loss: 4.4354, lr: 0.001000, 884.4s
2021-04-26 11:47:30,149 - INFO - epoch complete!
2021-04-26 11:47:30,149 - INFO - evaluating now!
2021-04-26 11:51:04,438 - INFO - Epoch [30/50] train_loss: 4.2198, val_loss: 4.3532, lr: 0.001000, 885.4s
2021-04-26 12:02:14,780 - INFO - epoch complete!
2021-04-26 12:02:14,780 - INFO - evaluating now!
2021-04-26 12:05:47,705 - INFO - Epoch [31/50] train_loss: 4.2283, val_loss: 4.1765, lr: 0.001000, 883.3s
2021-04-26 12:05:48,182 - INFO - Saved model at 31
2021-04-26 12:05:48,183 - INFO - Val loss decrease from 4.2990 to 4.1765, saving to ./trafficdl/cache/model_cache/HGCN_METR_LA_epoch31.tar
2021-04-26 12:16:58,326 - INFO - epoch complete!
2021-04-26 12:16:58,327 - INFO - evaluating now!
2021-04-26 12:20:32,181 - INFO - Epoch [32/50] train_loss: 4.2011, val_loss: 4.2937, lr: 0.001000, 884.0s
2021-04-26 12:33:56,341 - INFO - epoch complete!
2021-04-26 12:33:56,342 - INFO - evaluating now!
2021-04-26 12:37:29,568 - INFO - Epoch [33/50] train_loss: 4.2077, val_loss: 4.3029, lr: 0.001000, 886.2s
2021-04-26 12:48:42,190 - INFO - epoch complete!
2021-04-26 12:48:42,191 - INFO - evaluating now!
2021-04-26 12:52:14,957 - INFO - Epoch [34/50] train_loss: 4.1638, val_loss: 4.3254, lr: 0.001000, 885.4s
2021-04-26 13:03:25,750 - INFO - epoch complete!
2021-04-26 13:03:25,750 - INFO - evaluating now!
2021-04-26 13:06:59,287 - INFO - Epoch [35/50] train_loss: 4.2025, val_loss: 4.5382, lr: 0.001000, 884.3s
2021-04-26 13:18:10,083 - INFO - epoch complete!
2021-04-26 13:18:10,084 - INFO - evaluating now!
2021-04-26 13:21:43,342 - INFO - Epoch [36/50] train_loss: 4.1912, val_loss: 4.3008, lr: 0.001000, 884.1s
2021-04-26 13:32:54,463 - INFO - epoch complete!
2021-04-26 13:32:54,463 - INFO - evaluating now!
2021-04-26 13:36:28,327 - INFO - Epoch [37/50] train_loss: 4.1888, val_loss: 4.2966, lr: 0.001000, 885.0s
2021-04-26 13:47:40,398 - INFO - epoch complete!
2021-04-26 13:47:40,398 - INFO - evaluating now!
2021-04-26 13:51:14,087 - INFO - Epoch [38/50] train_loss: 4.1817, val_loss: 4.2615, lr: 0.001000, 885.8s
2021-04-26 14:02:25,736 - INFO - epoch complete!
2021-04-26 14:02:25,736 - INFO - evaluating now!
2021-04-26 14:05:59,246 - INFO - Epoch [39/50] train_loss: 4.1984, val_loss: 4.6815, lr: 0.001000, 885.2s
2021-04-26 14:17:10,000 - INFO - epoch complete!
2021-04-26 14:17:10,001 - INFO - evaluating now!
2021-04-26 14:20:43,696 - INFO - Epoch [40/50] train_loss: 4.1733, val_loss: 4.1780, lr: 0.001000, 884.5s
2021-04-26 14:31:55,232 - INFO - epoch complete!
2021-04-26 14:31:55,233 - INFO - evaluating now!
2021-04-26 14:35:29,152 - INFO - Epoch [41/50] train_loss: 4.1448, val_loss: 4.1954, lr: 0.001000, 885.5s
2021-04-26 14:49:22,335 - INFO - epoch complete!
2021-04-26 14:49:22,336 - INFO - evaluating now!
2021-04-26 14:52:55,557 - INFO - Epoch [42/50] train_loss: 4.1596, val_loss: 4.3899, lr: 0.001000, 887.9s
2021-04-26 15:04:06,258 - INFO - epoch complete!
2021-04-26 15:04:06,259 - INFO - evaluating now!
2021-04-26 15:07:39,995 - INFO - Epoch [43/50] train_loss: 4.1633, val_loss: 4.5703, lr: 0.001000, 884.4s
2021-04-26 15:18:50,961 - INFO - epoch complete!
2021-04-26 15:18:50,961 - INFO - evaluating now!
2021-04-26 15:22:24,875 - INFO - Epoch [44/50] train_loss: 4.1620, val_loss: 4.2905, lr: 0.001000, 884.9s
2021-04-26 15:33:36,195 - INFO - epoch complete!
2021-04-26 15:33:36,195 - INFO - evaluating now!
2021-04-26 15:37:09,069 - INFO - Epoch [45/50] train_loss: 4.1704, val_loss: 4.1766, lr: 0.001000, 884.2s
2021-04-26 15:48:21,225 - INFO - epoch complete!
2021-04-26 15:48:21,225 - INFO - evaluating now!
2021-04-26 15:51:54,799 - INFO - Epoch [46/50] train_loss: 4.1497, val_loss: 4.2532, lr: 0.001000, 885.7s
2021-04-26 16:03:05,676 - INFO - epoch complete!
2021-04-26 16:03:05,676 - INFO - evaluating now!
2021-04-26 16:06:39,171 - INFO - Epoch [47/50] train_loss: 4.1545, val_loss: 4.2000, lr: 0.001000, 884.4s
2021-04-26 16:17:51,301 - INFO - epoch complete!
2021-04-26 16:17:51,301 - INFO - evaluating now!
2021-04-26 16:21:24,847 - INFO - Epoch [48/50] train_loss: 4.1308, val_loss: 4.2514, lr: 0.001000, 885.7s
2021-04-26 16:32:35,457 - INFO - epoch complete!
2021-04-26 16:32:35,457 - INFO - evaluating now!
2021-04-26 16:36:09,631 - INFO - Epoch [49/50] train_loss: 4.1485, val_loss: 4.4213, lr: 0.001000, 884.8s
2021-04-26 16:36:10,239 - INFO - Loaded model at 31
2021-04-26 16:36:10,239 - INFO - Saved model at ./trafficdl/cache/model_cache/HGCN_METR_LA.m
2021-04-26 16:36:10,297 - INFO - Start evaluating ...
