2021-04-20 19:19:51,526 - INFO - Log directory: ./trafficdl/log
2021-04-20 19:19:51,526 - INFO - Begin pipeline, task=traffic_state_pred, model_name=ResLSTM, dataset_name=BEIJING SUBWAY_10MIN
2021-04-20 19:19:52,523 - INFO - Loaded file BEIJING SUBWAY_10MIN.geo, num_nodes=276
2021-04-20 19:19:52,699 - INFO - Loaded file BEIJING SUBWAY_10MIN.rel, shape=(276, 276)
2021-04-20 19:19:52,700 - INFO - Loading ./trafficdl/cache/dataset_cache/point_based_BEIJING SUBWAY_10MIN_5_1_0.7_0.1_standard_64_True_False_True.npz
2021-04-20 19:19:53,641 - INFO - train	x: (1886, 5, 276, 14)y: (1886, 1, 276, 14)
2021-04-20 19:19:53,641 - INFO - eval	x: (270, 5, 276, 14)y: (270, 1, 276, 14)
2021-04-20 19:19:53,642 - INFO - test	x: (539, 5, 276, 14)y: (539, 1, 276, 14)
2021-04-20 19:19:53,718 - INFO - StandardScaler mean: 172.41570189189605, std: 259.8030274590177
2021-04-20 19:20:00,477 - INFO - conv1.weight	torch.Size([32, 3, 3, 3])	cuda:0	True
2021-04-20 19:20:00,478 - INFO - conv1.bias	torch.Size([32])	cuda:0	True
2021-04-20 19:20:00,478 - INFO - conv1_1.weight	torch.Size([32, 1, 3, 3])	cuda:0	True
2021-04-20 19:20:00,478 - INFO - conv1_1.bias	torch.Size([32])	cuda:0	True
2021-04-20 19:20:00,478 - INFO - unit1.conv1.weight	torch.Size([32, 32, 1, 1])	cuda:0	True
2021-04-20 19:20:00,478 - INFO - unit1.conv1.bias	torch.Size([32])	cuda:0	True
2021-04-20 19:20:00,478 - INFO - unit1.bn1.weight	torch.Size([32])	cuda:0	True
2021-04-20 19:20:00,478 - INFO - unit1.bn1.bias	torch.Size([32])	cuda:0	True
2021-04-20 19:20:00,478 - INFO - unit1.conv2.weight	torch.Size([32, 32, 3, 3])	cuda:0	True
2021-04-20 19:20:00,478 - INFO - unit1.conv2.bias	torch.Size([32])	cuda:0	True
2021-04-20 19:20:00,478 - INFO - unit1.bn2.weight	torch.Size([32])	cuda:0	True
2021-04-20 19:20:00,478 - INFO - unit1.bn2.bias	torch.Size([32])	cuda:0	True
2021-04-20 19:20:00,478 - INFO - unit1.conv3.weight	torch.Size([32, 32, 3, 3])	cuda:0	True
2021-04-20 19:20:00,478 - INFO - unit1.conv3.bias	torch.Size([32])	cuda:0	True
2021-04-20 19:20:00,479 - INFO - unit2.conv1.weight	torch.Size([64, 32, 1, 1])	cuda:0	True
2021-04-20 19:20:00,479 - INFO - unit2.conv1.bias	torch.Size([64])	cuda:0	True
2021-04-20 19:20:00,479 - INFO - unit2.bn1.weight	torch.Size([32])	cuda:0	True
2021-04-20 19:20:00,479 - INFO - unit2.bn1.bias	torch.Size([32])	cuda:0	True
2021-04-20 19:20:00,479 - INFO - unit2.conv2.weight	torch.Size([64, 32, 3, 3])	cuda:0	True
2021-04-20 19:20:00,479 - INFO - unit2.conv2.bias	torch.Size([64])	cuda:0	True
2021-04-20 19:20:00,479 - INFO - unit2.bn2.weight	torch.Size([64])	cuda:0	True
2021-04-20 19:20:00,479 - INFO - unit2.bn2.bias	torch.Size([64])	cuda:0	True
2021-04-20 19:20:00,479 - INFO - unit2.conv3.weight	torch.Size([64, 64, 3, 3])	cuda:0	True
2021-04-20 19:20:00,479 - INFO - unit2.conv3.bias	torch.Size([64])	cuda:0	True
2021-04-20 19:20:00,479 - INFO - fc1.weight	torch.Size([276, 26496])	cuda:0	True
2021-04-20 19:20:00,479 - INFO - fc1.bias	torch.Size([276])	cuda:0	True
2021-04-20 19:20:00,479 - INFO - fc2.weight	torch.Size([276, 55])	cuda:0	True
2021-04-20 19:20:00,479 - INFO - fc2.bias	torch.Size([276])	cuda:0	True
2021-04-20 19:20:00,479 - INFO - lstm1.weight_ih_l0	torch.Size([512, 276])	cuda:0	True
2021-04-20 19:20:00,479 - INFO - lstm1.weight_hh_l0	torch.Size([512, 128])	cuda:0	True
2021-04-20 19:20:00,479 - INFO - lstm1.bias_ih_l0	torch.Size([512])	cuda:0	True
2021-04-20 19:20:00,480 - INFO - lstm1.bias_hh_l0	torch.Size([512])	cuda:0	True
2021-04-20 19:20:00,480 - INFO - lstm1.weight_ih_l1	torch.Size([512, 128])	cuda:0	True
2021-04-20 19:20:00,480 - INFO - lstm1.weight_hh_l1	torch.Size([512, 128])	cuda:0	True
2021-04-20 19:20:00,480 - INFO - lstm1.bias_ih_l1	torch.Size([512])	cuda:0	True
2021-04-20 19:20:00,480 - INFO - lstm1.bias_hh_l1	torch.Size([512])	cuda:0	True
2021-04-20 19:20:00,480 - INFO - lstm2.weight_ih_l0	torch.Size([1104, 128])	cuda:0	True
2021-04-20 19:20:00,480 - INFO - lstm2.weight_hh_l0	torch.Size([1104, 276])	cuda:0	True
2021-04-20 19:20:00,480 - INFO - lstm2.bias_ih_l0	torch.Size([1104])	cuda:0	True
2021-04-20 19:20:00,480 - INFO - lstm2.bias_hh_l0	torch.Size([1104])	cuda:0	True
2021-04-20 19:20:00,480 - INFO - lstm2.weight_ih_l1	torch.Size([1104, 276])	cuda:0	True
2021-04-20 19:20:00,480 - INFO - lstm2.weight_hh_l1	torch.Size([1104, 276])	cuda:0	True
2021-04-20 19:20:00,480 - INFO - lstm2.bias_ih_l1	torch.Size([1104])	cuda:0	True
2021-04-20 19:20:00,480 - INFO - lstm2.bias_hh_l1	torch.Size([1104])	cuda:0	True
2021-04-20 19:20:00,480 - INFO - fc3.weight	torch.Size([276, 276])	cuda:0	True
2021-04-20 19:20:00,480 - INFO - fc3.bias	torch.Size([276])	cuda:0	True
2021-04-20 19:20:00,481 - INFO - lstm3.weight_ih_l0	torch.Size([512, 276])	cuda:0	True
2021-04-20 19:20:00,481 - INFO - lstm3.weight_hh_l0	torch.Size([512, 128])	cuda:0	True
2021-04-20 19:20:00,481 - INFO - lstm3.bias_ih_l0	torch.Size([512])	cuda:0	True
2021-04-20 19:20:00,481 - INFO - lstm3.bias_hh_l0	torch.Size([512])	cuda:0	True
2021-04-20 19:20:00,491 - INFO - lstm3.weight_ih_l1	torch.Size([512, 128])	cuda:0	True
2021-04-20 19:20:00,491 - INFO - lstm3.weight_hh_l1	torch.Size([512, 128])	cuda:0	True
2021-04-20 19:20:00,491 - INFO - lstm3.bias_ih_l1	torch.Size([512])	cuda:0	True
2021-04-20 19:20:00,491 - INFO - lstm3.bias_hh_l1	torch.Size([512])	cuda:0	True
2021-04-20 19:20:00,491 - INFO - att.fc.weight	torch.Size([276, 1])	cuda:0	True
2021-04-20 19:20:00,491 - INFO - att.fc.bias	torch.Size([276])	cuda:0	True
2021-04-20 19:20:00,491 - INFO - fc_last.weight	torch.Size([276, 16384])	cuda:0	True
2021-04-20 19:20:00,491 - INFO - fc_last.bias	torch.Size([276])	cuda:0	True
2021-04-20 19:20:00,491 - INFO - Total parameter numbers: 13746292
2021-04-20 19:20:00,492 - INFO - Start training ...
2021-04-20 19:20:00,492 - INFO - num_batches:30
2021-04-20 19:20:03,015 - INFO - epoch complete!
2021-04-20 19:20:03,015 - INFO - evaluating now!
2021-04-20 19:20:03,170 - INFO - Epoch [0/150] train_loss: 19829105250.6667, val_loss: 269371212.8000, lr: 0.001000, 2.7s
2021-04-20 19:20:03,275 - INFO - Saved model at 0
2021-04-20 19:20:03,275 - INFO - Val loss decrease from inf to 269371212.8000, saving to ./trafficdl/cache/model_cache/ResLSTM_BEIJING SUBWAY_10MIN_epoch0.tar
2021-04-20 19:20:05,153 - INFO - epoch complete!
2021-04-20 19:20:05,153 - INFO - evaluating now!
2021-04-20 19:20:05,306 - INFO - Epoch [1/150] train_loss: 765321457.6000, val_loss: 213443180.8000, lr: 0.001000, 2.0s
2021-04-20 19:20:05,417 - INFO - Saved model at 1
2021-04-20 19:20:05,417 - INFO - Val loss decrease from 269371212.8000 to 213443180.8000, saving to ./trafficdl/cache/model_cache/ResLSTM_BEIJING SUBWAY_10MIN_epoch1.tar
2021-04-20 19:20:07,435 - INFO - epoch complete!
2021-04-20 19:20:07,435 - INFO - evaluating now!
2021-04-20 19:20:07,581 - INFO - Epoch [2/150] train_loss: 42250170.7000, val_loss: 4981454.2000, lr: 0.001000, 2.2s
2021-04-20 19:20:07,695 - INFO - Saved model at 2
2021-04-20 19:20:07,695 - INFO - Val loss decrease from 213443180.8000 to 4981454.2000, saving to ./trafficdl/cache/model_cache/ResLSTM_BEIJING SUBWAY_10MIN_epoch2.tar
2021-04-20 19:20:09,642 - INFO - epoch complete!
2021-04-20 19:20:09,642 - INFO - evaluating now!
2021-04-20 19:20:09,803 - INFO - Epoch [3/150] train_loss: 1899182.1333, val_loss: 360729.6188, lr: 0.001000, 2.1s
2021-04-20 19:20:09,907 - INFO - Saved model at 3
2021-04-20 19:20:09,907 - INFO - Val loss decrease from 4981454.2000 to 360729.6188, saving to ./trafficdl/cache/model_cache/ResLSTM_BEIJING SUBWAY_10MIN_epoch3.tar
2021-04-20 19:20:11,854 - INFO - epoch complete!
2021-04-20 19:20:11,854 - INFO - evaluating now!
2021-04-20 19:20:12,012 - INFO - Epoch [4/150] train_loss: 141405.8332, val_loss: 58395.2695, lr: 0.001000, 2.1s
2021-04-20 19:20:12,121 - INFO - Saved model at 4
2021-04-20 19:20:12,121 - INFO - Val loss decrease from 360729.6188 to 58395.2695, saving to ./trafficdl/cache/model_cache/ResLSTM_BEIJING SUBWAY_10MIN_epoch4.tar
2021-04-20 19:20:14,105 - INFO - epoch complete!
2021-04-20 19:20:14,106 - INFO - evaluating now!
2021-04-20 19:20:14,270 - INFO - Epoch [5/150] train_loss: 58414.4751, val_loss: 54484.2195, lr: 0.001000, 2.1s
2021-04-20 19:20:14,386 - INFO - Saved model at 5
2021-04-20 19:20:14,386 - INFO - Val loss decrease from 58395.2695 to 54484.2195, saving to ./trafficdl/cache/model_cache/ResLSTM_BEIJING SUBWAY_10MIN_epoch5.tar
2021-04-20 19:20:16,346 - INFO - epoch complete!
2021-04-20 19:20:16,346 - INFO - evaluating now!
2021-04-20 19:20:16,504 - INFO - Epoch [6/150] train_loss: 56115.2594, val_loss: 55571.7477, lr: 0.001000, 2.1s
2021-04-20 19:20:18,490 - INFO - epoch complete!
2021-04-20 19:20:18,490 - INFO - evaluating now!
2021-04-20 19:20:18,649 - INFO - Epoch [7/150] train_loss: 53548.5986, val_loss: 49205.1398, lr: 0.001000, 2.1s
2021-04-20 19:20:18,763 - INFO - Saved model at 7
2021-04-20 19:20:18,763 - INFO - Val loss decrease from 54484.2195 to 49205.1398, saving to ./trafficdl/cache/model_cache/ResLSTM_BEIJING SUBWAY_10MIN_epoch7.tar
2021-04-20 19:20:20,770 - INFO - epoch complete!
2021-04-20 19:20:20,771 - INFO - evaluating now!
2021-04-20 19:20:20,929 - INFO - Epoch [8/150] train_loss: 52421.8917, val_loss: 46970.8641, lr: 0.001000, 2.2s
2021-04-20 19:20:21,034 - INFO - Saved model at 8
2021-04-20 19:20:21,034 - INFO - Val loss decrease from 49205.1398 to 46970.8641, saving to ./trafficdl/cache/model_cache/ResLSTM_BEIJING SUBWAY_10MIN_epoch8.tar
2021-04-20 19:20:23,030 - INFO - epoch complete!
2021-04-20 19:20:23,030 - INFO - evaluating now!
2021-04-20 19:20:23,198 - INFO - Epoch [9/150] train_loss: 54787.0474, val_loss: 50559.7211, lr: 0.001000, 2.2s
2021-04-20 19:20:25,173 - INFO - epoch complete!
2021-04-20 19:20:25,174 - INFO - evaluating now!
2021-04-20 19:20:25,346 - INFO - Epoch [10/150] train_loss: 54570.6432, val_loss: 49804.0227, lr: 0.001000, 2.1s
2021-04-20 19:20:27,343 - INFO - epoch complete!
2021-04-20 19:20:27,343 - INFO - evaluating now!
2021-04-20 19:20:27,505 - INFO - Epoch [11/150] train_loss: 54417.2440, val_loss: 47016.4000, lr: 0.001000, 2.2s
2021-04-20 19:20:29,507 - INFO - epoch complete!
2021-04-20 19:20:29,507 - INFO - evaluating now!
2021-04-20 19:20:29,680 - INFO - Epoch [12/150] train_loss: 52456.6580, val_loss: 50022.8055, lr: 0.001000, 2.2s
2021-04-20 19:20:31,674 - INFO - epoch complete!
2021-04-20 19:20:31,675 - INFO - evaluating now!
2021-04-20 19:20:31,827 - INFO - Epoch [13/150] train_loss: 53715.9538, val_loss: 47243.2406, lr: 0.001000, 2.1s
2021-04-20 19:20:33,854 - INFO - epoch complete!
2021-04-20 19:20:33,854 - INFO - evaluating now!
2021-04-20 19:20:34,023 - INFO - Epoch [14/150] train_loss: 54378.8982, val_loss: 59633.6570, lr: 0.001000, 2.2s
2021-04-20 19:20:36,125 - INFO - epoch complete!
2021-04-20 19:20:36,125 - INFO - evaluating now!
2021-04-20 19:20:36,286 - INFO - Epoch [15/150] train_loss: 58585.4827, val_loss: 46847.1215, lr: 0.001000, 2.3s
2021-04-20 19:20:36,416 - INFO - Saved model at 15
2021-04-20 19:20:36,416 - INFO - Val loss decrease from 46970.8641 to 46847.1215, saving to ./trafficdl/cache/model_cache/ResLSTM_BEIJING SUBWAY_10MIN_epoch15.tar
2021-04-20 19:20:38,412 - INFO - epoch complete!
2021-04-20 19:20:38,413 - INFO - evaluating now!
2021-04-20 19:20:38,565 - INFO - Epoch [16/150] train_loss: 56349.6292, val_loss: 53189.8844, lr: 0.001000, 2.1s
2021-04-20 19:20:40,542 - INFO - epoch complete!
2021-04-20 19:20:40,542 - INFO - evaluating now!
2021-04-20 19:20:40,692 - INFO - Epoch [17/150] train_loss: 56728.6605, val_loss: 58188.3922, lr: 0.001000, 2.1s
2021-04-20 19:20:42,640 - INFO - epoch complete!
2021-04-20 19:20:42,640 - INFO - evaluating now!
2021-04-20 19:20:42,802 - INFO - Epoch [18/150] train_loss: 55148.5961, val_loss: 46990.4719, lr: 0.001000, 2.1s
2021-04-20 19:20:44,747 - INFO - epoch complete!
2021-04-20 19:20:44,747 - INFO - evaluating now!
2021-04-20 19:20:44,906 - INFO - Epoch [19/150] train_loss: 54123.4023, val_loss: 47321.8508, lr: 0.001000, 2.1s
2021-04-20 19:20:46,873 - INFO - epoch complete!
2021-04-20 19:20:46,873 - INFO - evaluating now!
2021-04-20 19:20:47,032 - INFO - Epoch [20/150] train_loss: 53965.0118, val_loss: 57645.5586, lr: 0.001000, 2.1s
2021-04-20 19:20:48,994 - INFO - epoch complete!
2021-04-20 19:20:48,995 - INFO - evaluating now!
2021-04-20 19:20:49,161 - INFO - Epoch [21/150] train_loss: 55133.8832, val_loss: 49998.3320, lr: 0.001000, 2.1s
2021-04-20 19:20:51,145 - INFO - epoch complete!
2021-04-20 19:20:51,145 - INFO - evaluating now!
2021-04-20 19:20:51,309 - INFO - Epoch [22/150] train_loss: 58409.8762, val_loss: 56483.7195, lr: 0.001000, 2.1s
2021-04-20 19:20:53,297 - INFO - epoch complete!
2021-04-20 19:20:53,297 - INFO - evaluating now!
2021-04-20 19:20:53,460 - INFO - Epoch [23/150] train_loss: 60378.3063, val_loss: 58105.4914, lr: 0.001000, 2.1s
2021-04-20 19:20:55,666 - INFO - epoch complete!
2021-04-20 19:20:55,667 - INFO - evaluating now!
2021-04-20 19:20:55,839 - INFO - Epoch [24/150] train_loss: 59509.5949, val_loss: 74671.5547, lr: 0.001000, 2.4s
2021-04-20 19:20:57,920 - INFO - epoch complete!
2021-04-20 19:20:57,921 - INFO - evaluating now!
2021-04-20 19:20:58,104 - INFO - Epoch [25/150] train_loss: 58147.7883, val_loss: 49681.5867, lr: 0.001000, 2.3s
2021-04-20 19:21:00,172 - INFO - epoch complete!
2021-04-20 19:21:00,172 - INFO - evaluating now!
2021-04-20 19:21:00,352 - INFO - Epoch [26/150] train_loss: 59050.7798, val_loss: 66840.3070, lr: 0.001000, 2.2s
2021-04-20 19:21:02,391 - INFO - epoch complete!
2021-04-20 19:21:02,392 - INFO - evaluating now!
2021-04-20 19:21:02,560 - INFO - Epoch [27/150] train_loss: 60250.9267, val_loss: 48081.7609, lr: 0.001000, 2.2s
2021-04-20 19:21:04,613 - INFO - epoch complete!
2021-04-20 19:21:04,613 - INFO - evaluating now!
2021-04-20 19:21:04,790 - INFO - Epoch [28/150] train_loss: 57104.3676, val_loss: 51284.0805, lr: 0.001000, 2.2s
2021-04-20 19:21:06,854 - INFO - epoch complete!
2021-04-20 19:21:06,854 - INFO - evaluating now!
2021-04-20 19:21:07,020 - INFO - Epoch [29/150] train_loss: 57080.9163, val_loss: 65515.9453, lr: 0.001000, 2.2s
2021-04-20 19:21:09,173 - INFO - epoch complete!
2021-04-20 19:21:09,173 - INFO - evaluating now!
2021-04-20 19:21:09,346 - INFO - Epoch [30/150] train_loss: 60551.4250, val_loss: 53062.0656, lr: 0.001000, 2.3s
2021-04-20 19:21:11,474 - INFO - epoch complete!
2021-04-20 19:21:11,474 - INFO - evaluating now!
2021-04-20 19:21:11,636 - INFO - Epoch [31/150] train_loss: 58412.8187, val_loss: 66630.5930, lr: 0.001000, 2.3s
2021-04-20 19:21:13,639 - INFO - epoch complete!
2021-04-20 19:21:13,639 - INFO - evaluating now!
2021-04-20 19:21:13,796 - INFO - Epoch [32/150] train_loss: 60448.8061, val_loss: 52498.3422, lr: 0.001000, 2.2s
2021-04-20 19:21:15,817 - INFO - epoch complete!
2021-04-20 19:21:15,817 - INFO - evaluating now!
2021-04-20 19:21:15,991 - INFO - Epoch [33/150] train_loss: 59927.9798, val_loss: 54087.8555, lr: 0.001000, 2.2s
2021-04-20 19:21:18,076 - INFO - epoch complete!
2021-04-20 19:21:18,076 - INFO - evaluating now!
2021-04-20 19:21:18,240 - INFO - Epoch [34/150] train_loss: 57583.3880, val_loss: 54449.5695, lr: 0.001000, 2.2s
2021-04-20 19:21:20,252 - INFO - epoch complete!
2021-04-20 19:21:20,252 - INFO - evaluating now!
2021-04-20 19:21:20,420 - INFO - Epoch [35/150] train_loss: 62746.4302, val_loss: 65592.8891, lr: 0.001000, 2.2s
2021-04-20 19:21:22,500 - INFO - epoch complete!
2021-04-20 19:21:22,500 - INFO - evaluating now!
2021-04-20 19:21:22,663 - INFO - Epoch [36/150] train_loss: 59835.3990, val_loss: 50283.0969, lr: 0.001000, 2.2s
2021-04-20 19:21:24,727 - INFO - epoch complete!
2021-04-20 19:21:24,727 - INFO - evaluating now!
2021-04-20 19:21:24,893 - INFO - Epoch [37/150] train_loss: 63117.8849, val_loss: 70250.5250, lr: 0.001000, 2.2s
2021-04-20 19:21:27,010 - INFO - epoch complete!
2021-04-20 19:21:27,011 - INFO - evaluating now!
2021-04-20 19:21:27,175 - INFO - Epoch [38/150] train_loss: 60349.3466, val_loss: 67839.9680, lr: 0.001000, 2.3s
2021-04-20 19:21:29,293 - INFO - epoch complete!
2021-04-20 19:21:29,293 - INFO - evaluating now!
2021-04-20 19:21:29,457 - INFO - Epoch [39/150] train_loss: 68260.3939, val_loss: 53642.6453, lr: 0.001000, 2.3s
2021-04-20 19:21:31,570 - INFO - epoch complete!
2021-04-20 19:21:31,570 - INFO - evaluating now!
2021-04-20 19:21:31,735 - INFO - Epoch [40/150] train_loss: 60278.1404, val_loss: 58531.3727, lr: 0.001000, 2.3s
2021-04-20 19:21:33,853 - INFO - epoch complete!
2021-04-20 19:21:33,854 - INFO - evaluating now!
2021-04-20 19:21:34,024 - INFO - Epoch [41/150] train_loss: 63785.6188, val_loss: 60581.8281, lr: 0.001000, 2.3s
2021-04-20 19:21:36,145 - INFO - epoch complete!
2021-04-20 19:21:36,145 - INFO - evaluating now!
2021-04-20 19:21:36,320 - INFO - Epoch [42/150] train_loss: 64874.5685, val_loss: 80666.5250, lr: 0.001000, 2.3s
2021-04-20 19:21:38,446 - INFO - epoch complete!
2021-04-20 19:21:38,446 - INFO - evaluating now!
2021-04-20 19:21:38,613 - INFO - Epoch [43/150] train_loss: 61463.1207, val_loss: 51364.0508, lr: 0.001000, 2.3s
2021-04-20 19:21:40,737 - INFO - epoch complete!
2021-04-20 19:21:40,737 - INFO - evaluating now!
2021-04-20 19:21:40,922 - INFO - Epoch [44/150] train_loss: 67306.6796, val_loss: 84731.4500, lr: 0.001000, 2.3s
2021-04-20 19:21:43,104 - INFO - epoch complete!
2021-04-20 19:21:43,104 - INFO - evaluating now!
2021-04-20 19:21:43,277 - INFO - Epoch [45/150] train_loss: 67553.7358, val_loss: 49415.5023, lr: 0.001000, 2.4s
2021-04-20 19:21:45,415 - INFO - epoch complete!
2021-04-20 19:21:45,415 - INFO - evaluating now!
2021-04-20 19:21:45,582 - INFO - Epoch [46/150] train_loss: 73755.3331, val_loss: 63151.9086, lr: 0.001000, 2.3s
2021-04-20 19:21:47,792 - INFO - epoch complete!
2021-04-20 19:21:47,792 - INFO - evaluating now!
2021-04-20 19:21:47,968 - INFO - Epoch [47/150] train_loss: 64556.0963, val_loss: 49814.2328, lr: 0.001000, 2.4s
2021-04-20 19:21:50,135 - INFO - epoch complete!
2021-04-20 19:21:50,135 - INFO - evaluating now!
2021-04-20 19:21:50,310 - INFO - Epoch [48/150] train_loss: 80999.3530, val_loss: 59268.4953, lr: 0.001000, 2.3s
2021-04-20 19:21:52,522 - INFO - epoch complete!
2021-04-20 19:21:52,523 - INFO - evaluating now!
2021-04-20 19:21:52,690 - INFO - Epoch [49/150] train_loss: 74961.5668, val_loss: 112918.8875, lr: 0.001000, 2.4s
2021-04-20 19:21:54,889 - INFO - epoch complete!
2021-04-20 19:21:54,889 - INFO - evaluating now!
2021-04-20 19:21:55,065 - INFO - Epoch [50/150] train_loss: 98773.7686, val_loss: 59555.2461, lr: 0.001000, 2.4s
2021-04-20 19:21:57,268 - INFO - epoch complete!
2021-04-20 19:21:57,269 - INFO - evaluating now!
2021-04-20 19:21:57,439 - INFO - Epoch [51/150] train_loss: 86196.6456, val_loss: 58851.0852, lr: 0.001000, 2.4s
2021-04-20 19:21:59,646 - INFO - epoch complete!
2021-04-20 19:21:59,646 - INFO - evaluating now!
2021-04-20 19:21:59,816 - INFO - Epoch [52/150] train_loss: 66136.4798, val_loss: 50071.4180, lr: 0.001000, 2.4s
2021-04-20 19:22:02,127 - INFO - epoch complete!
2021-04-20 19:22:02,127 - INFO - evaluating now!
2021-04-20 19:22:02,302 - INFO - Epoch [53/150] train_loss: 72130.3729, val_loss: 61572.0484, lr: 0.001000, 2.5s
2021-04-20 19:22:04,635 - INFO - epoch complete!
2021-04-20 19:22:04,635 - INFO - evaluating now!
2021-04-20 19:22:04,811 - INFO - Epoch [54/150] train_loss: 60699.9978, val_loss: 101522.9906, lr: 0.001000, 2.5s
2021-04-20 19:22:07,089 - INFO - epoch complete!
2021-04-20 19:22:07,089 - INFO - evaluating now!
2021-04-20 19:22:07,268 - INFO - Epoch [55/150] train_loss: 88223.6934, val_loss: 77243.8055, lr: 0.001000, 2.5s
2021-04-20 19:22:09,528 - INFO - epoch complete!
2021-04-20 19:22:09,528 - INFO - evaluating now!
2021-04-20 19:22:09,712 - INFO - Epoch [56/150] train_loss: 78244.8384, val_loss: 79708.0578, lr: 0.001000, 2.4s
2021-04-20 19:22:12,008 - INFO - epoch complete!
2021-04-20 19:22:12,009 - INFO - evaluating now!
2021-04-20 19:22:12,193 - INFO - Epoch [57/150] train_loss: 70356.9684, val_loss: 68853.1367, lr: 0.001000, 2.5s
2021-04-20 19:22:14,470 - INFO - epoch complete!
2021-04-20 19:22:14,470 - INFO - evaluating now!
2021-04-20 19:22:14,649 - INFO - Epoch [58/150] train_loss: 89048.7549, val_loss: 78176.5250, lr: 0.001000, 2.5s
2021-04-20 19:22:16,930 - INFO - epoch complete!
2021-04-20 19:22:16,931 - INFO - evaluating now!
2021-04-20 19:22:17,107 - INFO - Epoch [59/150] train_loss: 123782.5323, val_loss: 66805.0047, lr: 0.001000, 2.5s
2021-04-20 19:22:19,396 - INFO - epoch complete!
2021-04-20 19:22:19,396 - INFO - evaluating now!
2021-04-20 19:22:19,578 - INFO - Epoch [60/150] train_loss: 83399.5591, val_loss: 78142.8109, lr: 0.001000, 2.5s
2021-04-20 19:22:21,865 - INFO - epoch complete!
2021-04-20 19:22:21,865 - INFO - evaluating now!
2021-04-20 19:22:22,049 - INFO - Epoch [61/150] train_loss: 105739.9109, val_loss: 82479.0047, lr: 0.001000, 2.5s
2021-04-20 19:22:24,339 - INFO - epoch complete!
2021-04-20 19:22:24,339 - INFO - evaluating now!
2021-04-20 19:22:24,521 - INFO - Epoch [62/150] train_loss: 200493.7719, val_loss: 158852.4469, lr: 0.001000, 2.5s
2021-04-20 19:22:26,798 - INFO - epoch complete!
2021-04-20 19:22:26,798 - INFO - evaluating now!
2021-04-20 19:22:26,981 - INFO - Epoch [63/150] train_loss: 197754.7073, val_loss: 242869.8906, lr: 0.001000, 2.5s
2021-04-20 19:22:29,467 - INFO - epoch complete!
2021-04-20 19:22:29,467 - INFO - evaluating now!
2021-04-20 19:22:29,645 - INFO - Epoch [64/150] train_loss: 1241250.0065, val_loss: 4323773.3000, lr: 0.001000, 2.7s
2021-04-20 19:22:32,062 - INFO - epoch complete!
2021-04-20 19:22:32,062 - INFO - evaluating now!
2021-04-20 19:22:32,250 - INFO - Epoch [65/150] train_loss: 868649.9203, val_loss: 617334.4125, lr: 0.001000, 2.6s
2021-04-20 19:22:32,250 - WARNING - Early stopping at epoch: 65
2021-04-20 19:22:32,314 - INFO - Loaded model at 15
2021-04-20 19:22:32,321 - INFO - Saved model at ./trafficdl/cache/model_cache/ResLSTM_BEIJING SUBWAY_10MIN.m
2021-04-20 19:22:32,440 - INFO - Start evaluating ...
2021-04-20 19:22:33,022 - INFO - Evaluate result is {"MAE@1": 168.01992797851562, "MAPE@1": Infinity, "MSE@1": 92207.390625, "RMSE@1": 303.6567077636719, "masked_MAE@1": 178.3759002685547, "masked_MSE@1": 98057.78125, "masked_RMSE@1": 313.14178466796875, "masked_MAPE@1": 1.1980308294296265, "R2@1": -0.43718346648535555, "EVAR@1": -0.015886425971984863}
2021-04-20 19:22:33,022 - INFO - Evaluate result is saved at ./trafficdl/cache/evaluate_cache\2021_04_20_19_22_33_ResLSTM_BEIJING SUBWAY_10MIN.json
2021-04-20 19:22:33,030 - INFO - Evaluate result is saved at ./trafficdl/cache/evaluate_cache\2021_04_20_19_22_33_ResLSTM_BEIJING SUBWAY_10MIN.csv
2021-04-20 19:22:33,048 - INFO - 
          MAE  MAPE           MSE  ...  masked_MAPE        R2      EVAR
0  168.019928   inf  92207.390625  ...     1.198031 -0.437183 -0.015886

[1 rows x 10 columns]
