2021-05-01 18:12:32,054 - INFO - Log directory: ./trafficdl/log
2021-05-01 18:12:32,057 - INFO - Begin pipeline, task=traffic_state_pred, model_name=DMVST, dataset_name=NYCTaxi20160102
2021-05-01 18:12:38,646 - INFO - Loaded file NYCTAXI20160102.geo, num_grids=192, grid_size=(16, 12)
2021-05-01 18:12:38,648 - INFO - Generate grid rel file, shape=(192, 192)
2021-05-01 18:12:38,657 - INFO - Loading ./trafficdl/cache/dataset_cache/grid_based_NYCTaxi20160102_8_1_0.6_0.2_normal_64_False_False_True_True.npz
2021-05-01 18:12:38,929 - INFO - train	x: (1723, 8, 16, 12, 2)y: (1723, 1, 16, 12, 2)
2021-05-01 18:12:38,929 - INFO - eval	x: (575, 8, 16, 12, 2)y: (575, 1, 16, 12, 2)
2021-05-01 18:12:38,929 - INFO - test	x: (574, 8, 16, 12, 2)y: (574, 1, 16, 12, 2)
2021-05-01 18:12:38,937 - INFO - NormalScaler max: 1419.0
2021-05-01 18:13:21,936 - INFO - local_conv1.conv.weight	torch.Size([32, 2, 3, 3])	cpu	True
2021-05-01 18:13:21,936 - INFO - local_conv1.conv.bias	torch.Size([32])	cpu	True
2021-05-01 18:13:21,936 - INFO - local_conv1.batch.weight	torch.Size([32])	cpu	True
2021-05-01 18:13:21,936 - INFO - local_conv1.batch.bias	torch.Size([32])	cpu	True
2021-05-01 18:13:21,936 - INFO - local_conv2.conv.weight	torch.Size([32, 32, 3, 3])	cpu	True
2021-05-01 18:13:21,936 - INFO - local_conv2.conv.bias	torch.Size([32])	cpu	True
2021-05-01 18:13:21,936 - INFO - local_conv2.batch.weight	torch.Size([32])	cpu	True
2021-05-01 18:13:21,937 - INFO - local_conv2.batch.bias	torch.Size([32])	cpu	True
2021-05-01 18:13:21,937 - INFO - local_conv3.conv.weight	torch.Size([32, 32, 3, 3])	cpu	True
2021-05-01 18:13:21,937 - INFO - local_conv3.conv.bias	torch.Size([32])	cpu	True
2021-05-01 18:13:21,937 - INFO - local_conv3.batch.weight	torch.Size([32])	cpu	True
2021-05-01 18:13:21,937 - INFO - local_conv3.batch.bias	torch.Size([32])	cpu	True
2021-05-01 18:13:21,937 - INFO - fc1.weight	torch.Size([64, 2592])	cpu	True
2021-05-01 18:13:21,937 - INFO - fc1.bias	torch.Size([64])	cpu	True
2021-05-01 18:13:21,937 - INFO - Total parameter numbers: 185248
2021-05-01 18:13:21,938 - INFO - Start training ...
2021-05-01 18:13:21,938 - INFO - num_batches:27
2021-05-01 18:13:26,438 - WARNING - batch-1
2021-05-01 18:13:36,702 - WARNING - batch-2
2021-05-01 18:13:43,899 - WARNING - batch-3
2021-05-01 18:13:49,600 - WARNING - batch-4
2021-05-01 18:13:55,384 - WARNING - batch-5
2021-05-01 18:14:01,627 - WARNING - batch-6
2021-05-01 18:14:07,408 - WARNING - batch-7
2021-05-01 18:14:13,094 - WARNING - batch-8
2021-05-01 18:14:18,460 - WARNING - batch-9
2021-05-01 18:14:23,682 - WARNING - batch-10
2021-05-01 18:14:28,740 - WARNING - batch-11
2021-05-01 18:14:33,675 - WARNING - batch-12
2021-05-01 18:14:38,568 - WARNING - batch-13
2021-05-01 18:14:43,481 - WARNING - batch-14
2021-05-01 18:14:48,337 - WARNING - batch-15
2021-05-01 18:14:53,194 - WARNING - batch-16
2021-05-01 18:14:58,067 - WARNING - batch-17
2021-05-01 18:15:03,692 - WARNING - batch-18
2021-05-01 18:15:08,728 - WARNING - batch-19
2021-05-01 18:15:13,724 - WARNING - batch-20
2021-05-01 18:15:18,628 - WARNING - batch-21
2021-05-01 18:15:23,564 - WARNING - batch-22
2021-05-01 18:15:28,539 - WARNING - batch-23
2021-05-01 18:15:33,462 - WARNING - batch-24
2021-05-01 18:15:38,416 - WARNING - batch-25
2021-05-01 18:15:43,428 - WARNING - batch-26
2021-05-01 18:15:48,264 - WARNING - batch-27
2021-05-01 18:15:51,804 - INFO - epoch complete!
2021-05-01 18:15:51,807 - INFO - evaluating now!
2021-05-01 18:15:53,379 - WARNING - batch-28
2021-05-01 18:15:54,877 - WARNING - batch-29
2021-05-01 18:15:56,363 - WARNING - batch-30
2021-05-01 18:15:57,850 - WARNING - batch-31
2021-05-01 18:15:59,349 - WARNING - batch-32
2021-05-01 18:16:00,848 - WARNING - batch-33
2021-05-01 18:16:02,346 - WARNING - batch-34
2021-05-01 18:16:03,835 - WARNING - batch-35
2021-05-01 18:16:05,345 - WARNING - batch-36
2021-05-01 18:16:05,396 - INFO - Epoch [0/3] train_loss: inf, val_loss: 0.4246, lr: 0.010000, 163.4s
2021-05-01 18:16:05,692 - INFO - Saved model at 0
2021-05-01 18:16:05,692 - INFO - Val loss decrease from inf to 0.4246, saving to ./trafficdl/cache/model_cache/DMVST_NYCTaxi20160102_epoch0.tar
2021-05-01 18:16:07,305 - WARNING - batch-37
2021-05-01 18:16:12,186 - WARNING - batch-38
2021-05-01 18:16:17,052 - WARNING - batch-39
2021-05-01 18:16:21,941 - WARNING - batch-40
2021-05-01 18:16:26,797 - WARNING - batch-41
2021-05-01 18:16:31,709 - WARNING - batch-42
2021-05-01 18:16:36,636 - WARNING - batch-43
2021-05-01 18:16:41,502 - WARNING - batch-44
2021-05-01 18:16:46,439 - WARNING - batch-45
2021-05-01 18:16:51,300 - WARNING - batch-46
2021-05-01 18:16:56,132 - WARNING - batch-47
2021-05-01 18:17:00,962 - WARNING - batch-48
2021-05-01 18:17:05,868 - WARNING - batch-49
2021-05-01 18:17:10,820 - WARNING - batch-50
2021-05-01 18:17:15,705 - WARNING - batch-51
2021-05-01 18:17:20,604 - WARNING - batch-52
2021-05-01 18:17:25,449 - WARNING - batch-53
2021-05-01 18:17:30,314 - WARNING - batch-54
2021-05-01 18:17:35,258 - WARNING - batch-55
2021-05-01 18:17:40,113 - WARNING - batch-56
2021-05-01 18:17:45,026 - WARNING - batch-57
2021-05-01 18:17:49,874 - WARNING - batch-58
2021-05-01 18:17:54,700 - WARNING - batch-59
2021-05-01 18:17:59,553 - WARNING - batch-60
2021-05-01 18:18:04,388 - WARNING - batch-61
2021-05-01 18:18:09,199 - WARNING - batch-62
2021-05-01 18:18:14,056 - WARNING - batch-63
2021-05-01 18:18:17,409 - INFO - epoch complete!
2021-05-01 18:18:17,409 - INFO - evaluating now!
2021-05-01 18:18:18,902 - WARNING - batch-64
2021-05-01 18:18:20,424 - WARNING - batch-65
2021-05-01 18:18:21,966 - WARNING - batch-66
2021-05-01 18:18:23,417 - WARNING - batch-67
2021-05-01 18:18:24,956 - WARNING - batch-68
2021-05-01 18:18:26,437 - WARNING - batch-69
2021-05-01 18:18:28,045 - WARNING - batch-70
2021-05-01 18:18:29,662 - WARNING - batch-71
2021-05-01 18:18:31,203 - WARNING - batch-72
2021-05-01 18:18:31,204 - INFO - Epoch [1/3] train_loss: 0.4073, val_loss: 0.4246, lr: 0.010000, 145.5s
2021-05-01 18:18:32,750 - WARNING - batch-73
2021-05-01 18:18:37,589 - WARNING - batch-74
2021-05-01 18:18:42,429 - WARNING - batch-75
2021-05-01 18:18:47,235 - WARNING - batch-76
2021-05-01 18:18:52,105 - WARNING - batch-77
2021-05-01 18:18:56,980 - WARNING - batch-78
2021-05-01 18:19:01,865 - WARNING - batch-79
2021-05-01 18:19:06,704 - WARNING - batch-80
2021-05-01 18:19:11,545 - WARNING - batch-81
2021-05-01 18:19:16,535 - WARNING - batch-82
2021-05-01 18:19:21,786 - WARNING - batch-83
2021-05-01 18:19:26,655 - WARNING - batch-84
2021-05-01 18:19:31,528 - WARNING - batch-85
2021-05-01 18:19:36,328 - WARNING - batch-86
2021-05-01 18:19:41,169 - WARNING - batch-87
2021-05-01 18:19:45,999 - WARNING - batch-88
2021-05-01 18:19:50,790 - WARNING - batch-89
2021-05-01 18:19:55,547 - WARNING - batch-90
2021-05-01 18:20:00,383 - WARNING - batch-91
2021-05-01 18:20:05,474 - WARNING - batch-92
2021-05-01 18:20:10,264 - WARNING - batch-93
2021-05-01 18:20:15,083 - WARNING - batch-94
2021-05-01 18:20:19,943 - WARNING - batch-95
2021-05-01 18:20:24,777 - WARNING - batch-96
2021-05-01 18:20:29,658 - WARNING - batch-97
2021-05-01 18:20:34,403 - WARNING - batch-98
2021-05-01 18:20:39,171 - WARNING - batch-99
2021-05-01 18:20:42,506 - INFO - epoch complete!
2021-05-01 18:20:42,506 - INFO - evaluating now!
2021-05-01 18:20:44,019 - WARNING - batch-100
2021-05-01 18:20:45,458 - WARNING - batch-101
2021-05-01 18:20:46,935 - WARNING - batch-102
2021-05-01 18:20:48,414 - WARNING - batch-103
2021-05-01 18:20:49,892 - WARNING - batch-104
2021-05-01 18:20:51,412 - WARNING - batch-105
2021-05-01 18:20:52,886 - WARNING - batch-106
2021-05-01 18:20:54,369 - WARNING - batch-107
2021-05-01 18:20:55,839 - WARNING - batch-108
2021-05-01 18:20:55,841 - INFO - Epoch [2/3] train_loss: 0.4073, val_loss: 0.4246, lr: 0.010000, 144.6s
2021-05-01 18:20:55,981 - INFO - Loaded model at 0
2021-05-01 18:20:55,982 - INFO - Saved model at ./trafficdl/cache/model_cache/DMVST_NYCTaxi20160102.m
2021-05-01 18:20:56,024 - INFO - Start evaluating ...
2021-05-01 18:20:57,503 - WARNING - batch-109
2021-05-01 18:20:58,966 - WARNING - batch-110
2021-05-01 18:21:00,482 - WARNING - batch-111
2021-05-01 18:21:01,974 - WARNING - batch-112
2021-05-01 18:21:03,459 - WARNING - batch-113
2021-05-01 18:21:04,953 - WARNING - batch-114
2021-05-01 18:21:06,434 - WARNING - batch-115
2021-05-01 18:21:07,967 - WARNING - batch-116
2021-05-01 18:21:09,453 - WARNING - batch-117
