2021-04-27 13:17:00,966 - INFO - Log directory: ./trafficdl/log
2021-04-27 13:17:00,966 - INFO - Begin pipeline, task=traffic_state_pred, model_name=DSAN, dataset_name=bike
2021-04-27 13:18:04,125 - INFO - dsan.dae.convs.convs.0.0.weight	torch.Size([64, 4, 3, 3])	cuda:0	True
2021-04-27 13:18:04,128 - INFO - dsan.dae.convs.convs.0.0.bias	torch.Size([64])	cuda:0	True
2021-04-27 13:18:04,128 - INFO - dsan.dae.convs.convs.0.1.weight	torch.Size([64, 4, 3, 3])	cuda:0	True
2021-04-27 13:18:04,128 - INFO - dsan.dae.convs.convs.0.1.bias	torch.Size([64])	cuda:0	True
2021-04-27 13:18:04,128 - INFO - dsan.dae.convs.convs.0.2.weight	torch.Size([64, 4, 3, 3])	cuda:0	True
2021-04-27 13:18:04,128 - INFO - dsan.dae.convs.convs.0.2.bias	torch.Size([64])	cuda:0	True
2021-04-27 13:18:04,128 - INFO - dsan.dae.convs.convs.0.3.weight	torch.Size([64, 4, 3, 3])	cuda:0	True
2021-04-27 13:18:04,128 - INFO - dsan.dae.convs.convs.0.3.bias	torch.Size([64])	cuda:0	True
2021-04-27 13:18:04,128 - INFO - dsan.dae.convs.convs.0.4.weight	torch.Size([64, 4, 3, 3])	cuda:0	True
2021-04-27 13:18:04,128 - INFO - dsan.dae.convs.convs.0.4.bias	torch.Size([64])	cuda:0	True
2021-04-27 13:18:04,128 - INFO - dsan.dae.convs.convs.1.0.weight	torch.Size([64, 64, 3, 3])	cuda:0	True
2021-04-27 13:18:04,128 - INFO - dsan.dae.convs.convs.1.0.bias	torch.Size([64])	cuda:0	True
2021-04-27 13:18:04,128 - INFO - dsan.dae.convs.convs.1.1.weight	torch.Size([64, 64, 3, 3])	cuda:0	True
2021-04-27 13:18:04,128 - INFO - dsan.dae.convs.convs.1.1.bias	torch.Size([64])	cuda:0	True
2021-04-27 13:18:04,128 - INFO - dsan.dae.convs.convs.1.2.weight	torch.Size([64, 64, 3, 3])	cuda:0	True
2021-04-27 13:18:04,128 - INFO - dsan.dae.convs.convs.1.2.bias	torch.Size([64])	cuda:0	True
2021-04-27 13:18:04,128 - INFO - dsan.dae.convs.convs.1.3.weight	torch.Size([64, 64, 3, 3])	cuda:0	True
2021-04-27 13:18:04,129 - INFO - dsan.dae.convs.convs.1.3.bias	torch.Size([64])	cuda:0	True
2021-04-27 13:18:04,129 - INFO - dsan.dae.convs.convs.1.4.weight	torch.Size([64, 64, 3, 3])	cuda:0	True
2021-04-27 13:18:04,129 - INFO - dsan.dae.convs.convs.1.4.bias	torch.Size([64])	cuda:0	True
2021-04-27 13:18:04,129 - INFO - dsan.dae.convs.convs.2.0.weight	torch.Size([64, 64, 3, 3])	cuda:0	True
2021-04-27 13:18:04,129 - INFO - dsan.dae.convs.convs.2.0.bias	torch.Size([64])	cuda:0	True
2021-04-27 13:18:04,129 - INFO - dsan.dae.convs.convs.2.1.weight	torch.Size([64, 64, 3, 3])	cuda:0	True
2021-04-27 13:18:04,129 - INFO - dsan.dae.convs.convs.2.1.bias	torch.Size([64])	cuda:0	True
2021-04-27 13:18:04,129 - INFO - dsan.dae.convs.convs.2.2.weight	torch.Size([64, 64, 3, 3])	cuda:0	True
2021-04-27 13:18:04,129 - INFO - dsan.dae.convs.convs.2.2.bias	torch.Size([64])	cuda:0	True
2021-04-27 13:18:04,129 - INFO - dsan.dae.convs.convs.2.3.weight	torch.Size([64, 64, 3, 3])	cuda:0	True
2021-04-27 13:18:04,129 - INFO - dsan.dae.convs.convs.2.3.bias	torch.Size([64])	cuda:0	True
2021-04-27 13:18:04,129 - INFO - dsan.dae.convs.convs.2.4.weight	torch.Size([64, 64, 3, 3])	cuda:0	True
2021-04-27 13:18:04,129 - INFO - dsan.dae.convs.convs.2.4.bias	torch.Size([64])	cuda:0	True
2021-04-27 13:18:04,129 - INFO - dsan.dae.convs_g.convs.0.0.weight	torch.Size([64, 4, 3, 3])	cuda:0	True
2021-04-27 13:18:04,129 - INFO - dsan.dae.convs_g.convs.0.0.bias	torch.Size([64])	cuda:0	True
2021-04-27 13:18:04,129 - INFO - dsan.dae.convs_g.convs.0.1.weight	torch.Size([64, 4, 3, 3])	cuda:0	True
2021-04-27 13:18:04,129 - INFO - dsan.dae.convs_g.convs.0.1.bias	torch.Size([64])	cuda:0	True
2021-04-27 13:18:04,129 - INFO - dsan.dae.convs_g.convs.0.2.weight	torch.Size([64, 4, 3, 3])	cuda:0	True
2021-04-27 13:18:04,130 - INFO - dsan.dae.convs_g.convs.0.2.bias	torch.Size([64])	cuda:0	True
2021-04-27 13:18:04,130 - INFO - dsan.dae.convs_g.convs.0.3.weight	torch.Size([64, 4, 3, 3])	cuda:0	True
2021-04-27 13:18:04,130 - INFO - dsan.dae.convs_g.convs.0.3.bias	torch.Size([64])	cuda:0	True
2021-04-27 13:18:04,130 - INFO - dsan.dae.convs_g.convs.0.4.weight	torch.Size([64, 4, 3, 3])	cuda:0	True
2021-04-27 13:18:04,130 - INFO - dsan.dae.convs_g.convs.0.4.bias	torch.Size([64])	cuda:0	True
2021-04-27 13:18:04,130 - INFO - dsan.dae.convs_g.convs.1.0.weight	torch.Size([64, 64, 3, 3])	cuda:0	True
2021-04-27 13:18:04,130 - INFO - dsan.dae.convs_g.convs.1.0.bias	torch.Size([64])	cuda:0	True
2021-04-27 13:18:04,130 - INFO - dsan.dae.convs_g.convs.1.1.weight	torch.Size([64, 64, 3, 3])	cuda:0	True
2021-04-27 13:18:04,130 - INFO - dsan.dae.convs_g.convs.1.1.bias	torch.Size([64])	cuda:0	True
2021-04-27 13:18:04,130 - INFO - dsan.dae.convs_g.convs.1.2.weight	torch.Size([64, 64, 3, 3])	cuda:0	True
2021-04-27 13:18:04,130 - INFO - dsan.dae.convs_g.convs.1.2.bias	torch.Size([64])	cuda:0	True
2021-04-27 13:18:04,130 - INFO - dsan.dae.convs_g.convs.1.3.weight	torch.Size([64, 64, 3, 3])	cuda:0	True
2021-04-27 13:18:04,130 - INFO - dsan.dae.convs_g.convs.1.3.bias	torch.Size([64])	cuda:0	True
2021-04-27 13:18:04,130 - INFO - dsan.dae.convs_g.convs.1.4.weight	torch.Size([64, 64, 3, 3])	cuda:0	True
2021-04-27 13:18:04,130 - INFO - dsan.dae.convs_g.convs.1.4.bias	torch.Size([64])	cuda:0	True
2021-04-27 13:18:04,130 - INFO - dsan.dae.convs_g.convs.2.0.weight	torch.Size([64, 64, 3, 3])	cuda:0	True
2021-04-27 13:18:04,130 - INFO - dsan.dae.convs_g.convs.2.0.bias	torch.Size([64])	cuda:0	True
2021-04-27 13:18:04,130 - INFO - dsan.dae.convs_g.convs.2.1.weight	torch.Size([64, 64, 3, 3])	cuda:0	True
2021-04-27 13:18:04,131 - INFO - dsan.dae.convs_g.convs.2.1.bias	torch.Size([64])	cuda:0	True
2021-04-27 13:18:04,131 - INFO - dsan.dae.convs_g.convs.2.2.weight	torch.Size([64, 64, 3, 3])	cuda:0	True
2021-04-27 13:18:04,131 - INFO - dsan.dae.convs_g.convs.2.2.bias	torch.Size([64])	cuda:0	True
2021-04-27 13:18:04,131 - INFO - dsan.dae.convs_g.convs.2.3.weight	torch.Size([64, 64, 3, 3])	cuda:0	True
2021-04-27 13:18:04,131 - INFO - dsan.dae.convs_g.convs.2.3.bias	torch.Size([64])	cuda:0	True
2021-04-27 13:18:04,131 - INFO - dsan.dae.convs_g.convs.2.4.weight	torch.Size([64, 64, 3, 3])	cuda:0	True
2021-04-27 13:18:04,131 - INFO - dsan.dae.convs_g.convs.2.4.bias	torch.Size([64])	cuda:0	True
2021-04-27 13:18:04,131 - INFO - dsan.dae.ex_encoder.0.weight	torch.Size([256, 65])	cuda:0	True
2021-04-27 13:18:04,131 - INFO - dsan.dae.ex_encoder.0.bias	torch.Size([256])	cuda:0	True
2021-04-27 13:18:04,131 - INFO - dsan.dae.ex_encoder.2.weight	torch.Size([64, 256])	cuda:0	True
2021-04-27 13:18:04,131 - INFO - dsan.dae.ex_encoder.2.bias	torch.Size([64])	cuda:0	True
2021-04-27 13:18:04,131 - INFO - dsan.dae.ex_encoder_g.0.weight	torch.Size([256, 65])	cuda:0	True
2021-04-27 13:18:04,131 - INFO - dsan.dae.ex_encoder_g.0.bias	torch.Size([256])	cuda:0	True
2021-04-27 13:18:04,131 - INFO - dsan.dae.ex_encoder_g.2.weight	torch.Size([64, 256])	cuda:0	True
2021-04-27 13:18:04,131 - INFO - dsan.dae.ex_encoder_g.2.bias	torch.Size([64])	cuda:0	True
2021-04-27 13:18:04,131 - INFO - dsan.dae.enc_g.0.msa.wx.weight	torch.Size([192, 64])	cuda:0	True
2021-04-27 13:18:04,132 - INFO - dsan.dae.enc_g.0.msa.wx.bias	torch.Size([192])	cuda:0	True
2021-04-27 13:18:04,132 - INFO - dsan.dae.enc_g.0.msa.wo.weight	torch.Size([64, 64])	cuda:0	True
2021-04-27 13:18:04,132 - INFO - dsan.dae.enc_g.0.msa.wo.bias	torch.Size([64])	cuda:0	True
2021-04-27 13:18:04,132 - INFO - dsan.dae.enc_g.0.ffn.0.weight	torch.Size([256, 64])	cuda:0	True
2021-04-27 13:18:04,132 - INFO - dsan.dae.enc_g.0.ffn.0.bias	torch.Size([256])	cuda:0	True
2021-04-27 13:18:04,132 - INFO - dsan.dae.enc_g.0.ffn.2.weight	torch.Size([64, 256])	cuda:0	True
2021-04-27 13:18:04,132 - INFO - dsan.dae.enc_g.0.ffn.2.bias	torch.Size([64])	cuda:0	True
2021-04-27 13:18:04,132 - INFO - dsan.dae.enc_g.0.layernorm1.weight	torch.Size([64])	cuda:0	True
2021-04-27 13:18:04,132 - INFO - dsan.dae.enc_g.0.layernorm1.bias	torch.Size([64])	cuda:0	True
2021-04-27 13:18:04,132 - INFO - dsan.dae.enc_g.0.layernorm2.weight	torch.Size([64])	cuda:0	True
2021-04-27 13:18:04,132 - INFO - dsan.dae.enc_g.0.layernorm2.bias	torch.Size([64])	cuda:0	True
2021-04-27 13:18:04,132 - INFO - dsan.dae.enc_g.1.msa.wx.weight	torch.Size([192, 64])	cuda:0	True
2021-04-27 13:18:04,132 - INFO - dsan.dae.enc_g.1.msa.wx.bias	torch.Size([192])	cuda:0	True
2021-04-27 13:18:04,132 - INFO - dsan.dae.enc_g.1.msa.wo.weight	torch.Size([64, 64])	cuda:0	True
2021-04-27 13:18:04,132 - INFO - dsan.dae.enc_g.1.msa.wo.bias	torch.Size([64])	cuda:0	True
2021-04-27 13:18:04,132 - INFO - dsan.dae.enc_g.1.ffn.0.weight	torch.Size([256, 64])	cuda:0	True
2021-04-27 13:18:04,132 - INFO - dsan.dae.enc_g.1.ffn.0.bias	torch.Size([256])	cuda:0	True
2021-04-27 13:18:04,132 - INFO - dsan.dae.enc_g.1.ffn.2.weight	torch.Size([64, 256])	cuda:0	True
2021-04-27 13:18:04,133 - INFO - dsan.dae.enc_g.1.ffn.2.bias	torch.Size([64])	cuda:0	True
2021-04-27 13:18:04,133 - INFO - dsan.dae.enc_g.1.layernorm1.weight	torch.Size([64])	cuda:0	True
2021-04-27 13:18:04,133 - INFO - dsan.dae.enc_g.1.layernorm1.bias	torch.Size([64])	cuda:0	True
2021-04-27 13:18:04,133 - INFO - dsan.dae.enc_g.1.layernorm2.weight	torch.Size([64])	cuda:0	True
2021-04-27 13:18:04,133 - INFO - dsan.dae.enc_g.1.layernorm2.bias	torch.Size([64])	cuda:0	True
2021-04-27 13:18:04,133 - INFO - dsan.dae.enc_g.2.msa.wx.weight	torch.Size([192, 64])	cuda:0	True
2021-04-27 13:18:04,133 - INFO - dsan.dae.enc_g.2.msa.wx.bias	torch.Size([192])	cuda:0	True
2021-04-27 13:18:04,133 - INFO - dsan.dae.enc_g.2.msa.wo.weight	torch.Size([64, 64])	cuda:0	True
2021-04-27 13:18:04,133 - INFO - dsan.dae.enc_g.2.msa.wo.bias	torch.Size([64])	cuda:0	True
2021-04-27 13:18:04,133 - INFO - dsan.dae.enc_g.2.ffn.0.weight	torch.Size([256, 64])	cuda:0	True
2021-04-27 13:18:04,133 - INFO - dsan.dae.enc_g.2.ffn.0.bias	torch.Size([256])	cuda:0	True
2021-04-27 13:18:04,133 - INFO - dsan.dae.enc_g.2.ffn.2.weight	torch.Size([64, 256])	cuda:0	True
2021-04-27 13:18:04,133 - INFO - dsan.dae.enc_g.2.ffn.2.bias	torch.Size([64])	cuda:0	True
2021-04-27 13:18:04,133 - INFO - dsan.dae.enc_g.2.layernorm1.weight	torch.Size([64])	cuda:0	True
2021-04-27 13:18:04,133 - INFO - dsan.dae.enc_g.2.layernorm1.bias	torch.Size([64])	cuda:0	True
2021-04-27 13:18:04,133 - INFO - dsan.dae.enc_g.2.layernorm2.weight	torch.Size([64])	cuda:0	True
2021-04-27 13:18:04,133 - INFO - dsan.dae.enc_g.2.layernorm2.bias	torch.Size([64])	cuda:0	True
2021-04-27 13:18:04,133 - INFO - dsan.dae.enc_l.0.msa1.wx.weight	torch.Size([192, 64])	cuda:0	True
2021-04-27 13:18:04,134 - INFO - dsan.dae.enc_l.0.msa1.wx.bias	torch.Size([192])	cuda:0	True
2021-04-27 13:18:04,134 - INFO - dsan.dae.enc_l.0.msa1.wo.weight	torch.Size([64, 64])	cuda:0	True
2021-04-27 13:18:04,134 - INFO - dsan.dae.enc_l.0.msa1.wo.bias	torch.Size([64])	cuda:0	True
2021-04-27 13:18:04,134 - INFO - dsan.dae.enc_l.0.msa2.wq.weight	torch.Size([64, 64])	cuda:0	True
2021-04-27 13:18:04,134 - INFO - dsan.dae.enc_l.0.msa2.wq.bias	torch.Size([64])	cuda:0	True
2021-04-27 13:18:04,134 - INFO - dsan.dae.enc_l.0.msa2.wkv.weight	torch.Size([128, 64])	cuda:0	True
2021-04-27 13:18:04,134 - INFO - dsan.dae.enc_l.0.msa2.wkv.bias	torch.Size([128])	cuda:0	True
2021-04-27 13:18:04,134 - INFO - dsan.dae.enc_l.0.msa2.wo.weight	torch.Size([64, 64])	cuda:0	True
2021-04-27 13:18:04,134 - INFO - dsan.dae.enc_l.0.msa2.wo.bias	torch.Size([64])	cuda:0	True
2021-04-27 13:18:04,134 - INFO - dsan.dae.enc_l.0.ffn.0.weight	torch.Size([256, 64])	cuda:0	True
2021-04-27 13:18:04,134 - INFO - dsan.dae.enc_l.0.ffn.0.bias	torch.Size([256])	cuda:0	True
2021-04-27 13:18:04,134 - INFO - dsan.dae.enc_l.0.ffn.2.weight	torch.Size([64, 256])	cuda:0	True
2021-04-27 13:18:04,134 - INFO - dsan.dae.enc_l.0.ffn.2.bias	torch.Size([64])	cuda:0	True
2021-04-27 13:18:04,134 - INFO - dsan.dae.enc_l.0.layernorm1.weight	torch.Size([64])	cuda:0	True
2021-04-27 13:18:04,134 - INFO - dsan.dae.enc_l.0.layernorm1.bias	torch.Size([64])	cuda:0	True
2021-04-27 13:18:04,134 - INFO - dsan.dae.enc_l.0.layernorm2.weight	torch.Size([64])	cuda:0	True
2021-04-27 13:18:04,134 - INFO - dsan.dae.enc_l.0.layernorm2.bias	torch.Size([64])	cuda:0	True
2021-04-27 13:18:04,134 - INFO - dsan.dae.enc_l.0.layernorm3.weight	torch.Size([64])	cuda:0	True
2021-04-27 13:18:04,134 - INFO - dsan.dae.enc_l.0.layernorm3.bias	torch.Size([64])	cuda:0	True
2021-04-27 13:18:04,135 - INFO - dsan.dae.enc_l.1.msa1.wx.weight	torch.Size([192, 64])	cuda:0	True
2021-04-27 13:18:04,135 - INFO - dsan.dae.enc_l.1.msa1.wx.bias	torch.Size([192])	cuda:0	True
2021-04-27 13:18:04,135 - INFO - dsan.dae.enc_l.1.msa1.wo.weight	torch.Size([64, 64])	cuda:0	True
2021-04-27 13:18:04,135 - INFO - dsan.dae.enc_l.1.msa1.wo.bias	torch.Size([64])	cuda:0	True
2021-04-27 13:18:04,135 - INFO - dsan.dae.enc_l.1.msa2.wq.weight	torch.Size([64, 64])	cuda:0	True
2021-04-27 13:18:04,135 - INFO - dsan.dae.enc_l.1.msa2.wq.bias	torch.Size([64])	cuda:0	True
2021-04-27 13:18:04,135 - INFO - dsan.dae.enc_l.1.msa2.wkv.weight	torch.Size([128, 64])	cuda:0	True
2021-04-27 13:18:04,135 - INFO - dsan.dae.enc_l.1.msa2.wkv.bias	torch.Size([128])	cuda:0	True
2021-04-27 13:18:04,135 - INFO - dsan.dae.enc_l.1.msa2.wo.weight	torch.Size([64, 64])	cuda:0	True
2021-04-27 13:18:04,135 - INFO - dsan.dae.enc_l.1.msa2.wo.bias	torch.Size([64])	cuda:0	True
2021-04-27 13:18:04,135 - INFO - dsan.dae.enc_l.1.ffn.0.weight	torch.Size([256, 64])	cuda:0	True
2021-04-27 13:18:04,135 - INFO - dsan.dae.enc_l.1.ffn.0.bias	torch.Size([256])	cuda:0	True
2021-04-27 13:18:04,135 - INFO - dsan.dae.enc_l.1.ffn.2.weight	torch.Size([64, 256])	cuda:0	True
2021-04-27 13:18:04,135 - INFO - dsan.dae.enc_l.1.ffn.2.bias	torch.Size([64])	cuda:0	True
2021-04-27 13:18:04,135 - INFO - dsan.dae.enc_l.1.layernorm1.weight	torch.Size([64])	cuda:0	True
2021-04-27 13:18:04,135 - INFO - dsan.dae.enc_l.1.layernorm1.bias	torch.Size([64])	cuda:0	True
2021-04-27 13:18:04,135 - INFO - dsan.dae.enc_l.1.layernorm2.weight	torch.Size([64])	cuda:0	True
2021-04-27 13:18:04,135 - INFO - dsan.dae.enc_l.1.layernorm2.bias	torch.Size([64])	cuda:0	True
2021-04-27 13:18:04,136 - INFO - dsan.dae.enc_l.1.layernorm3.weight	torch.Size([64])	cuda:0	True
2021-04-27 13:18:04,136 - INFO - dsan.dae.enc_l.1.layernorm3.bias	torch.Size([64])	cuda:0	True
2021-04-27 13:18:04,136 - INFO - dsan.dae.enc_l.2.msa1.wx.weight	torch.Size([192, 64])	cuda:0	True
2021-04-27 13:18:04,136 - INFO - dsan.dae.enc_l.2.msa1.wx.bias	torch.Size([192])	cuda:0	True
2021-04-27 13:18:04,136 - INFO - dsan.dae.enc_l.2.msa1.wo.weight	torch.Size([64, 64])	cuda:0	True
2021-04-27 13:18:04,136 - INFO - dsan.dae.enc_l.2.msa1.wo.bias	torch.Size([64])	cuda:0	True
2021-04-27 13:18:04,136 - INFO - dsan.dae.enc_l.2.msa2.wq.weight	torch.Size([64, 64])	cuda:0	True
2021-04-27 13:18:04,136 - INFO - dsan.dae.enc_l.2.msa2.wq.bias	torch.Size([64])	cuda:0	True
2021-04-27 13:18:04,136 - INFO - dsan.dae.enc_l.2.msa2.wkv.weight	torch.Size([128, 64])	cuda:0	True
2021-04-27 13:18:04,136 - INFO - dsan.dae.enc_l.2.msa2.wkv.bias	torch.Size([128])	cuda:0	True
2021-04-27 13:18:04,136 - INFO - dsan.dae.enc_l.2.msa2.wo.weight	torch.Size([64, 64])	cuda:0	True
2021-04-27 13:18:04,136 - INFO - dsan.dae.enc_l.2.msa2.wo.bias	torch.Size([64])	cuda:0	True
2021-04-27 13:18:04,136 - INFO - dsan.dae.enc_l.2.ffn.0.weight	torch.Size([256, 64])	cuda:0	True
2021-04-27 13:18:04,136 - INFO - dsan.dae.enc_l.2.ffn.0.bias	torch.Size([256])	cuda:0	True
2021-04-27 13:18:04,136 - INFO - dsan.dae.enc_l.2.ffn.2.weight	torch.Size([64, 256])	cuda:0	True
2021-04-27 13:18:04,136 - INFO - dsan.dae.enc_l.2.ffn.2.bias	torch.Size([64])	cuda:0	True
2021-04-27 13:18:04,136 - INFO - dsan.dae.enc_l.2.layernorm1.weight	torch.Size([64])	cuda:0	True
2021-04-27 13:18:04,136 - INFO - dsan.dae.enc_l.2.layernorm1.bias	torch.Size([64])	cuda:0	True
2021-04-27 13:18:04,136 - INFO - dsan.dae.enc_l.2.layernorm2.weight	torch.Size([64])	cuda:0	True
2021-04-27 13:18:04,137 - INFO - dsan.dae.enc_l.2.layernorm2.bias	torch.Size([64])	cuda:0	True
2021-04-27 13:18:04,137 - INFO - dsan.dae.enc_l.2.layernorm3.weight	torch.Size([64])	cuda:0	True
2021-04-27 13:18:04,137 - INFO - dsan.dae.enc_l.2.layernorm3.bias	torch.Size([64])	cuda:0	True
2021-04-27 13:18:04,137 - INFO - dsan.sad.ex_encoder.0.weight	torch.Size([256, 65])	cuda:0	True
2021-04-27 13:18:04,137 - INFO - dsan.sad.ex_encoder.0.bias	torch.Size([256])	cuda:0	True
2021-04-27 13:18:04,137 - INFO - dsan.sad.ex_encoder.2.weight	torch.Size([64, 256])	cuda:0	True
2021-04-27 13:18:04,137 - INFO - dsan.sad.ex_encoder.2.bias	torch.Size([64])	cuda:0	True
2021-04-27 13:18:04,137 - INFO - dsan.sad.li_conv.linear.weight	torch.Size([64, 2])	cuda:0	True
2021-04-27 13:18:04,137 - INFO - dsan.sad.li_conv.linear.bias	torch.Size([64])	cuda:0	True
2021-04-27 13:18:04,137 - INFO - dsan.sad.li_conv.linear0.weight	torch.Size([64, 64])	cuda:0	True
2021-04-27 13:18:04,137 - INFO - dsan.sad.li_conv.linear0.bias	torch.Size([64])	cuda:0	True
2021-04-27 13:18:04,137 - INFO - dsan.sad.li_conv.linear1.weight	torch.Size([64, 64])	cuda:0	True
2021-04-27 13:18:04,137 - INFO - dsan.sad.li_conv.linear1.bias	torch.Size([64])	cuda:0	True
2021-04-27 13:18:04,137 - INFO - dsan.sad.dec_s.0.msa1.wx.weight	torch.Size([192, 64])	cuda:0	True
2021-04-27 13:18:04,137 - INFO - dsan.sad.dec_s.0.msa1.wx.bias	torch.Size([192])	cuda:0	True
2021-04-27 13:18:04,137 - INFO - dsan.sad.dec_s.0.msa1.wo.weight	torch.Size([64, 64])	cuda:0	True
2021-04-27 13:18:04,137 - INFO - dsan.sad.dec_s.0.msa1.wo.bias	torch.Size([64])	cuda:0	True
2021-04-27 13:18:04,138 - INFO - dsan.sad.dec_s.0.msa2.wq.weight	torch.Size([64, 64])	cuda:0	True
2021-04-27 13:18:04,138 - INFO - dsan.sad.dec_s.0.msa2.wq.bias	torch.Size([64])	cuda:0	True
2021-04-27 13:18:04,138 - INFO - dsan.sad.dec_s.0.msa2.wkv.weight	torch.Size([128, 64])	cuda:0	True
2021-04-27 13:18:04,138 - INFO - dsan.sad.dec_s.0.msa2.wkv.bias	torch.Size([128])	cuda:0	True
2021-04-27 13:18:04,138 - INFO - dsan.sad.dec_s.0.msa2.wo.weight	torch.Size([64, 64])	cuda:0	True
2021-04-27 13:18:04,138 - INFO - dsan.sad.dec_s.0.msa2.wo.bias	torch.Size([64])	cuda:0	True
2021-04-27 13:18:04,138 - INFO - dsan.sad.dec_s.0.ffn.0.weight	torch.Size([256, 64])	cuda:0	True
2021-04-27 13:18:04,138 - INFO - dsan.sad.dec_s.0.ffn.0.bias	torch.Size([256])	cuda:0	True
2021-04-27 13:18:04,138 - INFO - dsan.sad.dec_s.0.ffn.2.weight	torch.Size([64, 256])	cuda:0	True
2021-04-27 13:18:04,138 - INFO - dsan.sad.dec_s.0.ffn.2.bias	torch.Size([64])	cuda:0	True
2021-04-27 13:18:04,138 - INFO - dsan.sad.dec_s.0.layernorm1.weight	torch.Size([64])	cuda:0	True
2021-04-27 13:18:04,138 - INFO - dsan.sad.dec_s.0.layernorm1.bias	torch.Size([64])	cuda:0	True
2021-04-27 13:18:04,138 - INFO - dsan.sad.dec_s.0.layernorm2.weight	torch.Size([64])	cuda:0	True
2021-04-27 13:18:04,138 - INFO - dsan.sad.dec_s.0.layernorm2.bias	torch.Size([64])	cuda:0	True
2021-04-27 13:18:04,138 - INFO - dsan.sad.dec_s.0.layernorm3.weight	torch.Size([64])	cuda:0	True
2021-04-27 13:18:04,138 - INFO - dsan.sad.dec_s.0.layernorm3.bias	torch.Size([64])	cuda:0	True
2021-04-27 13:18:04,138 - INFO - dsan.sad.dec_s.1.msa1.wx.weight	torch.Size([192, 64])	cuda:0	True
2021-04-27 13:18:04,138 - INFO - dsan.sad.dec_s.1.msa1.wx.bias	torch.Size([192])	cuda:0	True
2021-04-27 13:18:04,138 - INFO - dsan.sad.dec_s.1.msa1.wo.weight	torch.Size([64, 64])	cuda:0	True
2021-04-27 13:18:04,139 - INFO - dsan.sad.dec_s.1.msa1.wo.bias	torch.Size([64])	cuda:0	True
2021-04-27 13:18:04,139 - INFO - dsan.sad.dec_s.1.msa2.wq.weight	torch.Size([64, 64])	cuda:0	True
2021-04-27 13:18:04,139 - INFO - dsan.sad.dec_s.1.msa2.wq.bias	torch.Size([64])	cuda:0	True
2021-04-27 13:18:04,139 - INFO - dsan.sad.dec_s.1.msa2.wkv.weight	torch.Size([128, 64])	cuda:0	True
2021-04-27 13:18:04,139 - INFO - dsan.sad.dec_s.1.msa2.wkv.bias	torch.Size([128])	cuda:0	True
2021-04-27 13:18:04,139 - INFO - dsan.sad.dec_s.1.msa2.wo.weight	torch.Size([64, 64])	cuda:0	True
2021-04-27 13:18:04,139 - INFO - dsan.sad.dec_s.1.msa2.wo.bias	torch.Size([64])	cuda:0	True
2021-04-27 13:18:04,139 - INFO - dsan.sad.dec_s.1.ffn.0.weight	torch.Size([256, 64])	cuda:0	True
2021-04-27 13:18:04,139 - INFO - dsan.sad.dec_s.1.ffn.0.bias	torch.Size([256])	cuda:0	True
2021-04-27 13:18:04,139 - INFO - dsan.sad.dec_s.1.ffn.2.weight	torch.Size([64, 256])	cuda:0	True
2021-04-27 13:18:04,139 - INFO - dsan.sad.dec_s.1.ffn.2.bias	torch.Size([64])	cuda:0	True
2021-04-27 13:18:04,139 - INFO - dsan.sad.dec_s.1.layernorm1.weight	torch.Size([64])	cuda:0	True
2021-04-27 13:18:04,139 - INFO - dsan.sad.dec_s.1.layernorm1.bias	torch.Size([64])	cuda:0	True
2021-04-27 13:18:04,139 - INFO - dsan.sad.dec_s.1.layernorm2.weight	torch.Size([64])	cuda:0	True
2021-04-27 13:18:04,139 - INFO - dsan.sad.dec_s.1.layernorm2.bias	torch.Size([64])	cuda:0	True
2021-04-27 13:18:04,139 - INFO - dsan.sad.dec_s.1.layernorm3.weight	torch.Size([64])	cuda:0	True
2021-04-27 13:18:04,139 - INFO - dsan.sad.dec_s.1.layernorm3.bias	torch.Size([64])	cuda:0	True
2021-04-27 13:18:04,139 - INFO - dsan.sad.dec_s.2.msa1.wx.weight	torch.Size([192, 64])	cuda:0	True
2021-04-27 13:18:04,140 - INFO - dsan.sad.dec_s.2.msa1.wx.bias	torch.Size([192])	cuda:0	True
2021-04-27 13:18:04,140 - INFO - dsan.sad.dec_s.2.msa1.wo.weight	torch.Size([64, 64])	cuda:0	True
2021-04-27 13:18:04,140 - INFO - dsan.sad.dec_s.2.msa1.wo.bias	torch.Size([64])	cuda:0	True
2021-04-27 13:18:04,140 - INFO - dsan.sad.dec_s.2.msa2.wq.weight	torch.Size([64, 64])	cuda:0	True
2021-04-27 13:18:04,140 - INFO - dsan.sad.dec_s.2.msa2.wq.bias	torch.Size([64])	cuda:0	True
2021-04-27 13:18:04,140 - INFO - dsan.sad.dec_s.2.msa2.wkv.weight	torch.Size([128, 64])	cuda:0	True
2021-04-27 13:18:04,140 - INFO - dsan.sad.dec_s.2.msa2.wkv.bias	torch.Size([128])	cuda:0	True
2021-04-27 13:18:04,140 - INFO - dsan.sad.dec_s.2.msa2.wo.weight	torch.Size([64, 64])	cuda:0	True
2021-04-27 13:18:04,140 - INFO - dsan.sad.dec_s.2.msa2.wo.bias	torch.Size([64])	cuda:0	True
2021-04-27 13:18:04,140 - INFO - dsan.sad.dec_s.2.ffn.0.weight	torch.Size([256, 64])	cuda:0	True
2021-04-27 13:18:04,140 - INFO - dsan.sad.dec_s.2.ffn.0.bias	torch.Size([256])	cuda:0	True
2021-04-27 13:18:04,140 - INFO - dsan.sad.dec_s.2.ffn.2.weight	torch.Size([64, 256])	cuda:0	True
2021-04-27 13:18:04,140 - INFO - dsan.sad.dec_s.2.ffn.2.bias	torch.Size([64])	cuda:0	True
2021-04-27 13:18:04,140 - INFO - dsan.sad.dec_s.2.layernorm1.weight	torch.Size([64])	cuda:0	True
2021-04-27 13:18:04,140 - INFO - dsan.sad.dec_s.2.layernorm1.bias	torch.Size([64])	cuda:0	True
2021-04-27 13:18:04,140 - INFO - dsan.sad.dec_s.2.layernorm2.weight	torch.Size([64])	cuda:0	True
2021-04-27 13:18:04,140 - INFO - dsan.sad.dec_s.2.layernorm2.bias	torch.Size([64])	cuda:0	True
2021-04-27 13:18:04,140 - INFO - dsan.sad.dec_s.2.layernorm3.weight	torch.Size([64])	cuda:0	True
2021-04-27 13:18:04,141 - INFO - dsan.sad.dec_s.2.layernorm3.bias	torch.Size([64])	cuda:0	True
2021-04-27 13:18:04,141 - INFO - dsan.sad.dec_t.0.msa1.wx.weight	torch.Size([192, 64])	cuda:0	True
2021-04-27 13:18:04,141 - INFO - dsan.sad.dec_t.0.msa1.wx.bias	torch.Size([192])	cuda:0	True
2021-04-27 13:18:04,141 - INFO - dsan.sad.dec_t.0.msa1.wo.weight	torch.Size([64, 64])	cuda:0	True
2021-04-27 13:18:04,141 - INFO - dsan.sad.dec_t.0.msa1.wo.bias	torch.Size([64])	cuda:0	True
2021-04-27 13:18:04,141 - INFO - dsan.sad.dec_t.0.msa2.wq.weight	torch.Size([64, 64])	cuda:0	True
2021-04-27 13:18:04,141 - INFO - dsan.sad.dec_t.0.msa2.wq.bias	torch.Size([64])	cuda:0	True
2021-04-27 13:18:04,141 - INFO - dsan.sad.dec_t.0.msa2.wkv.weight	torch.Size([128, 64])	cuda:0	True
2021-04-27 13:18:04,141 - INFO - dsan.sad.dec_t.0.msa2.wkv.bias	torch.Size([128])	cuda:0	True
2021-04-27 13:18:04,141 - INFO - dsan.sad.dec_t.0.msa2.wo.weight	torch.Size([64, 64])	cuda:0	True
2021-04-27 13:18:04,141 - INFO - dsan.sad.dec_t.0.msa2.wo.bias	torch.Size([64])	cuda:0	True
2021-04-27 13:18:04,141 - INFO - dsan.sad.dec_t.0.ffn.0.weight	torch.Size([256, 64])	cuda:0	True
2021-04-27 13:18:04,141 - INFO - dsan.sad.dec_t.0.ffn.0.bias	torch.Size([256])	cuda:0	True
2021-04-27 13:18:04,141 - INFO - dsan.sad.dec_t.0.ffn.2.weight	torch.Size([64, 256])	cuda:0	True
2021-04-27 13:18:04,141 - INFO - dsan.sad.dec_t.0.ffn.2.bias	torch.Size([64])	cuda:0	True
2021-04-27 13:18:04,142 - INFO - dsan.sad.dec_t.0.layernorm1.weight	torch.Size([64])	cuda:0	True
2021-04-27 13:18:04,142 - INFO - dsan.sad.dec_t.0.layernorm1.bias	torch.Size([64])	cuda:0	True
2021-04-27 13:18:04,142 - INFO - dsan.sad.dec_t.0.layernorm2.weight	torch.Size([64])	cuda:0	True
2021-04-27 13:18:04,142 - INFO - dsan.sad.dec_t.0.layernorm2.bias	torch.Size([64])	cuda:0	True
2021-04-27 13:18:04,142 - INFO - dsan.sad.dec_t.0.layernorm3.weight	torch.Size([64])	cuda:0	True
2021-04-27 13:18:04,142 - INFO - dsan.sad.dec_t.0.layernorm3.bias	torch.Size([64])	cuda:0	True
2021-04-27 13:18:04,142 - INFO - dsan.sad.dec_t.1.msa1.wx.weight	torch.Size([192, 64])	cuda:0	True
2021-04-27 13:18:04,142 - INFO - dsan.sad.dec_t.1.msa1.wx.bias	torch.Size([192])	cuda:0	True
2021-04-27 13:18:04,142 - INFO - dsan.sad.dec_t.1.msa1.wo.weight	torch.Size([64, 64])	cuda:0	True
2021-04-27 13:18:04,142 - INFO - dsan.sad.dec_t.1.msa1.wo.bias	torch.Size([64])	cuda:0	True
2021-04-27 13:18:04,142 - INFO - dsan.sad.dec_t.1.msa2.wq.weight	torch.Size([64, 64])	cuda:0	True
2021-04-27 13:18:04,142 - INFO - dsan.sad.dec_t.1.msa2.wq.bias	torch.Size([64])	cuda:0	True
2021-04-27 13:18:04,142 - INFO - dsan.sad.dec_t.1.msa2.wkv.weight	torch.Size([128, 64])	cuda:0	True
2021-04-27 13:18:04,142 - INFO - dsan.sad.dec_t.1.msa2.wkv.bias	torch.Size([128])	cuda:0	True
2021-04-27 13:18:04,142 - INFO - dsan.sad.dec_t.1.msa2.wo.weight	torch.Size([64, 64])	cuda:0	True
2021-04-27 13:18:04,143 - INFO - dsan.sad.dec_t.1.msa2.wo.bias	torch.Size([64])	cuda:0	True
2021-04-27 13:18:04,143 - INFO - dsan.sad.dec_t.1.ffn.0.weight	torch.Size([256, 64])	cuda:0	True
2021-04-27 13:18:04,143 - INFO - dsan.sad.dec_t.1.ffn.0.bias	torch.Size([256])	cuda:0	True
2021-04-27 13:18:04,143 - INFO - dsan.sad.dec_t.1.ffn.2.weight	torch.Size([64, 256])	cuda:0	True
2021-04-27 13:18:04,143 - INFO - dsan.sad.dec_t.1.ffn.2.bias	torch.Size([64])	cuda:0	True
2021-04-27 13:18:04,143 - INFO - dsan.sad.dec_t.1.layernorm1.weight	torch.Size([64])	cuda:0	True
2021-04-27 13:18:04,143 - INFO - dsan.sad.dec_t.1.layernorm1.bias	torch.Size([64])	cuda:0	True
2021-04-27 13:18:04,143 - INFO - dsan.sad.dec_t.1.layernorm2.weight	torch.Size([64])	cuda:0	True
2021-04-27 13:18:04,143 - INFO - dsan.sad.dec_t.1.layernorm2.bias	torch.Size([64])	cuda:0	True
2021-04-27 13:18:04,143 - INFO - dsan.sad.dec_t.1.layernorm3.weight	torch.Size([64])	cuda:0	True
2021-04-27 13:18:04,143 - INFO - dsan.sad.dec_t.1.layernorm3.bias	torch.Size([64])	cuda:0	True
2021-04-27 13:18:04,143 - INFO - dsan.sad.dec_t.2.msa1.wx.weight	torch.Size([192, 64])	cuda:0	True
2021-04-27 13:18:04,143 - INFO - dsan.sad.dec_t.2.msa1.wx.bias	torch.Size([192])	cuda:0	True
2021-04-27 13:18:04,143 - INFO - dsan.sad.dec_t.2.msa1.wo.weight	torch.Size([64, 64])	cuda:0	True
2021-04-27 13:18:04,143 - INFO - dsan.sad.dec_t.2.msa1.wo.bias	torch.Size([64])	cuda:0	True
2021-04-27 13:18:04,143 - INFO - dsan.sad.dec_t.2.msa2.wq.weight	torch.Size([64, 64])	cuda:0	True
2021-04-27 13:18:04,144 - INFO - dsan.sad.dec_t.2.msa2.wq.bias	torch.Size([64])	cuda:0	True
2021-04-27 13:18:04,144 - INFO - dsan.sad.dec_t.2.msa2.wkv.weight	torch.Size([128, 64])	cuda:0	True
2021-04-27 13:18:04,144 - INFO - dsan.sad.dec_t.2.msa2.wkv.bias	torch.Size([128])	cuda:0	True
2021-04-27 13:18:04,144 - INFO - dsan.sad.dec_t.2.msa2.wo.weight	torch.Size([64, 64])	cuda:0	True
2021-04-27 13:18:04,144 - INFO - dsan.sad.dec_t.2.msa2.wo.bias	torch.Size([64])	cuda:0	True
2021-04-27 13:18:04,144 - INFO - dsan.sad.dec_t.2.ffn.0.weight	torch.Size([256, 64])	cuda:0	True
2021-04-27 13:18:04,144 - INFO - dsan.sad.dec_t.2.ffn.0.bias	torch.Size([256])	cuda:0	True
2021-04-27 13:18:04,144 - INFO - dsan.sad.dec_t.2.ffn.2.weight	torch.Size([64, 256])	cuda:0	True
2021-04-27 13:18:04,144 - INFO - dsan.sad.dec_t.2.ffn.2.bias	torch.Size([64])	cuda:0	True
2021-04-27 13:18:04,144 - INFO - dsan.sad.dec_t.2.layernorm1.weight	torch.Size([64])	cuda:0	True
2021-04-27 13:18:04,144 - INFO - dsan.sad.dec_t.2.layernorm1.bias	torch.Size([64])	cuda:0	True
2021-04-27 13:18:04,144 - INFO - dsan.sad.dec_t.2.layernorm2.weight	torch.Size([64])	cuda:0	True
2021-04-27 13:18:04,144 - INFO - dsan.sad.dec_t.2.layernorm2.bias	torch.Size([64])	cuda:0	True
2021-04-27 13:18:04,144 - INFO - dsan.sad.dec_t.2.layernorm3.weight	torch.Size([64])	cuda:0	True
2021-04-27 13:18:04,144 - INFO - dsan.sad.dec_t.2.layernorm3.bias	torch.Size([64])	cuda:0	True
2021-04-27 13:18:04,145 - INFO - dsan.final_layer.weight	torch.Size([2, 64])	cuda:0	True
2021-04-27 13:18:04,145 - INFO - dsan.final_layer.bias	torch.Size([2])	cuda:0	True
2021-04-27 13:18:04,146 - INFO - Total parameter numbers: 1621634
2021-04-27 13:18:04,147 - INFO - Start training ...
2021-04-27 13:18:04,147 - INFO - num_batches:2751
2021-04-27 13:22:17,520 - INFO - epoch complete!
2021-04-27 13:22:17,522 - INFO - evaluating now!
2021-04-27 13:22:26,220 - INFO - Epoch [0/30] train_loss: 0.0383, val_loss: 0.0235, lr: 0.000008, 262.1s
2021-04-27 13:22:26,295 - INFO - Saved model at 0
2021-04-27 13:22:26,295 - INFO - Val loss decrease from inf to 0.0235, saving to ./trafficdl/cache/model_cache/DSAN_bike_epoch0.tar
2021-04-27 13:26:40,408 - INFO - epoch complete!
2021-04-27 13:26:40,410 - INFO - evaluating now!
2021-04-27 13:26:49,128 - INFO - Epoch [1/30] train_loss: 0.0186, val_loss: 0.0221, lr: 0.000012, 262.8s
2021-04-27 13:26:49,195 - INFO - Saved model at 1
2021-04-27 13:26:49,196 - INFO - Val loss decrease from 0.0235 to 0.0221, saving to ./trafficdl/cache/model_cache/DSAN_bike_epoch1.tar
2021-04-27 13:31:03,026 - INFO - epoch complete!
2021-04-27 13:31:03,029 - INFO - evaluating now!
2021-04-27 13:31:11,784 - INFO - Epoch [2/30] train_loss: 0.0181, val_loss: 0.0219, lr: 0.000016, 262.6s
2021-04-27 13:31:11,855 - INFO - Saved model at 2
2021-04-27 13:31:11,856 - INFO - Val loss decrease from 0.0221 to 0.0219, saving to ./trafficdl/cache/model_cache/DSAN_bike_epoch2.tar
2021-04-27 13:35:25,534 - INFO - epoch complete!
2021-04-27 13:35:25,536 - INFO - evaluating now!
2021-04-27 13:35:34,209 - INFO - Epoch [3/30] train_loss: 0.0178, val_loss: 0.0216, lr: 0.000020, 262.4s
2021-04-27 13:35:34,280 - INFO - Saved model at 3
2021-04-27 13:35:34,280 - INFO - Val loss decrease from 0.0219 to 0.0216, saving to ./trafficdl/cache/model_cache/DSAN_bike_epoch3.tar
2021-04-27 13:39:48,317 - INFO - epoch complete!
2021-04-27 13:39:48,319 - INFO - evaluating now!
2021-04-27 13:39:57,075 - INFO - Epoch [4/30] train_loss: 0.0176, val_loss: 0.0213, lr: 0.000024, 262.8s
2021-04-27 13:39:57,143 - INFO - Saved model at 4
2021-04-27 13:39:57,143 - INFO - Val loss decrease from 0.0216 to 0.0213, saving to ./trafficdl/cache/model_cache/DSAN_bike_epoch4.tar
2021-04-27 13:44:10,685 - INFO - epoch complete!
2021-04-27 13:44:10,688 - INFO - evaluating now!
2021-04-27 13:44:19,469 - INFO - Epoch [5/30] train_loss: 0.0174, val_loss: 0.0212, lr: 0.000028, 262.3s
2021-04-27 13:44:19,541 - INFO - Saved model at 5
2021-04-27 13:44:19,541 - INFO - Val loss decrease from 0.0213 to 0.0212, saving to ./trafficdl/cache/model_cache/DSAN_bike_epoch5.tar
2021-04-27 13:48:33,321 - INFO - epoch complete!
2021-04-27 13:48:33,323 - INFO - evaluating now!
2021-04-27 13:48:42,092 - INFO - Epoch [6/30] train_loss: 0.0173, val_loss: 0.0211, lr: 0.000032, 262.6s
2021-04-27 13:48:42,166 - INFO - Saved model at 6
2021-04-27 13:48:42,166 - INFO - Val loss decrease from 0.0212 to 0.0211, saving to ./trafficdl/cache/model_cache/DSAN_bike_epoch6.tar
2021-04-27 13:52:56,185 - INFO - epoch complete!
2021-04-27 13:52:56,187 - INFO - evaluating now!
2021-04-27 13:53:04,941 - INFO - Epoch [7/30] train_loss: 0.0171, val_loss: 0.0209, lr: 0.000036, 262.8s
2021-04-27 13:53:05,013 - INFO - Saved model at 7
2021-04-27 13:53:05,013 - INFO - Val loss decrease from 0.0211 to 0.0209, saving to ./trafficdl/cache/model_cache/DSAN_bike_epoch7.tar
2021-04-27 13:57:18,952 - INFO - epoch complete!
2021-04-27 13:57:18,955 - INFO - evaluating now!
2021-04-27 13:57:27,734 - INFO - Epoch [8/30] train_loss: 0.0169, val_loss: 0.0208, lr: 0.000040, 262.7s
2021-04-27 13:57:27,802 - INFO - Saved model at 8
2021-04-27 13:57:27,802 - INFO - Val loss decrease from 0.0209 to 0.0208, saving to ./trafficdl/cache/model_cache/DSAN_bike_epoch8.tar
2021-04-27 14:01:41,750 - INFO - epoch complete!
2021-04-27 14:01:41,752 - INFO - evaluating now!
2021-04-27 14:01:50,531 - INFO - Epoch [9/30] train_loss: 0.0168, val_loss: 0.0207, lr: 0.000043, 262.7s
2021-04-27 14:01:50,604 - INFO - Saved model at 9
2021-04-27 14:01:50,605 - INFO - Val loss decrease from 0.0208 to 0.0207, saving to ./trafficdl/cache/model_cache/DSAN_bike_epoch9.tar
2021-04-27 14:06:04,177 - INFO - epoch complete!
2021-04-27 14:06:04,179 - INFO - evaluating now!
2021-04-27 14:06:12,916 - INFO - Epoch [10/30] train_loss: 0.0167, val_loss: 0.0205, lr: 0.000047, 262.3s
2021-04-27 14:06:12,985 - INFO - Saved model at 10
2021-04-27 14:06:12,985 - INFO - Val loss decrease from 0.0207 to 0.0205, saving to ./trafficdl/cache/model_cache/DSAN_bike_epoch10.tar
2021-04-27 14:10:26,860 - INFO - epoch complete!
2021-04-27 14:10:26,862 - INFO - evaluating now!
2021-04-27 14:10:35,607 - INFO - Epoch [11/30] train_loss: 0.0166, val_loss: 0.0205, lr: 0.000051, 262.6s
2021-04-27 14:10:35,674 - INFO - Saved model at 11
2021-04-27 14:10:35,675 - INFO - Val loss decrease from 0.0205 to 0.0205, saving to ./trafficdl/cache/model_cache/DSAN_bike_epoch11.tar
2021-04-27 14:14:49,760 - INFO - epoch complete!
2021-04-27 14:14:49,762 - INFO - evaluating now!
2021-04-27 14:14:58,543 - INFO - Epoch [12/30] train_loss: 0.0165, val_loss: 0.0206, lr: 0.000055, 262.9s
2021-04-27 14:19:12,755 - INFO - epoch complete!
2021-04-27 14:19:12,758 - INFO - evaluating now!
2021-04-27 14:19:21,584 - INFO - Epoch [13/30] train_loss: 0.0164, val_loss: 0.0204, lr: 0.000059, 263.0s
2021-04-27 14:19:21,653 - INFO - Saved model at 13
2021-04-27 14:19:21,653 - INFO - Val loss decrease from 0.0205 to 0.0204, saving to ./trafficdl/cache/model_cache/DSAN_bike_epoch13.tar
2021-04-27 14:23:35,277 - INFO - epoch complete!
2021-04-27 14:23:35,279 - INFO - evaluating now!
2021-04-27 14:23:44,018 - INFO - Epoch [14/30] train_loss: 0.0164, val_loss: 0.0203, lr: 0.000063, 262.4s
2021-04-27 14:23:44,089 - INFO - Saved model at 14
2021-04-27 14:23:44,089 - INFO - Val loss decrease from 0.0204 to 0.0203, saving to ./trafficdl/cache/model_cache/DSAN_bike_epoch14.tar
2021-04-27 14:27:58,172 - INFO - epoch complete!
2021-04-27 14:27:58,175 - INFO - evaluating now!
2021-04-27 14:28:06,920 - INFO - Epoch [15/30] train_loss: 0.0163, val_loss: 0.0204, lr: 0.000067, 262.8s
2021-04-27 14:32:20,775 - INFO - epoch complete!
2021-04-27 14:32:20,777 - INFO - evaluating now!
2021-04-27 14:32:29,526 - INFO - Epoch [16/30] train_loss: 0.0163, val_loss: 0.0203, lr: 0.000071, 262.6s
2021-04-27 14:36:43,551 - INFO - epoch complete!
2021-04-27 14:36:43,553 - INFO - evaluating now!
2021-04-27 14:36:52,277 - INFO - Epoch [17/30] train_loss: 0.0163, val_loss: 0.0203, lr: 0.000075, 262.8s
2021-04-27 14:41:06,323 - INFO - epoch complete!
2021-04-27 14:41:06,325 - INFO - evaluating now!
2021-04-27 14:41:15,031 - INFO - Epoch [18/30] train_loss: 0.0162, val_loss: 0.0202, lr: 0.000079, 262.8s
2021-04-27 14:41:15,101 - INFO - Saved model at 18
2021-04-27 14:41:15,101 - INFO - Val loss decrease from 0.0203 to 0.0202, saving to ./trafficdl/cache/model_cache/DSAN_bike_epoch18.tar
2021-04-27 14:45:29,028 - INFO - epoch complete!
2021-04-27 14:45:29,030 - INFO - evaluating now!
2021-04-27 14:45:37,749 - INFO - Epoch [19/30] train_loss: 0.0162, val_loss: 0.0202, lr: 0.000083, 262.6s
2021-04-27 14:45:37,824 - INFO - Saved model at 19
2021-04-27 14:45:37,824 - INFO - Val loss decrease from 0.0202 to 0.0202, saving to ./trafficdl/cache/model_cache/DSAN_bike_epoch19.tar
2021-04-27 14:49:51,556 - INFO - epoch complete!
2021-04-27 14:49:51,558 - INFO - evaluating now!
2021-04-27 14:50:00,248 - INFO - Epoch [20/30] train_loss: 0.0161, val_loss: 0.0202, lr: 0.000087, 262.4s
2021-04-27 14:54:13,337 - INFO - epoch complete!
2021-04-27 14:54:13,340 - INFO - evaluating now!
2021-04-27 14:54:22,082 - INFO - Epoch [21/30] train_loss: 0.0161, val_loss: 0.0200, lr: 0.000091, 261.8s
2021-04-27 14:54:22,151 - INFO - Saved model at 21
2021-04-27 14:54:22,151 - INFO - Val loss decrease from 0.0202 to 0.0200, saving to ./trafficdl/cache/model_cache/DSAN_bike_epoch21.tar
2021-04-27 14:58:35,097 - INFO - epoch complete!
2021-04-27 14:58:35,099 - INFO - evaluating now!
2021-04-27 14:58:43,801 - INFO - Epoch [22/30] train_loss: 0.0160, val_loss: 0.0198, lr: 0.000095, 261.7s
2021-04-27 14:58:43,872 - INFO - Saved model at 22
2021-04-27 14:58:43,872 - INFO - Val loss decrease from 0.0200 to 0.0198, saving to ./trafficdl/cache/model_cache/DSAN_bike_epoch22.tar
2021-04-27 15:02:56,673 - INFO - epoch complete!
2021-04-27 15:02:56,675 - INFO - evaluating now!
2021-04-27 15:03:05,323 - INFO - Epoch [23/30] train_loss: 0.0160, val_loss: 0.0198, lr: 0.000099, 261.5s
2021-04-27 15:03:05,393 - INFO - Saved model at 23
2021-04-27 15:03:05,393 - INFO - Val loss decrease from 0.0198 to 0.0198, saving to ./trafficdl/cache/model_cache/DSAN_bike_epoch23.tar
2021-04-27 15:07:17,873 - INFO - epoch complete!
2021-04-27 15:07:17,875 - INFO - evaluating now!
2021-04-27 15:07:26,617 - INFO - Epoch [24/30] train_loss: 0.0159, val_loss: 0.0199, lr: 0.000103, 261.2s
2021-04-27 15:11:39,581 - INFO - epoch complete!
2021-04-27 15:11:39,583 - INFO - evaluating now!
2021-04-27 15:11:48,281 - INFO - Epoch [25/30] train_loss: 0.0159, val_loss: 0.0197, lr: 0.000107, 261.7s
2021-04-27 15:11:48,353 - INFO - Saved model at 25
2021-04-27 15:11:48,353 - INFO - Val loss decrease from 0.0198 to 0.0197, saving to ./trafficdl/cache/model_cache/DSAN_bike_epoch25.tar
2021-04-27 15:16:01,899 - INFO - epoch complete!
2021-04-27 15:16:01,902 - INFO - evaluating now!
2021-04-27 15:16:10,565 - INFO - Epoch [26/30] train_loss: 0.0158, val_loss: 0.0197, lr: 0.000111, 262.2s
2021-04-27 15:16:10,637 - INFO - Saved model at 26
2021-04-27 15:16:10,638 - INFO - Val loss decrease from 0.0197 to 0.0197, saving to ./trafficdl/cache/model_cache/DSAN_bike_epoch26.tar
2021-04-27 15:20:23,894 - INFO - epoch complete!
2021-04-27 15:20:23,896 - INFO - evaluating now!
2021-04-27 15:20:32,559 - INFO - Epoch [27/30] train_loss: 0.0158, val_loss: 0.0196, lr: 0.000115, 261.9s
2021-04-27 15:20:32,633 - INFO - Saved model at 27
2021-04-27 15:20:32,633 - INFO - Val loss decrease from 0.0197 to 0.0196, saving to ./trafficdl/cache/model_cache/DSAN_bike_epoch27.tar
2021-04-27 15:24:45,990 - INFO - epoch complete!
2021-04-27 15:24:45,992 - INFO - evaluating now!
2021-04-27 15:24:54,699 - INFO - Epoch [28/30] train_loss: 0.0158, val_loss: 0.0197, lr: 0.000119, 262.1s
2021-04-27 15:29:08,543 - INFO - epoch complete!
2021-04-27 15:29:08,545 - INFO - evaluating now!
2021-04-27 15:29:17,263 - INFO - Epoch [29/30] train_loss: 0.0157, val_loss: 0.0196, lr: 0.000123, 262.6s
2021-04-27 15:29:17,334 - INFO - Saved model at 29
2021-04-27 15:29:17,334 - INFO - Val loss decrease from 0.0196 to 0.0196, saving to ./trafficdl/cache/model_cache/DSAN_bike_epoch29.tar
2021-04-27 15:29:17,517 - INFO - Loaded model at 29
2021-04-27 15:29:17,517 - INFO - Saved model at ./trafficdl/cache/model_cache/DSAN_bike.m
2021-04-27 15:29:17,573 - INFO - Start evaluating ...
2021-04-27 15:29:41,236 - INFO - Evaluate result is {"RMSE_in@1": 4.1239728927612305, "RMSE_out@1": 4.312857151031494, "RMSE_in@2": 4.20611047744751, "RMSE_out@2": 4.398756504058838, "RMSE_in@3": 4.239586353302002, "RMSE_out@3": 4.433765411376953, "RMSE_in@4": 4.256651878356934, "RMSE_out@4": 4.451613426208496, "RMSE_in@5": 4.265942096710205, "RMSE_out@5": 4.461328506469727, "RMSE_in@6": 4.275720119476318, "RMSE_out@6": 4.471554756164551, "RMSE_in@7": 4.282414436340332, "RMSE_out@7": 4.478555679321289, "RMSE_in@8": 4.289365768432617, "RMSE_out@8": 4.485825538635254, "RMSE_in@9": 4.296977519989014, "RMSE_out@9": 4.493786334991455, "RMSE_in@10": 4.302496433258057, "RMSE_out@10": 4.4995574951171875, "RMSE_in@11": 4.306243419647217, "RMSE_out@11": 4.503476142883301, "RMSE_in@12": 4.356380462646484, "RMSE_out@12": 4.555909156799316}
2021-04-27 15:29:41,250 - INFO - Evaluate result is saved at ./trafficdl/cache/evaluate_cache/2021_04_27_15_29_41_DSAN_bike.json
2021-04-27 15:29:41,269 - INFO - Evaluate result is saved at ./trafficdl/cache/evaluate_cache/2021_04_27_15_29_41_DSAN_bike.csv
2021-04-27 15:29:41,283 - INFO - 
     RMSE_in  RMSE_out
0   4.123973  4.312857
1   4.206110  4.398757
2   4.239586  4.433765
3   4.256652  4.451613
4   4.265942  4.461329
5   4.275720  4.471555
6   4.282414  4.478556
7   4.289366  4.485826
8   4.296978  4.493786
9   4.302496  4.499557
10  4.306243  4.503476
11  4.356380  4.555909
