2021-04-27 14:13:54,661 - INFO - Log directory: ./trafficdl/log
2021-04-27 14:13:54,662 - INFO - Begin pipeline, task=traffic_state_pred, model_name=MultiSTGCnet, dataset_name=METR_LA
2021-04-27 14:13:54,917 - INFO - Loaded file METR_LA.geo, num_nodes=207
2021-04-27 14:13:54,956 - INFO - Loaded file METR_LA.rel, shape=(207, 207)
2021-04-27 14:13:54,956 - INFO - Start Calculate the weight by Gauss kernel!
2021-04-27 14:14:00,112 - INFO - Loaded file METR_LA.dyna, shape=(34272, 207, 1)
2021-04-27 14:14:07,122 - INFO - Dumped 0 data.
2021-04-27 14:14:13,389 - INFO - Dataset created
2021-04-27 14:14:13,389 - INFO - x shape: (10080, 60, 207, 1), y shape: (10080, 1, 207, 1)
2021-04-27 14:14:13,389 - INFO - ext_x shape: (10080, 60, 7), ext_y shape: (10080, 7)
2021-04-27 14:14:13,389 - INFO - train	x: (7056, 60, 207, 1),y: (7056, 1, 207, 1),x_ext: (7056, 60, 7),y_ext: (7056, 7)
2021-04-27 14:14:13,389 - INFO - eval	x: (1008, 60, 207, 1),y: (1008, 1, 207, 1),x_ext: (1008, 60, 7),y_ext: (1008, 7)
2021-04-27 14:14:13,389 - INFO - test	x: (2016, 60, 207, 1),y: (2016, 1, 207, 1),x_ext: (2016, 60, 7),y_ext: (2016, 7)
2021-04-27 14:15:19,888 - INFO - Saved at ./trafficdl/cache/dataset_cache/point_based_METR_LA_60_1_0.7_0.1_standard_64_False_True_True.npz
2021-04-27 14:15:20,560 - INFO - StandardScaler mean: 53.0927210254173, std: 21.011635217427287
2021-04-27 14:15:25,680 - INFO - Ws	torch.Size([1, 207])	cuda:0	True
2021-04-27 14:15:25,680 - INFO - Wt	torch.Size([1, 207])	cuda:0	True
2021-04-27 14:15:25,681 - INFO - spatial_component.near_block.linear1.weight	torch.Size([207, 207])	cuda:0	True
2021-04-27 14:15:25,681 - INFO - spatial_component.near_block.linear1.bias	torch.Size([207])	cuda:0	True
2021-04-27 14:15:25,681 - INFO - spatial_component.near_block.linear2.weight	torch.Size([207, 207])	cuda:0	True
2021-04-27 14:15:25,681 - INFO - spatial_component.near_block.linear2.bias	torch.Size([207])	cuda:0	True
2021-04-27 14:15:25,681 - INFO - spatial_component.near_block.lstm.weight_ih_l0	torch.Size([828, 207])	cuda:0	True
2021-04-27 14:15:25,681 - INFO - spatial_component.near_block.lstm.weight_hh_l0	torch.Size([828, 207])	cuda:0	True
2021-04-27 14:15:25,681 - INFO - spatial_component.near_block.lstm.bias_ih_l0	torch.Size([828])	cuda:0	True
2021-04-27 14:15:25,681 - INFO - spatial_component.near_block.lstm.bias_hh_l0	torch.Size([828])	cuda:0	True
2021-04-27 14:15:25,681 - INFO - spatial_component.near_block.lstm2.weight_ih_l0	torch.Size([828, 207])	cuda:0	True
2021-04-27 14:15:25,682 - INFO - spatial_component.near_block.lstm2.weight_hh_l0	torch.Size([828, 207])	cuda:0	True
2021-04-27 14:15:25,682 - INFO - spatial_component.near_block.lstm2.bias_ih_l0	torch.Size([828])	cuda:0	True
2021-04-27 14:15:25,682 - INFO - spatial_component.near_block.lstm2.bias_hh_l0	torch.Size([828])	cuda:0	True
2021-04-27 14:15:25,682 - INFO - spatial_component.near_block.linear3.weight	torch.Size([207, 207])	cuda:0	True
2021-04-27 14:15:25,682 - INFO - spatial_component.near_block.linear3.bias	torch.Size([207])	cuda:0	True
2021-04-27 14:15:25,682 - INFO - spatial_component.near_block.linear4.weight	torch.Size([207, 207])	cuda:0	True
2021-04-27 14:15:25,682 - INFO - spatial_component.near_block.linear4.bias	torch.Size([207])	cuda:0	True
2021-04-27 14:15:25,682 - INFO - spatial_component.middle_block.linear1.weight	torch.Size([207, 207])	cuda:0	True
2021-04-27 14:15:25,682 - INFO - spatial_component.middle_block.linear1.bias	torch.Size([207])	cuda:0	True
2021-04-27 14:15:25,682 - INFO - spatial_component.middle_block.linear2.weight	torch.Size([207, 207])	cuda:0	True
2021-04-27 14:15:25,683 - INFO - spatial_component.middle_block.linear2.bias	torch.Size([207])	cuda:0	True
2021-04-27 14:15:25,683 - INFO - spatial_component.middle_block.lstm.weight_ih_l0	torch.Size([828, 207])	cuda:0	True
2021-04-27 14:15:25,683 - INFO - spatial_component.middle_block.lstm.weight_hh_l0	torch.Size([828, 207])	cuda:0	True
2021-04-27 14:15:25,683 - INFO - spatial_component.middle_block.lstm.bias_ih_l0	torch.Size([828])	cuda:0	True
2021-04-27 14:15:25,683 - INFO - spatial_component.middle_block.lstm.bias_hh_l0	torch.Size([828])	cuda:0	True
2021-04-27 14:15:25,683 - INFO - spatial_component.middle_block.lstm2.weight_ih_l0	torch.Size([828, 207])	cuda:0	True
2021-04-27 14:15:25,683 - INFO - spatial_component.middle_block.lstm2.weight_hh_l0	torch.Size([828, 207])	cuda:0	True
2021-04-27 14:15:25,683 - INFO - spatial_component.middle_block.lstm2.bias_ih_l0	torch.Size([828])	cuda:0	True
2021-04-27 14:15:25,683 - INFO - spatial_component.middle_block.lstm2.bias_hh_l0	torch.Size([828])	cuda:0	True
2021-04-27 14:15:25,684 - INFO - spatial_component.middle_block.linear3.weight	torch.Size([207, 207])	cuda:0	True
2021-04-27 14:15:25,684 - INFO - spatial_component.middle_block.linear3.bias	torch.Size([207])	cuda:0	True
2021-04-27 14:15:25,684 - INFO - spatial_component.middle_block.linear4.weight	torch.Size([207, 207])	cuda:0	True
2021-04-27 14:15:25,684 - INFO - spatial_component.middle_block.linear4.bias	torch.Size([207])	cuda:0	True
2021-04-27 14:15:25,684 - INFO - spatial_component.distant_block.linear1.weight	torch.Size([207, 207])	cuda:0	True
2021-04-27 14:15:25,684 - INFO - spatial_component.distant_block.linear1.bias	torch.Size([207])	cuda:0	True
2021-04-27 14:15:25,684 - INFO - spatial_component.distant_block.linear2.weight	torch.Size([207, 207])	cuda:0	True
2021-04-27 14:15:25,684 - INFO - spatial_component.distant_block.linear2.bias	torch.Size([207])	cuda:0	True
2021-04-27 14:15:25,684 - INFO - spatial_component.distant_block.lstm.weight_ih_l0	torch.Size([828, 207])	cuda:0	True
2021-04-27 14:15:25,684 - INFO - spatial_component.distant_block.lstm.weight_hh_l0	torch.Size([828, 207])	cuda:0	True
2021-04-27 14:15:25,685 - INFO - spatial_component.distant_block.lstm.bias_ih_l0	torch.Size([828])	cuda:0	True
2021-04-27 14:15:25,685 - INFO - spatial_component.distant_block.lstm.bias_hh_l0	torch.Size([828])	cuda:0	True
2021-04-27 14:15:25,685 - INFO - spatial_component.distant_block.lstm2.weight_ih_l0	torch.Size([828, 207])	cuda:0	True
2021-04-27 14:15:25,685 - INFO - spatial_component.distant_block.lstm2.weight_hh_l0	torch.Size([828, 207])	cuda:0	True
2021-04-27 14:15:25,685 - INFO - spatial_component.distant_block.lstm2.bias_ih_l0	torch.Size([828])	cuda:0	True
2021-04-27 14:15:25,685 - INFO - spatial_component.distant_block.lstm2.bias_hh_l0	torch.Size([828])	cuda:0	True
2021-04-27 14:15:25,685 - INFO - spatial_component.distant_block.linear3.weight	torch.Size([207, 207])	cuda:0	True
2021-04-27 14:15:25,685 - INFO - spatial_component.distant_block.linear3.bias	torch.Size([207])	cuda:0	True
2021-04-27 14:15:25,685 - INFO - spatial_component.distant_block.linear4.weight	torch.Size([207, 207])	cuda:0	True
2021-04-27 14:15:25,685 - INFO - spatial_component.distant_block.linear4.bias	torch.Size([207])	cuda:0	True
2021-04-27 14:15:25,686 - INFO - spatial_component.linear.weight	torch.Size([207, 621])	cuda:0	True
2021-04-27 14:15:25,686 - INFO - spatial_component.linear.bias	torch.Size([207])	cuda:0	True
2021-04-27 14:15:25,686 - INFO - temporal_component.daily_block.lstm.weight_ih_l0	torch.Size([828, 207])	cuda:0	True
2021-04-27 14:15:25,686 - INFO - temporal_component.daily_block.lstm.weight_hh_l0	torch.Size([828, 207])	cuda:0	True
2021-04-27 14:15:25,686 - INFO - temporal_component.daily_block.lstm.bias_ih_l0	torch.Size([828])	cuda:0	True
2021-04-27 14:15:25,686 - INFO - temporal_component.daily_block.lstm.bias_hh_l0	torch.Size([828])	cuda:0	True
2021-04-27 14:15:25,686 - INFO - temporal_component.daily_block.lstm2.weight_ih_l0	torch.Size([828, 207])	cuda:0	True
2021-04-27 14:15:25,686 - INFO - temporal_component.daily_block.lstm2.weight_hh_l0	torch.Size([828, 207])	cuda:0	True
2021-04-27 14:15:25,686 - INFO - temporal_component.daily_block.lstm2.bias_ih_l0	torch.Size([828])	cuda:0	True
2021-04-27 14:15:25,686 - INFO - temporal_component.daily_block.lstm2.bias_hh_l0	torch.Size([828])	cuda:0	True
2021-04-27 14:15:25,687 - INFO - temporal_component.daily_block.linear.weight	torch.Size([207, 207])	cuda:0	True
2021-04-27 14:15:25,687 - INFO - temporal_component.daily_block.linear.bias	torch.Size([207])	cuda:0	True
2021-04-27 14:15:25,687 - INFO - temporal_component.daily_block.linear2.weight	torch.Size([207, 207])	cuda:0	True
2021-04-27 14:15:25,687 - INFO - temporal_component.daily_block.linear2.bias	torch.Size([207])	cuda:0	True
2021-04-27 14:15:25,687 - INFO - temporal_component.interval_block.lstm.weight_ih_l0	torch.Size([828, 207])	cuda:0	True
2021-04-27 14:15:25,687 - INFO - temporal_component.interval_block.lstm.weight_hh_l0	torch.Size([828, 207])	cuda:0	True
2021-04-27 14:15:25,687 - INFO - temporal_component.interval_block.lstm.bias_ih_l0	torch.Size([828])	cuda:0	True
2021-04-27 14:15:25,687 - INFO - temporal_component.interval_block.lstm.bias_hh_l0	torch.Size([828])	cuda:0	True
2021-04-27 14:15:25,687 - INFO - temporal_component.interval_block.lstm2.weight_ih_l0	torch.Size([828, 207])	cuda:0	True
2021-04-27 14:15:25,688 - INFO - temporal_component.interval_block.lstm2.weight_hh_l0	torch.Size([828, 207])	cuda:0	True
2021-04-27 14:15:25,688 - INFO - temporal_component.interval_block.lstm2.bias_ih_l0	torch.Size([828])	cuda:0	True
2021-04-27 14:15:25,688 - INFO - temporal_component.interval_block.lstm2.bias_hh_l0	torch.Size([828])	cuda:0	True
2021-04-27 14:15:25,688 - INFO - temporal_component.interval_block.linear.weight	torch.Size([207, 207])	cuda:0	True
2021-04-27 14:15:25,688 - INFO - temporal_component.interval_block.linear.bias	torch.Size([207])	cuda:0	True
2021-04-27 14:15:25,688 - INFO - temporal_component.interval_block.linear2.weight	torch.Size([207, 207])	cuda:0	True
2021-04-27 14:15:25,688 - INFO - temporal_component.interval_block.linear2.bias	torch.Size([207])	cuda:0	True
2021-04-27 14:15:25,688 - INFO - temporal_component.weekly_block.lstm.weight_ih_l0	torch.Size([828, 207])	cuda:0	True
2021-04-27 14:15:25,688 - INFO - temporal_component.weekly_block.lstm.weight_hh_l0	torch.Size([828, 207])	cuda:0	True
2021-04-27 14:15:25,688 - INFO - temporal_component.weekly_block.lstm.bias_ih_l0	torch.Size([828])	cuda:0	True
2021-04-27 14:15:25,689 - INFO - temporal_component.weekly_block.lstm.bias_hh_l0	torch.Size([828])	cuda:0	True
2021-04-27 14:15:25,689 - INFO - temporal_component.weekly_block.lstm2.weight_ih_l0	torch.Size([828, 207])	cuda:0	True
2021-04-27 14:15:25,689 - INFO - temporal_component.weekly_block.lstm2.weight_hh_l0	torch.Size([828, 207])	cuda:0	True
2021-04-27 14:15:25,689 - INFO - temporal_component.weekly_block.lstm2.bias_ih_l0	torch.Size([828])	cuda:0	True
2021-04-27 14:15:25,689 - INFO - temporal_component.weekly_block.lstm2.bias_hh_l0	torch.Size([828])	cuda:0	True
2021-04-27 14:15:25,689 - INFO - temporal_component.weekly_block.linear.weight	torch.Size([207, 207])	cuda:0	True
2021-04-27 14:15:25,689 - INFO - temporal_component.weekly_block.linear.bias	torch.Size([207])	cuda:0	True
2021-04-27 14:15:25,689 - INFO - temporal_component.weekly_block.linear2.weight	torch.Size([207, 207])	cuda:0	True
2021-04-27 14:15:25,689 - INFO - temporal_component.weekly_block.linear2.bias	torch.Size([207])	cuda:0	True
2021-04-27 14:15:25,689 - INFO - temporal_component.linear.weight	torch.Size([207, 621])	cuda:0	True
2021-04-27 14:15:25,690 - INFO - temporal_component.linear.bias	torch.Size([207])	cuda:0	True
2021-04-27 14:15:25,690 - INFO - Total parameter numbers: 5166306
2021-04-27 14:15:25,690 - INFO - Start training ...
2021-04-27 14:15:25,691 - INFO - num_batches:111
2021-04-27 14:15:30,058 - INFO - epoch complete!
2021-04-27 14:15:30,059 - INFO - evaluating now!
2021-04-27 14:15:30,310 - INFO - Epoch [0/100] train_loss: 13.3742, val_loss: 18.2875, lr: 0.001000, 4.6s
2021-04-27 14:15:30,403 - INFO - Saved model at 0
2021-04-27 14:15:30,403 - INFO - Val loss decrease from inf to 18.2875, saving to ./trafficdl/cache/model_cache/MultiSTGCnet_METR_LA_epoch0.tar
2021-04-27 14:15:34,705 - INFO - epoch complete!
2021-04-27 14:15:34,705 - INFO - evaluating now!
2021-04-27 14:15:34,960 - INFO - Epoch [1/100] train_loss: 10.0698, val_loss: 13.0133, lr: 0.001000, 4.6s
2021-04-27 14:15:35,049 - INFO - Saved model at 1
2021-04-27 14:15:35,049 - INFO - Val loss decrease from 18.2875 to 13.0133, saving to ./trafficdl/cache/model_cache/MultiSTGCnet_METR_LA_epoch1.tar
2021-04-27 14:15:39,372 - INFO - epoch complete!
2021-04-27 14:15:39,372 - INFO - evaluating now!
2021-04-27 14:15:39,628 - INFO - Epoch [2/100] train_loss: 10.0300, val_loss: 17.4040, lr: 0.001000, 4.6s
2021-04-27 14:15:43,952 - INFO - epoch complete!
2021-04-27 14:15:43,954 - INFO - evaluating now!
2021-04-27 14:15:44,205 - INFO - Epoch [3/100] train_loss: 9.1282, val_loss: 11.6977, lr: 0.001000, 4.6s
2021-04-27 14:15:44,300 - INFO - Saved model at 3
2021-04-27 14:15:44,300 - INFO - Val loss decrease from 13.0133 to 11.6977, saving to ./trafficdl/cache/model_cache/MultiSTGCnet_METR_LA_epoch3.tar
2021-04-27 14:15:48,692 - INFO - epoch complete!
2021-04-27 14:15:48,692 - INFO - evaluating now!
2021-04-27 14:15:48,944 - INFO - Epoch [4/100] train_loss: 8.2794, val_loss: 11.9538, lr: 0.001000, 4.6s
2021-04-27 14:15:53,290 - INFO - epoch complete!
2021-04-27 14:15:53,290 - INFO - evaluating now!
2021-04-27 14:15:53,545 - INFO - Epoch [5/100] train_loss: 9.2958, val_loss: 15.8897, lr: 0.001000, 4.6s
2021-04-27 14:15:57,930 - INFO - epoch complete!
2021-04-27 14:15:57,930 - INFO - evaluating now!
2021-04-27 14:15:58,179 - INFO - Epoch [6/100] train_loss: 8.9199, val_loss: 13.1653, lr: 0.001000, 4.6s
2021-04-27 14:16:02,502 - INFO - epoch complete!
2021-04-27 14:16:02,503 - INFO - evaluating now!
2021-04-27 14:16:02,755 - INFO - Epoch [7/100] train_loss: 8.1247, val_loss: 12.0331, lr: 0.001000, 4.6s
2021-04-27 14:16:07,081 - INFO - epoch complete!
2021-04-27 14:16:07,081 - INFO - evaluating now!
2021-04-27 14:16:07,336 - INFO - Epoch [8/100] train_loss: 7.7675, val_loss: 11.7052, lr: 0.001000, 4.6s
2021-04-27 14:16:11,705 - INFO - epoch complete!
2021-04-27 14:16:11,706 - INFO - evaluating now!
2021-04-27 14:16:11,962 - INFO - Epoch [9/100] train_loss: 7.6369, val_loss: 11.6049, lr: 0.001000, 4.6s
2021-04-27 14:16:12,053 - INFO - Saved model at 9
2021-04-27 14:16:12,053 - INFO - Val loss decrease from 11.6977 to 11.6049, saving to ./trafficdl/cache/model_cache/MultiSTGCnet_METR_LA_epoch9.tar
2021-04-27 14:16:16,382 - INFO - epoch complete!
2021-04-27 14:16:16,383 - INFO - evaluating now!
2021-04-27 14:16:16,634 - INFO - Epoch [10/100] train_loss: 7.6487, val_loss: 13.5385, lr: 0.001000, 4.6s
2021-04-27 14:16:21,002 - INFO - epoch complete!
2021-04-27 14:16:21,003 - INFO - evaluating now!
2021-04-27 14:16:21,258 - INFO - Epoch [11/100] train_loss: 7.5049, val_loss: 10.7507, lr: 0.001000, 4.6s
2021-04-27 14:16:21,351 - INFO - Saved model at 11
2021-04-27 14:16:21,351 - INFO - Val loss decrease from 11.6049 to 10.7507, saving to ./trafficdl/cache/model_cache/MultiSTGCnet_METR_LA_epoch11.tar
2021-04-27 14:16:25,765 - INFO - epoch complete!
2021-04-27 14:16:25,766 - INFO - evaluating now!
2021-04-27 14:16:26,019 - INFO - Epoch [12/100] train_loss: 7.4369, val_loss: 10.6873, lr: 0.001000, 4.7s
2021-04-27 14:16:26,108 - INFO - Saved model at 12
2021-04-27 14:16:26,109 - INFO - Val loss decrease from 10.7507 to 10.6873, saving to ./trafficdl/cache/model_cache/MultiSTGCnet_METR_LA_epoch12.tar
2021-04-27 14:16:30,469 - INFO - epoch complete!
2021-04-27 14:16:30,469 - INFO - evaluating now!
2021-04-27 14:16:30,723 - INFO - Epoch [13/100] train_loss: 7.3402, val_loss: 10.6407, lr: 0.001000, 4.6s
2021-04-27 14:16:30,811 - INFO - Saved model at 13
2021-04-27 14:16:30,811 - INFO - Val loss decrease from 10.6873 to 10.6407, saving to ./trafficdl/cache/model_cache/MultiSTGCnet_METR_LA_epoch13.tar
2021-04-27 14:16:35,142 - INFO - epoch complete!
2021-04-27 14:16:35,142 - INFO - evaluating now!
2021-04-27 14:16:35,404 - INFO - Epoch [14/100] train_loss: 7.3142, val_loss: 10.5825, lr: 0.001000, 4.6s
2021-04-27 14:16:35,495 - INFO - Saved model at 14
2021-04-27 14:16:35,496 - INFO - Val loss decrease from 10.6407 to 10.5825, saving to ./trafficdl/cache/model_cache/MultiSTGCnet_METR_LA_epoch14.tar
2021-04-27 14:16:39,828 - INFO - epoch complete!
2021-04-27 14:16:39,829 - INFO - evaluating now!
2021-04-27 14:16:40,085 - INFO - Epoch [15/100] train_loss: 7.3142, val_loss: 10.4732, lr: 0.001000, 4.6s
2021-04-27 14:16:40,174 - INFO - Saved model at 15
2021-04-27 14:16:40,175 - INFO - Val loss decrease from 10.5825 to 10.4732, saving to ./trafficdl/cache/model_cache/MultiSTGCnet_METR_LA_epoch15.tar
2021-04-27 14:16:44,571 - INFO - epoch complete!
2021-04-27 14:16:44,572 - INFO - evaluating now!
2021-04-27 14:16:44,833 - INFO - Epoch [16/100] train_loss: 7.4123, val_loss: 10.2882, lr: 0.001000, 4.7s
2021-04-27 14:16:44,924 - INFO - Saved model at 16
2021-04-27 14:16:44,924 - INFO - Val loss decrease from 10.4732 to 10.2882, saving to ./trafficdl/cache/model_cache/MultiSTGCnet_METR_LA_epoch16.tar
2021-04-27 14:16:49,358 - INFO - epoch complete!
2021-04-27 14:16:49,359 - INFO - evaluating now!
2021-04-27 14:16:49,616 - INFO - Epoch [17/100] train_loss: 7.0243, val_loss: 10.2751, lr: 0.001000, 4.7s
2021-04-27 14:16:49,706 - INFO - Saved model at 17
2021-04-27 14:16:49,707 - INFO - Val loss decrease from 10.2882 to 10.2751, saving to ./trafficdl/cache/model_cache/MultiSTGCnet_METR_LA_epoch17.tar
2021-04-27 14:16:54,115 - INFO - epoch complete!
2021-04-27 14:16:54,116 - INFO - evaluating now!
2021-04-27 14:16:54,369 - INFO - Epoch [18/100] train_loss: 6.9536, val_loss: 11.0517, lr: 0.001000, 4.7s
2021-04-27 14:16:58,695 - INFO - epoch complete!
2021-04-27 14:16:58,696 - INFO - evaluating now!
2021-04-27 14:16:58,948 - INFO - Epoch [19/100] train_loss: 6.8485, val_loss: 10.2795, lr: 0.000300, 4.6s
2021-04-27 14:17:03,281 - INFO - epoch complete!
2021-04-27 14:17:03,281 - INFO - evaluating now!
2021-04-27 14:17:03,533 - INFO - Epoch [20/100] train_loss: 6.6857, val_loss: 10.1944, lr: 0.000300, 4.6s
2021-04-27 14:17:03,624 - INFO - Saved model at 20
2021-04-27 14:17:03,625 - INFO - Val loss decrease from 10.2751 to 10.1944, saving to ./trafficdl/cache/model_cache/MultiSTGCnet_METR_LA_epoch20.tar
2021-04-27 14:17:07,954 - INFO - epoch complete!
2021-04-27 14:17:07,955 - INFO - evaluating now!
2021-04-27 14:17:08,209 - INFO - Epoch [21/100] train_loss: 6.6507, val_loss: 10.2403, lr: 0.000300, 4.6s
2021-04-27 14:17:12,548 - INFO - epoch complete!
2021-04-27 14:17:12,549 - INFO - evaluating now!
2021-04-27 14:17:12,801 - INFO - Epoch [22/100] train_loss: 6.6995, val_loss: 10.3142, lr: 0.000300, 4.6s
2021-04-27 14:17:17,150 - INFO - epoch complete!
2021-04-27 14:17:17,150 - INFO - evaluating now!
2021-04-27 14:17:17,404 - INFO - Epoch [23/100] train_loss: 6.6936, val_loss: 10.3430, lr: 0.000300, 4.6s
2021-04-27 14:17:21,774 - INFO - epoch complete!
2021-04-27 14:17:21,774 - INFO - evaluating now!
2021-04-27 14:17:22,028 - INFO - Epoch [24/100] train_loss: 6.6857, val_loss: 10.2009, lr: 0.000300, 4.6s
2021-04-27 14:17:26,360 - INFO - epoch complete!
2021-04-27 14:17:26,360 - INFO - evaluating now!
2021-04-27 14:17:26,612 - INFO - Epoch [25/100] train_loss: 6.6417, val_loss: 10.2420, lr: 0.000300, 4.6s
2021-04-27 14:17:30,938 - INFO - epoch complete!
2021-04-27 14:17:30,938 - INFO - evaluating now!
2021-04-27 14:17:31,198 - INFO - Epoch [26/100] train_loss: 6.6239, val_loss: 10.2956, lr: 0.000300, 4.6s
2021-04-27 14:17:35,586 - INFO - epoch complete!
2021-04-27 14:17:35,586 - INFO - evaluating now!
2021-04-27 14:17:35,843 - INFO - Epoch [27/100] train_loss: 6.6170, val_loss: 10.2506, lr: 0.000300, 4.6s
2021-04-27 14:17:40,159 - INFO - epoch complete!
2021-04-27 14:17:40,159 - INFO - evaluating now!
2021-04-27 14:17:40,417 - INFO - Epoch [28/100] train_loss: 6.6018, val_loss: 10.1492, lr: 0.000300, 4.6s
2021-04-27 14:17:40,511 - INFO - Saved model at 28
2021-04-27 14:17:40,511 - INFO - Val loss decrease from 10.1944 to 10.1492, saving to ./trafficdl/cache/model_cache/MultiSTGCnet_METR_LA_epoch28.tar
2021-04-27 14:17:44,887 - INFO - epoch complete!
2021-04-27 14:17:44,887 - INFO - evaluating now!
2021-04-27 14:17:45,139 - INFO - Epoch [29/100] train_loss: 6.5920, val_loss: 10.1498, lr: 0.000300, 4.6s
2021-04-27 14:17:49,472 - INFO - epoch complete!
2021-04-27 14:17:49,472 - INFO - evaluating now!
2021-04-27 14:17:49,733 - INFO - Epoch [30/100] train_loss: 6.5862, val_loss: 10.4644, lr: 0.000300, 4.6s
2021-04-27 14:17:54,093 - INFO - epoch complete!
2021-04-27 14:17:54,094 - INFO - evaluating now!
2021-04-27 14:17:54,346 - INFO - Epoch [31/100] train_loss: 6.5705, val_loss: 10.1615, lr: 0.000300, 4.6s
2021-04-27 14:17:58,682 - INFO - epoch complete!
2021-04-27 14:17:58,682 - INFO - evaluating now!
2021-04-27 14:17:58,936 - INFO - Epoch [32/100] train_loss: 6.5611, val_loss: 10.4473, lr: 0.000300, 4.6s
2021-04-27 14:18:03,275 - INFO - epoch complete!
2021-04-27 14:18:03,276 - INFO - evaluating now!
2021-04-27 14:18:03,526 - INFO - Epoch [33/100] train_loss: 6.5393, val_loss: 10.2822, lr: 0.000300, 4.6s
2021-04-27 14:18:07,871 - INFO - epoch complete!
2021-04-27 14:18:07,872 - INFO - evaluating now!
2021-04-27 14:18:08,123 - INFO - Epoch [34/100] train_loss: 6.5405, val_loss: 10.2179, lr: 0.000300, 4.6s
2021-04-27 14:18:12,484 - INFO - epoch complete!
2021-04-27 14:18:12,485 - INFO - evaluating now!
2021-04-27 14:18:12,734 - INFO - Epoch [35/100] train_loss: 6.5593, val_loss: 10.2746, lr: 0.000300, 4.6s
2021-04-27 14:18:17,075 - INFO - epoch complete!
2021-04-27 14:18:17,075 - INFO - evaluating now!
2021-04-27 14:18:17,328 - INFO - Epoch [36/100] train_loss: 6.5330, val_loss: 10.2675, lr: 0.000300, 4.6s
2021-04-27 14:18:21,686 - INFO - epoch complete!
2021-04-27 14:18:21,686 - INFO - evaluating now!
2021-04-27 14:18:21,948 - INFO - Epoch [37/100] train_loss: 6.4936, val_loss: 10.2311, lr: 0.000300, 4.6s
2021-04-27 14:18:26,340 - INFO - epoch complete!
2021-04-27 14:18:26,341 - INFO - evaluating now!
2021-04-27 14:18:26,597 - INFO - Epoch [38/100] train_loss: 6.4525, val_loss: 10.1878, lr: 0.000300, 4.6s
2021-04-27 14:18:30,940 - INFO - epoch complete!
2021-04-27 14:18:30,940 - INFO - evaluating now!
2021-04-27 14:18:31,195 - INFO - Epoch [39/100] train_loss: 6.4312, val_loss: 10.2232, lr: 0.000090, 4.6s
2021-04-27 14:18:35,540 - INFO - epoch complete!
2021-04-27 14:18:35,540 - INFO - evaluating now!
2021-04-27 14:18:35,795 - INFO - Epoch [40/100] train_loss: 6.3769, val_loss: 10.1818, lr: 0.000090, 4.6s
2021-04-27 14:18:40,147 - INFO - epoch complete!
2021-04-27 14:18:40,147 - INFO - evaluating now!
2021-04-27 14:18:40,401 - INFO - Epoch [41/100] train_loss: 6.3618, val_loss: 10.1740, lr: 0.000090, 4.6s
2021-04-27 14:18:44,753 - INFO - epoch complete!
2021-04-27 14:18:44,754 - INFO - evaluating now!
2021-04-27 14:18:45,009 - INFO - Epoch [42/100] train_loss: 6.3653, val_loss: 10.2080, lr: 0.000090, 4.6s
2021-04-27 14:18:49,351 - INFO - epoch complete!
2021-04-27 14:18:49,352 - INFO - evaluating now!
2021-04-27 14:18:49,602 - INFO - Epoch [43/100] train_loss: 6.3555, val_loss: 10.2231, lr: 0.000090, 4.6s
2021-04-27 14:18:53,971 - INFO - epoch complete!
2021-04-27 14:18:53,971 - INFO - evaluating now!
2021-04-27 14:18:54,222 - INFO - Epoch [44/100] train_loss: 6.3454, val_loss: 10.2381, lr: 0.000090, 4.6s
2021-04-27 14:18:58,623 - INFO - epoch complete!
2021-04-27 14:18:58,624 - INFO - evaluating now!
2021-04-27 14:18:58,879 - INFO - Epoch [45/100] train_loss: 6.3395, val_loss: 10.2310, lr: 0.000090, 4.7s
2021-04-27 14:19:03,242 - INFO - epoch complete!
2021-04-27 14:19:03,243 - INFO - evaluating now!
2021-04-27 14:19:03,499 - INFO - Epoch [46/100] train_loss: 6.3431, val_loss: 10.1872, lr: 0.000090, 4.6s
2021-04-27 14:19:07,824 - INFO - epoch complete!
2021-04-27 14:19:07,825 - INFO - evaluating now!
2021-04-27 14:19:08,076 - INFO - Epoch [47/100] train_loss: 6.3295, val_loss: 10.1745, lr: 0.000090, 4.6s
2021-04-27 14:19:12,402 - INFO - epoch complete!
2021-04-27 14:19:12,402 - INFO - evaluating now!
2021-04-27 14:19:12,659 - INFO - Epoch [48/100] train_loss: 6.3298, val_loss: 10.1900, lr: 0.000090, 4.6s
2021-04-27 14:19:17,070 - INFO - epoch complete!
2021-04-27 14:19:17,071 - INFO - evaluating now!
2021-04-27 14:19:17,332 - INFO - Epoch [49/100] train_loss: 6.3206, val_loss: 10.2276, lr: 0.000090, 4.7s
2021-04-27 14:19:21,664 - INFO - epoch complete!
2021-04-27 14:19:21,664 - INFO - evaluating now!
2021-04-27 14:19:21,924 - INFO - Epoch [50/100] train_loss: 6.3114, val_loss: 10.2780, lr: 0.000090, 4.6s
2021-04-27 14:19:26,258 - INFO - epoch complete!
2021-04-27 14:19:26,259 - INFO - evaluating now!
2021-04-27 14:19:26,511 - INFO - Epoch [51/100] train_loss: 6.3136, val_loss: 10.2516, lr: 0.000090, 4.6s
2021-04-27 14:19:30,846 - INFO - epoch complete!
2021-04-27 14:19:30,847 - INFO - evaluating now!
2021-04-27 14:19:31,097 - INFO - Epoch [52/100] train_loss: 6.3081, val_loss: 10.2283, lr: 0.000090, 4.6s
2021-04-27 14:19:35,431 - INFO - epoch complete!
2021-04-27 14:19:35,431 - INFO - evaluating now!
2021-04-27 14:19:35,684 - INFO - Epoch [53/100] train_loss: 6.2969, val_loss: 10.3020, lr: 0.000090, 4.6s
2021-04-27 14:19:39,992 - INFO - epoch complete!
2021-04-27 14:19:39,993 - INFO - evaluating now!
2021-04-27 14:19:40,249 - INFO - Epoch [54/100] train_loss: 6.2994, val_loss: 10.3137, lr: 0.000090, 4.6s
2021-04-27 14:19:44,590 - INFO - epoch complete!
2021-04-27 14:19:44,590 - INFO - evaluating now!
2021-04-27 14:19:44,842 - INFO - Epoch [55/100] train_loss: 6.2882, val_loss: 10.6194, lr: 0.000090, 4.6s
2021-04-27 14:19:49,210 - INFO - epoch complete!
2021-04-27 14:19:49,211 - INFO - evaluating now!
2021-04-27 14:19:49,468 - INFO - Epoch [56/100] train_loss: 6.2796, val_loss: 10.4204, lr: 0.000090, 4.6s
2021-04-27 14:19:53,833 - INFO - epoch complete!
2021-04-27 14:19:53,833 - INFO - evaluating now!
2021-04-27 14:19:54,087 - INFO - Epoch [57/100] train_loss: 6.2844, val_loss: 10.5536, lr: 0.000090, 4.6s
2021-04-27 14:19:58,471 - INFO - epoch complete!
2021-04-27 14:19:58,472 - INFO - evaluating now!
2021-04-27 14:19:58,726 - INFO - Epoch [58/100] train_loss: 6.2805, val_loss: 10.4450, lr: 0.000090, 4.6s
2021-04-27 14:20:03,110 - INFO - epoch complete!
2021-04-27 14:20:03,110 - INFO - evaluating now!
2021-04-27 14:20:03,368 - INFO - Epoch [59/100] train_loss: 6.2802, val_loss: 10.3966, lr: 0.000027, 4.6s
2021-04-27 14:20:07,735 - INFO - epoch complete!
2021-04-27 14:20:07,735 - INFO - evaluating now!
2021-04-27 14:20:07,994 - INFO - Epoch [60/100] train_loss: 6.2529, val_loss: 10.3898, lr: 0.000027, 4.6s
2021-04-27 14:20:12,362 - INFO - epoch complete!
2021-04-27 14:20:12,363 - INFO - evaluating now!
2021-04-27 14:20:12,613 - INFO - Epoch [61/100] train_loss: 6.2460, val_loss: 10.3788, lr: 0.000027, 4.6s
2021-04-27 14:20:16,953 - INFO - epoch complete!
2021-04-27 14:20:16,953 - INFO - evaluating now!
2021-04-27 14:20:17,205 - INFO - Epoch [62/100] train_loss: 6.2484, val_loss: 10.3030, lr: 0.000027, 4.6s
2021-04-27 14:20:21,560 - INFO - epoch complete!
2021-04-27 14:20:21,561 - INFO - evaluating now!
2021-04-27 14:20:21,815 - INFO - Epoch [63/100] train_loss: 6.2495, val_loss: 10.3754, lr: 0.000027, 4.6s
2021-04-27 14:20:26,168 - INFO - epoch complete!
2021-04-27 14:20:26,169 - INFO - evaluating now!
2021-04-27 14:20:26,420 - INFO - Epoch [64/100] train_loss: 6.2426, val_loss: 10.3430, lr: 0.000027, 4.6s
2021-04-27 14:20:30,735 - INFO - epoch complete!
2021-04-27 14:20:30,736 - INFO - evaluating now!
2021-04-27 14:20:30,987 - INFO - Epoch [65/100] train_loss: 6.2449, val_loss: 10.3800, lr: 0.000027, 4.6s
2021-04-27 14:20:35,411 - INFO - epoch complete!
2021-04-27 14:20:35,411 - INFO - evaluating now!
2021-04-27 14:20:35,660 - INFO - Epoch [66/100] train_loss: 6.2422, val_loss: 10.3603, lr: 0.000027, 4.7s
2021-04-27 14:20:39,992 - INFO - epoch complete!
2021-04-27 14:20:39,992 - INFO - evaluating now!
2021-04-27 14:20:40,244 - INFO - Epoch [67/100] train_loss: 6.2350, val_loss: 10.3757, lr: 0.000027, 4.6s
2021-04-27 14:20:44,555 - INFO - epoch complete!
2021-04-27 14:20:44,556 - INFO - evaluating now!
2021-04-27 14:20:44,810 - INFO - Epoch [68/100] train_loss: 6.2377, val_loss: 10.3946, lr: 0.000027, 4.6s
2021-04-27 14:20:49,128 - INFO - epoch complete!
2021-04-27 14:20:49,128 - INFO - evaluating now!
2021-04-27 14:20:49,392 - INFO - Epoch [69/100] train_loss: 6.2384, val_loss: 10.4248, lr: 0.000027, 4.6s
2021-04-27 14:20:53,771 - INFO - epoch complete!
2021-04-27 14:20:53,772 - INFO - evaluating now!
2021-04-27 14:20:54,035 - INFO - Epoch [70/100] train_loss: 6.2633, val_loss: 10.2620, lr: 0.000027, 4.6s
2021-04-27 14:20:58,415 - INFO - epoch complete!
2021-04-27 14:20:58,415 - INFO - evaluating now!
2021-04-27 14:20:58,668 - INFO - Epoch [71/100] train_loss: 6.2404, val_loss: 10.2768, lr: 0.000027, 4.6s
2021-04-27 14:21:03,004 - INFO - epoch complete!
2021-04-27 14:21:03,005 - INFO - evaluating now!
2021-04-27 14:21:03,257 - INFO - Epoch [72/100] train_loss: 6.2353, val_loss: 10.3089, lr: 0.000027, 4.6s
2021-04-27 14:21:07,591 - INFO - epoch complete!
2021-04-27 14:21:07,592 - INFO - evaluating now!
2021-04-27 14:21:07,844 - INFO - Epoch [73/100] train_loss: 6.2283, val_loss: 10.2880, lr: 0.000027, 4.6s
2021-04-27 14:21:12,179 - INFO - epoch complete!
2021-04-27 14:21:12,180 - INFO - evaluating now!
2021-04-27 14:21:12,431 - INFO - Epoch [74/100] train_loss: 6.2236, val_loss: 10.3134, lr: 0.000027, 4.6s
2021-04-27 14:21:16,807 - INFO - epoch complete!
2021-04-27 14:21:16,808 - INFO - evaluating now!
2021-04-27 14:21:17,058 - INFO - Epoch [75/100] train_loss: 6.2204, val_loss: 10.3199, lr: 0.000027, 4.6s
2021-04-27 14:21:21,406 - INFO - epoch complete!
2021-04-27 14:21:21,406 - INFO - evaluating now!
2021-04-27 14:21:21,663 - INFO - Epoch [76/100] train_loss: 6.2176, val_loss: 10.3339, lr: 0.000027, 4.6s
2021-04-27 14:21:25,994 - INFO - epoch complete!
2021-04-27 14:21:25,994 - INFO - evaluating now!
2021-04-27 14:21:26,246 - INFO - Epoch [77/100] train_loss: 6.2086, val_loss: 10.3273, lr: 0.000027, 4.6s
2021-04-27 14:21:30,596 - INFO - epoch complete!
2021-04-27 14:21:30,596 - INFO - evaluating now!
2021-04-27 14:21:30,848 - INFO - Epoch [78/100] train_loss: 6.2021, val_loss: 10.3450, lr: 0.000027, 4.6s
2021-04-27 14:21:30,849 - WARNING - Early stopping at epoch: 78
2021-04-27 14:21:31,033 - INFO - Loaded model at 28
2021-04-27 14:21:31,036 - INFO - Saved model at ./trafficdl/cache/model_cache/MultiSTGCnet_METR_LA.m
2021-04-27 14:21:31,122 - INFO - Start evaluating ...
2021-04-27 14:21:32,049 - INFO - Evaluate result is {"MAE@1": 6.568934917449951, "MAPE@1": Infinity, "MSE@1": 209.9173583984375, "RMSE@1": 14.488525390625, "masked_MAE@1": 4.405857563018799, "masked_MSE@1": 75.79627227783203, "masked_RMSE@1": 8.70610523223877, "masked_MAPE@1": 0.12295649200677872, "R2@1": 0.29644770512484286, "EVAR@1": 0.3204016089439392}
2021-04-27 14:21:32,060 - INFO - Evaluate result is saved at ./trafficdl/cache/evaluate_cache/2021_04_27_14_21_32_MultiSTGCnet_METR_LA.json
2021-04-27 14:21:32,074 - INFO - Evaluate result is saved at ./trafficdl/cache/evaluate_cache/2021_04_27_14_21_32_MultiSTGCnet_METR_LA.csv
2021-04-27 14:21:32,124 - INFO - 
        MAE  MAPE         MSE       RMSE  masked_MAE  masked_MSE  masked_RMSE  masked_MAPE        R2      EVAR
0  6.568935   inf  209.917358  14.488525    4.405858   75.796272     8.706105     0.122956  0.296448  0.320402
