2021-04-27 19:47:19,724 - INFO - Log directory: ./trafficdl/log
2021-04-27 19:47:19,724 - INFO - Begin pipeline, task=traffic_state_pred, model_name=STAGGCN, dataset_name=PEMS_BAY
2021-04-27 19:47:20,008 - INFO - Loaded file PEMS_BAY.geo, num_nodes=325
2021-04-27 19:47:20,078 - INFO - Loaded file PEMS_BAY.rel, shape=(325, 325)
2021-04-27 19:47:20,078 - INFO - Start Calculate the weight by Gauss kernel!
2021-04-27 19:47:20,340 - INFO - Loading ./trafficdl/cache/dataset_cache/point_based_PEMS_BAY_12_12_0.7_0.1_standard_64_False_False_True.npz
2021-04-27 19:47:33,143 - INFO - train	x: (36465, 12, 325, 1)y: (36465, 12, 325, 1)
2021-04-27 19:47:33,144 - INFO - eval	x: (5209, 12, 325, 1)y: (5209, 12, 325, 1)
2021-04-27 19:47:33,144 - INFO - test	x: (10419, 12, 325, 1)y: (10419, 12, 325, 1)
2021-04-27 19:47:35,974 - INFO - StandardScaler mean: 62.73567651594296, std: 9.438173664359947
2021-04-27 19:48:07,436 - INFO - model.STCell.sp_source_embed	torch.Size([325, 12])	cuda:2	True
2021-04-27 19:48:07,436 - INFO - model.STCell.sp_target_embed	torch.Size([12, 325])	cuda:2	True
2021-04-27 19:48:07,436 - INFO - model.STCell.dtw_source_embed	torch.Size([325, 12])	cuda:2	True
2021-04-27 19:48:07,436 - INFO - model.STCell.dtw_target_embed	torch.Size([12, 325])	cuda:2	True
2021-04-27 19:48:07,436 - INFO - model.STCell.seq_linear.weight	torch.Size([12, 12])	cuda:2	True
2021-04-27 19:48:07,436 - INFO - model.STCell.seq_linear.bias	torch.Size([12])	cuda:2	True
2021-04-27 19:48:07,436 - INFO - model.STCell.self_atten.in_proj_weight	torch.Size([975, 325])	cuda:2	True
2021-04-27 19:48:07,436 - INFO - model.STCell.self_atten.in_proj_bias	torch.Size([975])	cuda:2	True
2021-04-27 19:48:07,436 - INFO - model.STCell.self_atten.out_proj.weight	torch.Size([325, 325])	cuda:2	True
2021-04-27 19:48:07,436 - INFO - model.STCell.self_atten.out_proj.bias	torch.Size([325])	cuda:2	True
2021-04-27 19:48:07,436 - INFO - model.STCell.tcn.network.0.conv1.bias	torch.Size([10])	cuda:2	True
2021-04-27 19:48:07,436 - INFO - model.STCell.tcn.network.0.conv1.weight_g	torch.Size([10, 1, 1])	cuda:2	True
2021-04-27 19:48:07,437 - INFO - model.STCell.tcn.network.0.conv1.weight_v	torch.Size([10, 1, 2])	cuda:2	True
2021-04-27 19:48:07,437 - INFO - model.STCell.tcn.network.0.conv2.bias	torch.Size([10])	cuda:2	True
2021-04-27 19:48:07,437 - INFO - model.STCell.tcn.network.0.conv2.weight_g	torch.Size([10, 1, 1])	cuda:2	True
2021-04-27 19:48:07,437 - INFO - model.STCell.tcn.network.0.conv2.weight_v	torch.Size([10, 10, 2])	cuda:2	True
2021-04-27 19:48:07,437 - INFO - model.STCell.tcn.network.0.downsample.weight	torch.Size([10, 1, 1])	cuda:2	True
2021-04-27 19:48:07,437 - INFO - model.STCell.tcn.network.0.downsample.bias	torch.Size([10])	cuda:2	True
2021-04-27 19:48:07,437 - INFO - model.STCell.tlinear.weight	torch.Size([32, 120])	cuda:2	True
2021-04-27 19:48:07,437 - INFO - model.STCell.tlinear.bias	torch.Size([32])	cuda:2	True
2021-04-27 19:48:07,437 - INFO - model.STCell.sp_origin.weight	torch.Size([32, 12])	cuda:2	True
2021-04-27 19:48:07,437 - INFO - model.STCell.sp_origin.bias	torch.Size([32])	cuda:2	True
2021-04-27 19:48:07,437 - INFO - model.STCell.sp_gconv1.att_l	torch.Size([1, 3, 32])	cuda:2	True
2021-04-27 19:48:07,437 - INFO - model.STCell.sp_gconv1.att_r	torch.Size([1, 3, 32])	cuda:2	True
2021-04-27 19:48:07,437 - INFO - model.STCell.sp_gconv1.bias	torch.Size([32])	cuda:2	True
2021-04-27 19:48:07,437 - INFO - model.STCell.sp_gconv1.lin_l.weight	torch.Size([96, 12])	cuda:2	True
2021-04-27 19:48:07,438 - INFO - model.STCell.sp_gconv2.att_l	torch.Size([1, 3, 32])	cuda:2	True
2021-04-27 19:48:07,438 - INFO - model.STCell.sp_gconv2.att_r	torch.Size([1, 3, 32])	cuda:2	True
2021-04-27 19:48:07,438 - INFO - model.STCell.sp_gconv2.bias	torch.Size([32])	cuda:2	True
2021-04-27 19:48:07,438 - INFO - model.STCell.sp_gconv2.lin_l.weight	torch.Size([96, 32])	cuda:2	True
2021-04-27 19:48:07,438 - INFO - model.STCell.sp_gconv3.att_l	torch.Size([1, 3, 32])	cuda:2	True
2021-04-27 19:48:07,438 - INFO - model.STCell.sp_gconv3.att_r	torch.Size([1, 3, 32])	cuda:2	True
2021-04-27 19:48:07,438 - INFO - model.STCell.sp_gconv3.bias	torch.Size([32])	cuda:2	True
2021-04-27 19:48:07,438 - INFO - model.STCell.sp_gconv3.lin_l.weight	torch.Size([96, 32])	cuda:2	True
2021-04-27 19:48:07,438 - INFO - model.STCell.sp_gconv4.att_l	torch.Size([1, 1, 32])	cuda:2	True
2021-04-27 19:48:07,438 - INFO - model.STCell.sp_gconv4.att_r	torch.Size([1, 1, 32])	cuda:2	True
2021-04-27 19:48:07,438 - INFO - model.STCell.sp_gconv4.bias	torch.Size([32])	cuda:2	True
2021-04-27 19:48:07,438 - INFO - model.STCell.sp_gconv4.lin_l.weight	torch.Size([32, 32])	cuda:2	True
2021-04-27 19:48:07,438 - INFO - model.STCell.sp_linear_1.weight	torch.Size([32, 12])	cuda:2	True
2021-04-27 19:48:07,438 - INFO - model.STCell.sp_linear_1.bias	torch.Size([32])	cuda:2	True
2021-04-27 19:48:07,438 - INFO - model.STCell.sp_linear_2.weight	torch.Size([32, 32])	cuda:2	True
2021-04-27 19:48:07,438 - INFO - model.STCell.sp_linear_2.bias	torch.Size([32])	cuda:2	True
2021-04-27 19:48:07,439 - INFO - model.STCell.sp_linear_3.weight	torch.Size([32, 32])	cuda:2	True
2021-04-27 19:48:07,439 - INFO - model.STCell.sp_linear_3.bias	torch.Size([32])	cuda:2	True
2021-04-27 19:48:07,439 - INFO - model.STCell.sp_linear_4.weight	torch.Size([32, 32])	cuda:2	True
2021-04-27 19:48:07,439 - INFO - model.STCell.sp_linear_4.bias	torch.Size([32])	cuda:2	True
2021-04-27 19:48:07,439 - INFO - model.STCell.dtw_origin.weight	torch.Size([32, 12])	cuda:2	True
2021-04-27 19:48:07,439 - INFO - model.STCell.dtw_origin.bias	torch.Size([32])	cuda:2	True
2021-04-27 19:48:07,439 - INFO - model.STCell.dtw_gconv1.att_l	torch.Size([1, 3, 32])	cuda:2	True
2021-04-27 19:48:07,439 - INFO - model.STCell.dtw_gconv1.att_r	torch.Size([1, 3, 32])	cuda:2	True
2021-04-27 19:48:07,439 - INFO - model.STCell.dtw_gconv1.bias	torch.Size([32])	cuda:2	True
2021-04-27 19:48:07,439 - INFO - model.STCell.dtw_gconv1.lin_l.weight	torch.Size([96, 12])	cuda:2	True
2021-04-27 19:48:07,439 - INFO - model.STCell.dtw_gconv2.att_l	torch.Size([1, 3, 32])	cuda:2	True
2021-04-27 19:48:07,439 - INFO - model.STCell.dtw_gconv2.att_r	torch.Size([1, 3, 32])	cuda:2	True
2021-04-27 19:48:07,439 - INFO - model.STCell.dtw_gconv2.bias	torch.Size([32])	cuda:2	True
2021-04-27 19:48:07,439 - INFO - model.STCell.dtw_gconv2.lin_l.weight	torch.Size([96, 32])	cuda:2	True
2021-04-27 19:48:07,439 - INFO - model.STCell.dtw_gconv3.att_l	torch.Size([1, 3, 32])	cuda:2	True
2021-04-27 19:48:07,439 - INFO - model.STCell.dtw_gconv3.att_r	torch.Size([1, 3, 32])	cuda:2	True
2021-04-27 19:48:07,439 - INFO - model.STCell.dtw_gconv3.bias	torch.Size([32])	cuda:2	True
2021-04-27 19:48:07,440 - INFO - model.STCell.dtw_gconv3.lin_l.weight	torch.Size([96, 32])	cuda:2	True
2021-04-27 19:48:07,440 - INFO - model.STCell.dtw_gconv4.att_l	torch.Size([1, 3, 32])	cuda:2	True
2021-04-27 19:48:07,440 - INFO - model.STCell.dtw_gconv4.att_r	torch.Size([1, 3, 32])	cuda:2	True
2021-04-27 19:48:07,440 - INFO - model.STCell.dtw_gconv4.bias	torch.Size([32])	cuda:2	True
2021-04-27 19:48:07,440 - INFO - model.STCell.dtw_gconv4.lin_l.weight	torch.Size([96, 32])	cuda:2	True
2021-04-27 19:48:07,440 - INFO - model.STCell.dtw_linear_1.weight	torch.Size([32, 12])	cuda:2	True
2021-04-27 19:48:07,440 - INFO - model.STCell.dtw_linear_1.bias	torch.Size([32])	cuda:2	True
2021-04-27 19:48:07,440 - INFO - model.STCell.dtw_linear_2.weight	torch.Size([32, 32])	cuda:2	True
2021-04-27 19:48:07,440 - INFO - model.STCell.dtw_linear_2.bias	torch.Size([32])	cuda:2	True
2021-04-27 19:48:07,440 - INFO - model.STCell.dtw_linear_3.weight	torch.Size([32, 32])	cuda:2	True
2021-04-27 19:48:07,440 - INFO - model.STCell.dtw_linear_3.bias	torch.Size([32])	cuda:2	True
2021-04-27 19:48:07,440 - INFO - model.STCell.dtw_linear_4.weight	torch.Size([32, 32])	cuda:2	True
2021-04-27 19:48:07,440 - INFO - model.STCell.dtw_linear_4.bias	torch.Size([32])	cuda:2	True
2021-04-27 19:48:07,440 - INFO - model.output_linear.weight	torch.Size([12, 96])	cuda:2	True
2021-04-27 19:48:07,440 - INFO - model.output_linear.bias	torch.Size([12])	cuda:2	True
2021-04-27 19:48:07,441 - INFO - Total parameter numbers: 473224
2021-04-27 19:48:07,449 - INFO - Loaded model at 1318
2021-04-27 19:48:07,450 - INFO - Start training ...
2021-04-27 19:48:07,450 - INFO - num_batches:570
2021-04-27 19:48:40,200 - INFO - epoch complete!
2021-04-27 19:48:40,201 - INFO - evaluating now!
2021-04-27 19:48:43,006 - INFO - Epoch [1318/1500] train_loss: 2.6302, val_loss: 2.9840, lr: 0.001000, 35.6s
2021-04-27 19:48:43,020 - INFO - Saved model at 1318
2021-04-27 19:48:43,021 - INFO - Val loss decrease from inf to 2.9840, saving to ./trafficdl/cache/model_cache/STAGGCN_PEMS_BAY_epoch1318.tar
2021-04-27 19:49:14,034 - INFO - epoch complete!
2021-04-27 19:49:14,035 - INFO - evaluating now!
2021-04-27 19:49:16,683 - INFO - Epoch [1319/1500] train_loss: 2.6280, val_loss: 2.9766, lr: 0.001000, 33.7s
2021-04-27 19:49:16,693 - INFO - Saved model at 1319
2021-04-27 19:49:16,693 - INFO - Val loss decrease from 2.9840 to 2.9766, saving to ./trafficdl/cache/model_cache/STAGGCN_PEMS_BAY_epoch1319.tar
2021-04-27 19:49:47,339 - INFO - epoch complete!
2021-04-27 19:49:47,340 - INFO - evaluating now!
2021-04-27 19:49:50,046 - INFO - Epoch [1320/1500] train_loss: 2.6265, val_loss: 2.9789, lr: 0.001000, 33.4s
2021-04-27 19:50:19,815 - INFO - epoch complete!
2021-04-27 19:50:19,816 - INFO - evaluating now!
2021-04-27 19:50:22,667 - INFO - Epoch [1321/1500] train_loss: 2.6266, val_loss: 2.9796, lr: 0.001000, 32.6s
2021-04-27 19:50:53,275 - INFO - epoch complete!
2021-04-27 19:50:53,276 - INFO - evaluating now!
2021-04-27 19:50:56,053 - INFO - Epoch [1322/1500] train_loss: 2.6264, val_loss: 2.9797, lr: 0.001000, 33.4s
2021-04-27 19:51:26,724 - INFO - epoch complete!
2021-04-27 19:51:26,724 - INFO - evaluating now!
2021-04-27 19:51:29,496 - INFO - Epoch [1323/1500] train_loss: 2.6258, val_loss: 2.9883, lr: 0.001000, 33.4s
2021-04-27 19:51:59,639 - INFO - epoch complete!
2021-04-27 19:51:59,639 - INFO - evaluating now!
2021-04-27 19:52:02,174 - INFO - Epoch [1324/1500] train_loss: 2.6251, val_loss: 2.9736, lr: 0.001000, 32.7s
2021-04-27 19:52:02,183 - INFO - Saved model at 1324
2021-04-27 19:52:02,184 - INFO - Val loss decrease from 2.9766 to 2.9736, saving to ./trafficdl/cache/model_cache/STAGGCN_PEMS_BAY_epoch1324.tar
2021-04-27 19:52:32,464 - INFO - epoch complete!
2021-04-27 19:52:32,465 - INFO - evaluating now!
2021-04-27 19:52:35,582 - INFO - Epoch [1325/1500] train_loss: 2.6251, val_loss: 2.9729, lr: 0.001000, 33.4s
2021-04-27 19:52:35,591 - INFO - Saved model at 1325
2021-04-27 19:52:35,591 - INFO - Val loss decrease from 2.9736 to 2.9729, saving to ./trafficdl/cache/model_cache/STAGGCN_PEMS_BAY_epoch1325.tar
2021-04-27 19:53:06,385 - INFO - epoch complete!
2021-04-27 19:53:06,386 - INFO - evaluating now!
2021-04-27 19:53:09,030 - INFO - Epoch [1326/1500] train_loss: 2.6253, val_loss: 2.9772, lr: 0.001000, 33.4s
2021-04-27 19:53:39,374 - INFO - epoch complete!
2021-04-27 19:53:39,374 - INFO - evaluating now!
2021-04-27 19:53:42,244 - INFO - Epoch [1327/1500] train_loss: 2.6248, val_loss: 2.9759, lr: 0.001000, 33.2s
2021-04-27 19:54:14,307 - INFO - epoch complete!
2021-04-27 19:54:14,308 - INFO - evaluating now!
2021-04-27 19:54:17,191 - INFO - Epoch [1328/1500] train_loss: 2.6243, val_loss: 2.9797, lr: 0.001000, 34.9s
2021-04-27 19:54:48,034 - INFO - epoch complete!
2021-04-27 19:54:48,035 - INFO - evaluating now!
2021-04-27 19:54:50,743 - INFO - Epoch [1329/1500] train_loss: 2.6247, val_loss: 2.9833, lr: 0.001000, 33.6s
2021-04-27 19:55:22,206 - INFO - epoch complete!
2021-04-27 19:55:22,207 - INFO - evaluating now!
2021-04-27 19:55:25,526 - INFO - Epoch [1330/1500] train_loss: 2.6243, val_loss: 2.9764, lr: 0.001000, 34.8s
2021-04-27 19:55:56,453 - INFO - epoch complete!
2021-04-27 19:55:56,454 - INFO - evaluating now!
2021-04-27 19:55:59,439 - INFO - Epoch [1331/1500] train_loss: 2.6241, val_loss: 2.9760, lr: 0.001000, 33.9s
2021-04-27 19:56:30,758 - INFO - epoch complete!
2021-04-27 19:56:30,759 - INFO - evaluating now!
2021-04-27 19:56:33,383 - INFO - Epoch [1332/1500] train_loss: 2.6240, val_loss: 2.9732, lr: 0.001000, 33.9s
2021-04-27 19:57:03,924 - INFO - epoch complete!
2021-04-27 19:57:03,924 - INFO - evaluating now!
2021-04-27 19:57:06,596 - INFO - Epoch [1333/1500] train_loss: 2.6245, val_loss: 2.9819, lr: 0.001000, 33.2s
2021-04-27 19:57:37,237 - INFO - epoch complete!
2021-04-27 19:57:37,238 - INFO - evaluating now!
2021-04-27 19:57:39,999 - INFO - Epoch [1334/1500] train_loss: 2.6238, val_loss: 2.9728, lr: 0.001000, 33.4s
2021-04-27 19:57:40,010 - INFO - Saved model at 1334
2021-04-27 19:57:40,010 - INFO - Val loss decrease from 2.9729 to 2.9728, saving to ./trafficdl/cache/model_cache/STAGGCN_PEMS_BAY_epoch1334.tar
2021-04-27 19:58:10,819 - INFO - epoch complete!
2021-04-27 19:58:10,819 - INFO - evaluating now!
2021-04-27 19:58:13,418 - INFO - Epoch [1335/1500] train_loss: 2.6237, val_loss: 2.9739, lr: 0.001000, 33.4s
2021-04-27 19:58:44,174 - INFO - epoch complete!
2021-04-27 19:58:44,174 - INFO - evaluating now!
2021-04-27 19:58:46,969 - INFO - Epoch [1336/1500] train_loss: 2.6232, val_loss: 2.9717, lr: 0.001000, 33.5s
2021-04-27 19:58:46,985 - INFO - Saved model at 1336
2021-04-27 19:58:46,986 - INFO - Val loss decrease from 2.9728 to 2.9717, saving to ./trafficdl/cache/model_cache/STAGGCN_PEMS_BAY_epoch1336.tar
2021-04-27 19:59:18,264 - INFO - epoch complete!
2021-04-27 19:59:18,265 - INFO - evaluating now!
2021-04-27 19:59:21,005 - INFO - Epoch [1337/1500] train_loss: 2.6240, val_loss: 2.9702, lr: 0.001000, 34.0s
2021-04-27 19:59:21,015 - INFO - Saved model at 1337
2021-04-27 19:59:21,015 - INFO - Val loss decrease from 2.9717 to 2.9702, saving to ./trafficdl/cache/model_cache/STAGGCN_PEMS_BAY_epoch1337.tar
2021-04-27 19:59:51,946 - INFO - epoch complete!
2021-04-27 19:59:51,946 - INFO - evaluating now!
2021-04-27 19:59:54,750 - INFO - Epoch [1338/1500] train_loss: 2.6230, val_loss: 2.9751, lr: 0.001000, 33.7s
2021-04-27 20:00:25,577 - INFO - epoch complete!
2021-04-27 20:00:25,577 - INFO - evaluating now!
2021-04-27 20:00:28,225 - INFO - Epoch [1339/1500] train_loss: 2.6228, val_loss: 2.9762, lr: 0.001000, 33.5s
2021-04-27 20:01:00,090 - INFO - epoch complete!
2021-04-27 20:01:00,090 - INFO - evaluating now!
2021-04-27 20:01:02,850 - INFO - Epoch [1340/1500] train_loss: 2.6232, val_loss: 2.9760, lr: 0.001000, 34.6s
2021-04-27 20:01:34,006 - INFO - epoch complete!
2021-04-27 20:01:34,006 - INFO - evaluating now!
2021-04-27 20:01:37,120 - INFO - Epoch [1341/1500] train_loss: 2.6232, val_loss: 2.9731, lr: 0.001000, 34.3s
2021-04-27 20:02:09,337 - INFO - epoch complete!
2021-04-27 20:02:09,337 - INFO - evaluating now!
2021-04-27 20:02:12,120 - INFO - Epoch [1342/1500] train_loss: 2.6228, val_loss: 2.9786, lr: 0.001000, 35.0s
2021-04-27 20:02:43,999 - INFO - epoch complete!
2021-04-27 20:02:44,000 - INFO - evaluating now!
2021-04-27 20:02:47,121 - INFO - Epoch [1343/1500] train_loss: 2.6230, val_loss: 2.9749, lr: 0.001000, 35.0s
2021-04-27 20:03:18,689 - INFO - epoch complete!
2021-04-27 20:03:18,690 - INFO - evaluating now!
2021-04-27 20:03:21,422 - INFO - Epoch [1344/1500] train_loss: 2.6232, val_loss: 2.9724, lr: 0.001000, 34.3s
2021-04-27 20:03:53,144 - INFO - epoch complete!
2021-04-27 20:03:53,145 - INFO - evaluating now!
2021-04-27 20:03:56,023 - INFO - Epoch [1345/1500] train_loss: 2.6226, val_loss: 2.9714, lr: 0.001000, 34.6s
2021-04-27 20:04:28,486 - INFO - epoch complete!
2021-04-27 20:04:28,487 - INFO - evaluating now!
2021-04-27 20:04:31,579 - INFO - Epoch [1346/1500] train_loss: 2.6227, val_loss: 2.9761, lr: 0.001000, 35.6s
2021-04-27 20:05:04,929 - INFO - epoch complete!
2021-04-27 20:05:04,930 - INFO - evaluating now!
2021-04-27 20:05:08,009 - INFO - Epoch [1347/1500] train_loss: 2.6222, val_loss: 2.9723, lr: 0.001000, 36.4s
2021-04-27 20:05:40,439 - INFO - epoch complete!
2021-04-27 20:05:40,439 - INFO - evaluating now!
2021-04-27 20:05:43,332 - INFO - Epoch [1348/1500] train_loss: 2.6226, val_loss: 2.9711, lr: 0.001000, 35.3s
2021-04-27 20:06:14,154 - INFO - epoch complete!
2021-04-27 20:06:14,155 - INFO - evaluating now!
2021-04-27 20:06:16,783 - INFO - Epoch [1349/1500] train_loss: 2.6219, val_loss: 2.9710, lr: 0.001000, 33.4s
2021-04-27 20:06:48,365 - INFO - epoch complete!
2021-04-27 20:06:48,366 - INFO - evaluating now!
2021-04-27 20:06:51,285 - INFO - Epoch [1350/1500] train_loss: 2.6224, val_loss: 2.9742, lr: 0.001000, 34.5s
2021-04-27 20:07:22,307 - INFO - epoch complete!
2021-04-27 20:07:22,308 - INFO - evaluating now!
2021-04-27 20:07:24,972 - INFO - Epoch [1351/1500] train_loss: 2.6217, val_loss: 2.9723, lr: 0.001000, 33.7s
2021-04-27 20:07:54,905 - INFO - epoch complete!
2021-04-27 20:07:54,906 - INFO - evaluating now!
2021-04-27 20:07:57,820 - INFO - Epoch [1352/1500] train_loss: 2.6215, val_loss: 2.9734, lr: 0.001000, 32.8s
2021-04-27 20:08:28,751 - INFO - epoch complete!
2021-04-27 20:08:28,752 - INFO - evaluating now!
2021-04-27 20:08:31,475 - INFO - Epoch [1353/1500] train_loss: 2.6219, val_loss: 2.9700, lr: 0.001000, 33.7s
2021-04-27 20:08:31,484 - INFO - Saved model at 1353
2021-04-27 20:08:31,484 - INFO - Val loss decrease from 2.9702 to 2.9700, saving to ./trafficdl/cache/model_cache/STAGGCN_PEMS_BAY_epoch1353.tar
2021-04-27 20:09:02,465 - INFO - epoch complete!
2021-04-27 20:09:02,465 - INFO - evaluating now!
2021-04-27 20:09:05,206 - INFO - Epoch [1354/1500] train_loss: 2.6213, val_loss: 2.9729, lr: 0.001000, 33.7s
2021-04-27 20:09:36,099 - INFO - epoch complete!
2021-04-27 20:09:36,099 - INFO - evaluating now!
2021-04-27 20:09:38,728 - INFO - Epoch [1355/1500] train_loss: 2.6215, val_loss: 2.9722, lr: 0.001000, 33.5s
2021-04-27 20:10:09,327 - INFO - epoch complete!
2021-04-27 20:10:09,327 - INFO - evaluating now!
2021-04-27 20:10:12,066 - INFO - Epoch [1356/1500] train_loss: 2.6212, val_loss: 2.9691, lr: 0.001000, 33.3s
2021-04-27 20:10:12,078 - INFO - Saved model at 1356
2021-04-27 20:10:12,078 - INFO - Val loss decrease from 2.9700 to 2.9691, saving to ./trafficdl/cache/model_cache/STAGGCN_PEMS_BAY_epoch1356.tar
2021-04-27 20:10:43,781 - INFO - epoch complete!
2021-04-27 20:10:43,781 - INFO - evaluating now!
2021-04-27 20:10:46,370 - INFO - Epoch [1357/1500] train_loss: 2.6212, val_loss: 2.9704, lr: 0.001000, 34.3s
2021-04-27 20:11:19,075 - INFO - epoch complete!
2021-04-27 20:11:19,075 - INFO - evaluating now!
2021-04-27 20:11:22,082 - INFO - Epoch [1358/1500] train_loss: 2.6209, val_loss: 2.9746, lr: 0.001000, 35.7s
2021-04-27 20:11:53,885 - INFO - epoch complete!
2021-04-27 20:11:53,885 - INFO - evaluating now!
2021-04-27 20:11:56,632 - INFO - Epoch [1359/1500] train_loss: 2.6212, val_loss: 2.9757, lr: 0.001000, 34.5s
2021-04-27 20:12:27,378 - INFO - epoch complete!
2021-04-27 20:12:27,379 - INFO - evaluating now!
2021-04-27 20:12:30,046 - INFO - Epoch [1360/1500] train_loss: 2.6206, val_loss: 2.9739, lr: 0.001000, 33.4s
2021-04-27 20:13:00,506 - INFO - epoch complete!
2021-04-27 20:13:00,507 - INFO - evaluating now!
2021-04-27 20:13:03,408 - INFO - Epoch [1361/1500] train_loss: 2.6208, val_loss: 2.9718, lr: 0.001000, 33.4s
2021-04-27 20:13:33,817 - INFO - epoch complete!
2021-04-27 20:13:33,817 - INFO - evaluating now!
2021-04-27 20:13:36,686 - INFO - Epoch [1362/1500] train_loss: 2.6208, val_loss: 2.9678, lr: 0.001000, 33.3s
2021-04-27 20:13:36,701 - INFO - Saved model at 1362
2021-04-27 20:13:36,701 - INFO - Val loss decrease from 2.9691 to 2.9678, saving to ./trafficdl/cache/model_cache/STAGGCN_PEMS_BAY_epoch1362.tar
2021-04-27 20:14:07,255 - INFO - epoch complete!
2021-04-27 20:14:07,255 - INFO - evaluating now!
2021-04-27 20:14:10,492 - INFO - Epoch [1363/1500] train_loss: 2.6211, val_loss: 2.9725, lr: 0.001000, 33.8s
2021-04-27 20:14:40,923 - INFO - epoch complete!
2021-04-27 20:14:40,924 - INFO - evaluating now!
2021-04-27 20:14:43,765 - INFO - Epoch [1364/1500] train_loss: 2.6211, val_loss: 2.9731, lr: 0.001000, 33.3s
2021-04-27 20:15:14,947 - INFO - epoch complete!
2021-04-27 20:15:14,948 - INFO - evaluating now!
2021-04-27 20:15:17,559 - INFO - Epoch [1365/1500] train_loss: 2.6209, val_loss: 2.9706, lr: 0.001000, 33.8s
2021-04-27 20:15:47,156 - INFO - epoch complete!
2021-04-27 20:15:47,156 - INFO - evaluating now!
2021-04-27 20:15:49,758 - INFO - Epoch [1366/1500] train_loss: 2.6206, val_loss: 2.9721, lr: 0.001000, 32.2s
2021-04-27 20:16:22,261 - INFO - epoch complete!
2021-04-27 20:16:22,262 - INFO - evaluating now!
2021-04-27 20:16:25,306 - INFO - Epoch [1367/1500] train_loss: 2.6210, val_loss: 2.9719, lr: 0.001000, 35.5s
2021-04-27 20:16:56,480 - INFO - epoch complete!
2021-04-27 20:16:56,481 - INFO - evaluating now!
2021-04-27 20:16:59,302 - INFO - Epoch [1368/1500] train_loss: 2.6202, val_loss: 2.9736, lr: 0.001000, 34.0s
2021-04-27 20:17:29,388 - INFO - epoch complete!
2021-04-27 20:17:29,388 - INFO - evaluating now!
2021-04-27 20:17:32,016 - INFO - Epoch [1369/1500] train_loss: 2.6203, val_loss: 2.9715, lr: 0.001000, 32.7s
2021-04-27 20:18:01,694 - INFO - epoch complete!
2021-04-27 20:18:01,695 - INFO - evaluating now!
2021-04-27 20:18:04,249 - INFO - Epoch [1370/1500] train_loss: 2.6208, val_loss: 2.9697, lr: 0.001000, 32.2s
2021-04-27 20:18:34,564 - INFO - epoch complete!
2021-04-27 20:18:34,564 - INFO - evaluating now!
2021-04-27 20:18:37,142 - INFO - Epoch [1371/1500] train_loss: 2.6204, val_loss: 2.9704, lr: 0.001000, 32.9s
2021-04-27 20:19:07,595 - INFO - epoch complete!
2021-04-27 20:19:07,595 - INFO - evaluating now!
2021-04-27 20:19:11,247 - INFO - Epoch [1372/1500] train_loss: 2.6202, val_loss: 2.9780, lr: 0.001000, 34.1s
2021-04-27 20:19:42,027 - INFO - epoch complete!
2021-04-27 20:19:42,028 - INFO - evaluating now!
2021-04-27 20:19:44,654 - INFO - Epoch [1373/1500] train_loss: 2.6204, val_loss: 2.9696, lr: 0.001000, 33.4s
2021-04-27 20:20:15,240 - INFO - epoch complete!
2021-04-27 20:20:15,240 - INFO - evaluating now!
2021-04-27 20:20:17,990 - INFO - Epoch [1374/1500] train_loss: 2.6204, val_loss: 2.9711, lr: 0.001000, 33.3s
2021-04-27 20:20:48,734 - INFO - epoch complete!
2021-04-27 20:20:48,735 - INFO - evaluating now!
2021-04-27 20:20:51,346 - INFO - Epoch [1375/1500] train_loss: 2.6202, val_loss: 2.9650, lr: 0.001000, 33.4s
2021-04-27 20:20:51,356 - INFO - Saved model at 1375
2021-04-27 20:20:51,356 - INFO - Val loss decrease from 2.9678 to 2.9650, saving to ./trafficdl/cache/model_cache/STAGGCN_PEMS_BAY_epoch1375.tar
2021-04-27 20:21:22,380 - INFO - epoch complete!
2021-04-27 20:21:22,381 - INFO - evaluating now!
2021-04-27 20:21:25,344 - INFO - Epoch [1376/1500] train_loss: 2.6200, val_loss: 2.9695, lr: 0.001000, 34.0s
2021-04-27 20:21:56,070 - INFO - epoch complete!
2021-04-27 20:21:56,071 - INFO - evaluating now!
2021-04-27 20:21:58,926 - INFO - Epoch [1377/1500] train_loss: 2.6200, val_loss: 2.9674, lr: 0.001000, 33.6s
2021-04-27 20:22:29,849 - INFO - epoch complete!
2021-04-27 20:22:29,850 - INFO - evaluating now!
2021-04-27 20:22:32,453 - INFO - Epoch [1378/1500] train_loss: 2.6198, val_loss: 2.9726, lr: 0.001000, 33.5s
2021-04-27 20:23:02,885 - INFO - epoch complete!
2021-04-27 20:23:02,886 - INFO - evaluating now!
2021-04-27 20:23:05,588 - INFO - Epoch [1379/1500] train_loss: 2.6199, val_loss: 2.9712, lr: 0.001000, 33.1s
2021-04-27 20:23:35,855 - INFO - epoch complete!
2021-04-27 20:23:35,856 - INFO - evaluating now!
2021-04-27 20:23:38,673 - INFO - Epoch [1380/1500] train_loss: 2.6192, val_loss: 2.9691, lr: 0.001000, 33.1s
2021-04-27 20:24:09,380 - INFO - epoch complete!
2021-04-27 20:24:09,381 - INFO - evaluating now!
2021-04-27 20:24:12,585 - INFO - Epoch [1381/1500] train_loss: 2.6199, val_loss: 2.9684, lr: 0.001000, 33.9s
2021-04-27 20:24:43,056 - INFO - epoch complete!
2021-04-27 20:24:43,057 - INFO - evaluating now!
2021-04-27 20:24:45,703 - INFO - Epoch [1382/1500] train_loss: 2.6194, val_loss: 2.9727, lr: 0.001000, 33.1s
2021-04-27 20:25:16,966 - INFO - epoch complete!
2021-04-27 20:25:16,967 - INFO - evaluating now!
2021-04-27 20:25:19,682 - INFO - Epoch [1383/1500] train_loss: 2.6189, val_loss: 2.9666, lr: 0.001000, 34.0s
2021-04-27 20:25:50,887 - INFO - epoch complete!
2021-04-27 20:25:50,888 - INFO - evaluating now!
2021-04-27 20:25:53,545 - INFO - Epoch [1384/1500] train_loss: 2.6190, val_loss: 2.9778, lr: 0.001000, 33.9s
2021-04-27 20:26:23,251 - INFO - epoch complete!
2021-04-27 20:26:23,251 - INFO - evaluating now!
2021-04-27 20:26:26,033 - INFO - Epoch [1385/1500] train_loss: 2.6192, val_loss: 2.9690, lr: 0.001000, 32.5s
2021-04-27 20:26:56,675 - INFO - epoch complete!
2021-04-27 20:26:56,675 - INFO - evaluating now!
2021-04-27 20:26:59,539 - INFO - Epoch [1386/1500] train_loss: 2.6189, val_loss: 2.9703, lr: 0.001000, 33.5s
2021-04-27 20:27:30,092 - INFO - epoch complete!
2021-04-27 20:27:30,093 - INFO - evaluating now!
2021-04-27 20:27:32,830 - INFO - Epoch [1387/1500] train_loss: 2.6193, val_loss: 2.9726, lr: 0.001000, 33.3s
2021-04-27 20:28:03,684 - INFO - epoch complete!
2021-04-27 20:28:03,685 - INFO - evaluating now!
2021-04-27 20:28:06,281 - INFO - Epoch [1388/1500] train_loss: 2.6193, val_loss: 2.9716, lr: 0.001000, 33.5s
2021-04-27 20:28:36,736 - INFO - epoch complete!
2021-04-27 20:28:36,736 - INFO - evaluating now!
2021-04-27 20:28:39,489 - INFO - Epoch [1389/1500] train_loss: 2.6188, val_loss: 2.9697, lr: 0.001000, 33.2s
2021-04-27 20:29:10,803 - INFO - epoch complete!
2021-04-27 20:29:10,804 - INFO - evaluating now!
2021-04-27 20:29:13,377 - INFO - Epoch [1390/1500] train_loss: 2.6194, val_loss: 2.9681, lr: 0.001000, 33.9s
2021-04-27 20:29:43,953 - INFO - epoch complete!
2021-04-27 20:29:43,954 - INFO - evaluating now!
2021-04-27 20:29:46,817 - INFO - Epoch [1391/1500] train_loss: 2.6190, val_loss: 2.9654, lr: 0.001000, 33.4s
2021-04-27 20:30:17,613 - INFO - epoch complete!
2021-04-27 20:30:17,614 - INFO - evaluating now!
2021-04-27 20:30:20,233 - INFO - Epoch [1392/1500] train_loss: 2.6189, val_loss: 2.9690, lr: 0.001000, 33.4s
2021-04-27 20:30:51,817 - INFO - epoch complete!
2021-04-27 20:30:51,817 - INFO - evaluating now!
2021-04-27 20:30:56,262 - INFO - Epoch [1393/1500] train_loss: 2.6185, val_loss: 2.9694, lr: 0.001000, 36.0s
2021-04-27 20:31:28,690 - INFO - epoch complete!
2021-04-27 20:31:28,690 - INFO - evaluating now!
2021-04-27 20:31:31,245 - INFO - Epoch [1394/1500] train_loss: 2.6190, val_loss: 2.9681, lr: 0.001000, 35.0s
2021-04-27 20:32:01,190 - INFO - epoch complete!
2021-04-27 20:32:01,191 - INFO - evaluating now!
2021-04-27 20:32:03,825 - INFO - Epoch [1395/1500] train_loss: 2.6185, val_loss: 2.9652, lr: 0.001000, 32.6s
2021-04-27 20:32:33,144 - INFO - epoch complete!
2021-04-27 20:32:33,145 - INFO - evaluating now!
2021-04-27 20:32:35,731 - INFO - Epoch [1396/1500] train_loss: 2.6183, val_loss: 2.9731, lr: 0.001000, 31.9s
2021-04-27 20:33:07,067 - INFO - epoch complete!
2021-04-27 20:33:07,068 - INFO - evaluating now!
2021-04-27 20:33:09,899 - INFO - Epoch [1397/1500] train_loss: 2.6188, val_loss: 2.9658, lr: 0.001000, 34.2s
2021-04-27 20:33:41,173 - INFO - epoch complete!
2021-04-27 20:33:41,174 - INFO - evaluating now!
2021-04-27 20:33:43,798 - INFO - Epoch [1398/1500] train_loss: 2.6186, val_loss: 2.9674, lr: 0.001000, 33.9s
2021-04-27 20:34:14,947 - INFO - epoch complete!
2021-04-27 20:34:14,947 - INFO - evaluating now!
2021-04-27 20:34:17,460 - INFO - Epoch [1399/1500] train_loss: 2.6185, val_loss: 2.9782, lr: 0.001000, 33.7s
2021-04-27 20:34:48,715 - INFO - epoch complete!
2021-04-27 20:34:48,716 - INFO - evaluating now!
2021-04-27 20:34:51,257 - INFO - Epoch [1400/1500] train_loss: 2.6184, val_loss: 2.9699, lr: 0.001000, 33.8s
2021-04-27 20:35:25,333 - INFO - epoch complete!
2021-04-27 20:35:25,333 - INFO - evaluating now!
2021-04-27 20:35:28,836 - INFO - Epoch [1401/1500] train_loss: 2.6180, val_loss: 2.9699, lr: 0.001000, 37.6s
2021-04-27 20:36:04,549 - INFO - epoch complete!
2021-04-27 20:36:04,550 - INFO - evaluating now!
2021-04-27 20:36:07,556 - INFO - Epoch [1402/1500] train_loss: 2.6182, val_loss: 2.9735, lr: 0.001000, 38.7s
2021-04-27 20:36:41,903 - INFO - epoch complete!
2021-04-27 20:36:41,903 - INFO - evaluating now!
2021-04-27 20:36:44,919 - INFO - Epoch [1403/1500] train_loss: 2.6180, val_loss: 2.9674, lr: 0.001000, 37.4s
2021-04-27 20:37:19,315 - INFO - epoch complete!
2021-04-27 20:37:19,316 - INFO - evaluating now!
2021-04-27 20:37:22,505 - INFO - Epoch [1404/1500] train_loss: 2.6180, val_loss: 2.9707, lr: 0.001000, 37.6s
2021-04-27 20:37:57,111 - INFO - epoch complete!
2021-04-27 20:37:57,111 - INFO - evaluating now!
2021-04-27 20:38:00,238 - INFO - Epoch [1405/1500] train_loss: 2.6180, val_loss: 2.9715, lr: 0.001000, 37.7s
2021-04-27 20:38:35,467 - INFO - epoch complete!
2021-04-27 20:38:35,467 - INFO - evaluating now!
2021-04-27 20:38:38,580 - INFO - Epoch [1406/1500] train_loss: 2.6180, val_loss: 2.9761, lr: 0.001000, 38.3s
2021-04-27 20:39:13,109 - INFO - epoch complete!
2021-04-27 20:39:13,110 - INFO - evaluating now!
2021-04-27 20:39:16,079 - INFO - Epoch [1407/1500] train_loss: 2.6177, val_loss: 2.9744, lr: 0.001000, 37.5s
2021-04-27 20:39:49,383 - INFO - epoch complete!
2021-04-27 20:39:49,384 - INFO - evaluating now!
2021-04-27 20:39:52,389 - INFO - Epoch [1408/1500] train_loss: 2.6176, val_loss: 2.9736, lr: 0.001000, 36.3s
2021-04-27 20:40:26,529 - INFO - epoch complete!
2021-04-27 20:40:26,530 - INFO - evaluating now!
2021-04-27 20:40:29,702 - INFO - Epoch [1409/1500] train_loss: 2.6183, val_loss: 2.9669, lr: 0.001000, 37.3s
2021-04-27 20:41:03,744 - INFO - epoch complete!
2021-04-27 20:41:03,745 - INFO - evaluating now!
2021-04-27 20:41:06,849 - INFO - Epoch [1410/1500] train_loss: 2.6176, val_loss: 2.9681, lr: 0.001000, 37.1s
2021-04-27 20:41:41,143 - INFO - epoch complete!
2021-04-27 20:41:41,143 - INFO - evaluating now!
2021-04-27 20:41:44,230 - INFO - Epoch [1411/1500] train_loss: 2.6178, val_loss: 2.9676, lr: 0.001000, 37.4s
2021-04-27 20:42:17,634 - INFO - epoch complete!
2021-04-27 20:42:17,634 - INFO - evaluating now!
2021-04-27 20:42:20,861 - INFO - Epoch [1412/1500] train_loss: 2.6172, val_loss: 2.9646, lr: 0.001000, 36.6s
2021-04-27 20:42:20,875 - INFO - Saved model at 1412
2021-04-27 20:42:20,875 - INFO - Val loss decrease from 2.9650 to 2.9646, saving to ./trafficdl/cache/model_cache/STAGGCN_PEMS_BAY_epoch1412.tar
2021-04-27 20:42:54,731 - INFO - epoch complete!
2021-04-27 20:42:54,732 - INFO - evaluating now!
2021-04-27 20:42:57,983 - INFO - Epoch [1413/1500] train_loss: 2.6175, val_loss: 2.9741, lr: 0.001000, 37.1s
2021-04-27 20:43:32,600 - INFO - epoch complete!
2021-04-27 20:43:32,601 - INFO - evaluating now!
2021-04-27 20:43:35,619 - INFO - Epoch [1414/1500] train_loss: 2.6175, val_loss: 2.9714, lr: 0.001000, 37.6s
2021-04-27 20:44:08,896 - INFO - epoch complete!
2021-04-27 20:44:08,896 - INFO - evaluating now!
2021-04-27 20:44:11,973 - INFO - Epoch [1415/1500] train_loss: 2.6180, val_loss: 2.9678, lr: 0.001000, 36.4s
2021-04-27 20:44:46,175 - INFO - epoch complete!
2021-04-27 20:44:46,175 - INFO - evaluating now!
2021-04-27 20:44:49,027 - INFO - Epoch [1416/1500] train_loss: 2.6170, val_loss: 2.9685, lr: 0.001000, 37.1s
2021-04-27 20:45:23,009 - INFO - epoch complete!
2021-04-27 20:45:23,011 - INFO - evaluating now!
2021-04-27 20:45:25,843 - INFO - Epoch [1417/1500] train_loss: 2.6175, val_loss: 2.9702, lr: 0.001000, 36.8s
2021-04-27 20:45:59,197 - INFO - epoch complete!
2021-04-27 20:45:59,198 - INFO - evaluating now!
2021-04-27 20:46:02,181 - INFO - Epoch [1418/1500] train_loss: 2.6175, val_loss: 2.9661, lr: 0.001000, 36.3s
2021-04-27 20:46:36,912 - INFO - epoch complete!
2021-04-27 20:46:36,913 - INFO - evaluating now!
2021-04-27 20:46:40,135 - INFO - Epoch [1419/1500] train_loss: 2.6175, val_loss: 2.9665, lr: 0.001000, 38.0s
2021-04-27 20:47:15,247 - INFO - epoch complete!
2021-04-27 20:47:15,248 - INFO - evaluating now!
2021-04-27 20:47:18,396 - INFO - Epoch [1420/1500] train_loss: 2.6177, val_loss: 2.9673, lr: 0.001000, 38.3s
2021-04-27 20:47:52,569 - INFO - epoch complete!
2021-04-27 20:47:52,570 - INFO - evaluating now!
2021-04-27 20:47:55,625 - INFO - Epoch [1421/1500] train_loss: 2.6172, val_loss: 2.9675, lr: 0.001000, 37.2s
2021-04-27 20:48:28,582 - INFO - epoch complete!
2021-04-27 20:48:28,582 - INFO - evaluating now!
2021-04-27 20:48:31,553 - INFO - Epoch [1422/1500] train_loss: 2.6173, val_loss: 2.9662, lr: 0.001000, 35.9s
2021-04-27 20:49:03,691 - INFO - epoch complete!
2021-04-27 20:49:03,692 - INFO - evaluating now!
2021-04-27 20:49:06,719 - INFO - Epoch [1423/1500] train_loss: 2.6170, val_loss: 2.9664, lr: 0.001000, 35.2s
2021-04-27 20:49:39,627 - INFO - epoch complete!
2021-04-27 20:49:39,627 - INFO - evaluating now!
2021-04-27 20:49:42,463 - INFO - Epoch [1424/1500] train_loss: 2.6170, val_loss: 2.9661, lr: 0.001000, 35.7s
2021-04-27 20:50:15,061 - INFO - epoch complete!
2021-04-27 20:50:15,062 - INFO - evaluating now!
2021-04-27 20:50:18,153 - INFO - Epoch [1425/1500] train_loss: 2.6168, val_loss: 2.9653, lr: 0.001000, 35.7s
2021-04-27 20:50:51,374 - INFO - epoch complete!
2021-04-27 20:50:51,375 - INFO - evaluating now!
2021-04-27 20:50:54,215 - INFO - Epoch [1426/1500] train_loss: 2.6176, val_loss: 2.9684, lr: 0.001000, 36.1s
2021-04-27 20:51:26,126 - INFO - epoch complete!
2021-04-27 20:51:26,127 - INFO - evaluating now!
2021-04-27 20:51:29,067 - INFO - Epoch [1427/1500] train_loss: 2.6171, val_loss: 2.9653, lr: 0.001000, 34.9s
2021-04-27 20:52:00,866 - INFO - epoch complete!
2021-04-27 20:52:00,867 - INFO - evaluating now!
2021-04-27 20:52:03,799 - INFO - Epoch [1428/1500] train_loss: 2.6168, val_loss: 2.9671, lr: 0.001000, 34.7s
2021-04-27 20:52:35,712 - INFO - epoch complete!
2021-04-27 20:52:35,713 - INFO - evaluating now!
2021-04-27 20:52:38,793 - INFO - Epoch [1429/1500] train_loss: 2.6173, val_loss: 2.9670, lr: 0.001000, 35.0s
2021-04-27 20:53:11,078 - INFO - epoch complete!
2021-04-27 20:53:11,078 - INFO - evaluating now!
2021-04-27 20:53:13,892 - INFO - Epoch [1430/1500] train_loss: 2.6167, val_loss: 2.9686, lr: 0.001000, 35.1s
2021-04-27 20:53:45,735 - INFO - epoch complete!
2021-04-27 20:53:45,735 - INFO - evaluating now!
2021-04-27 20:53:48,593 - INFO - Epoch [1431/1500] train_loss: 2.6163, val_loss: 2.9641, lr: 0.001000, 34.7s
2021-04-27 20:53:48,602 - INFO - Saved model at 1431
2021-04-27 20:53:48,602 - INFO - Val loss decrease from 2.9646 to 2.9641, saving to ./trafficdl/cache/model_cache/STAGGCN_PEMS_BAY_epoch1431.tar
2021-04-27 20:54:20,308 - INFO - epoch complete!
2021-04-27 20:54:20,309 - INFO - evaluating now!
2021-04-27 20:54:23,134 - INFO - Epoch [1432/1500] train_loss: 2.6169, val_loss: 2.9673, lr: 0.001000, 34.5s
2021-04-27 20:54:55,142 - INFO - epoch complete!
2021-04-27 20:54:55,143 - INFO - evaluating now!
2021-04-27 20:54:58,031 - INFO - Epoch [1433/1500] train_loss: 2.6165, val_loss: 2.9635, lr: 0.001000, 34.9s
2021-04-27 20:54:58,039 - INFO - Saved model at 1433
2021-04-27 20:54:58,040 - INFO - Val loss decrease from 2.9641 to 2.9635, saving to ./trafficdl/cache/model_cache/STAGGCN_PEMS_BAY_epoch1433.tar
2021-04-27 20:55:29,778 - INFO - epoch complete!
2021-04-27 20:55:29,779 - INFO - evaluating now!
2021-04-27 20:55:32,541 - INFO - Epoch [1434/1500] train_loss: 2.6170, val_loss: 2.9642, lr: 0.001000, 34.5s
2021-04-27 20:56:04,824 - INFO - epoch complete!
2021-04-27 20:56:04,825 - INFO - evaluating now!
2021-04-27 20:56:07,810 - INFO - Epoch [1435/1500] train_loss: 2.6167, val_loss: 2.9679, lr: 0.001000, 35.3s
2021-04-27 20:56:39,896 - INFO - epoch complete!
2021-04-27 20:56:39,896 - INFO - evaluating now!
2021-04-27 20:56:42,769 - INFO - Epoch [1436/1500] train_loss: 2.6166, val_loss: 2.9677, lr: 0.001000, 35.0s
2021-04-27 20:57:14,300 - INFO - epoch complete!
2021-04-27 20:57:14,301 - INFO - evaluating now!
2021-04-27 20:57:17,201 - INFO - Epoch [1437/1500] train_loss: 2.6166, val_loss: 2.9650, lr: 0.001000, 34.4s
2021-04-27 20:57:48,929 - INFO - epoch complete!
2021-04-27 20:57:48,929 - INFO - evaluating now!
2021-04-27 20:57:51,754 - INFO - Epoch [1438/1500] train_loss: 2.6166, val_loss: 2.9673, lr: 0.001000, 34.6s
2021-04-27 20:58:22,957 - INFO - epoch complete!
2021-04-27 20:58:22,957 - INFO - evaluating now!
2021-04-27 20:58:25,944 - INFO - Epoch [1439/1500] train_loss: 2.6166, val_loss: 2.9670, lr: 0.001000, 34.2s
2021-04-27 20:58:58,008 - INFO - epoch complete!
2021-04-27 20:58:58,009 - INFO - evaluating now!
2021-04-27 20:59:00,837 - INFO - Epoch [1440/1500] train_loss: 2.6166, val_loss: 2.9695, lr: 0.001000, 34.9s
2021-04-27 20:59:32,761 - INFO - epoch complete!
2021-04-27 20:59:32,762 - INFO - evaluating now!
2021-04-27 20:59:35,628 - INFO - Epoch [1441/1500] train_loss: 2.6159, val_loss: 2.9692, lr: 0.001000, 34.8s
2021-04-27 21:00:07,541 - INFO - epoch complete!
2021-04-27 21:00:07,541 - INFO - evaluating now!
2021-04-27 21:00:10,473 - INFO - Epoch [1442/1500] train_loss: 2.6160, val_loss: 2.9691, lr: 0.001000, 34.8s
2021-04-27 21:00:42,622 - INFO - epoch complete!
2021-04-27 21:00:42,622 - INFO - evaluating now!
2021-04-27 21:00:45,515 - INFO - Epoch [1443/1500] train_loss: 2.6163, val_loss: 2.9657, lr: 0.001000, 35.0s
2021-04-27 21:01:18,886 - INFO - epoch complete!
2021-04-27 21:01:18,887 - INFO - evaluating now!
2021-04-27 21:01:21,897 - INFO - Epoch [1444/1500] train_loss: 2.6161, val_loss: 2.9658, lr: 0.001000, 36.4s
2021-04-27 21:01:54,657 - INFO - epoch complete!
2021-04-27 21:01:54,658 - INFO - evaluating now!
2021-04-27 21:01:57,690 - INFO - Epoch [1445/1500] train_loss: 2.6162, val_loss: 2.9661, lr: 0.001000, 35.8s
2021-04-27 21:02:30,053 - INFO - epoch complete!
2021-04-27 21:02:30,053 - INFO - evaluating now!
2021-04-27 21:02:32,888 - INFO - Epoch [1446/1500] train_loss: 2.6166, val_loss: 2.9675, lr: 0.001000, 35.2s
2021-04-27 21:03:05,203 - INFO - epoch complete!
2021-04-27 21:03:05,203 - INFO - evaluating now!
2021-04-27 21:03:08,084 - INFO - Epoch [1447/1500] train_loss: 2.6164, val_loss: 2.9683, lr: 0.001000, 35.2s
2021-04-27 21:03:40,150 - INFO - epoch complete!
2021-04-27 21:03:40,151 - INFO - evaluating now!
2021-04-27 21:03:43,084 - INFO - Epoch [1448/1500] train_loss: 2.6157, val_loss: 2.9658, lr: 0.001000, 35.0s
2021-04-27 21:04:14,954 - INFO - epoch complete!
2021-04-27 21:04:14,955 - INFO - evaluating now!
2021-04-27 21:04:17,929 - INFO - Epoch [1449/1500] train_loss: 2.6159, val_loss: 2.9706, lr: 0.001000, 34.8s
2021-04-27 21:04:50,215 - INFO - epoch complete!
2021-04-27 21:04:50,216 - INFO - evaluating now!
2021-04-27 21:04:53,158 - INFO - Epoch [1450/1500] train_loss: 2.6162, val_loss: 2.9670, lr: 0.001000, 35.2s
2021-04-27 21:05:24,939 - INFO - epoch complete!
2021-04-27 21:05:24,939 - INFO - evaluating now!
2021-04-27 21:05:27,802 - INFO - Epoch [1451/1500] train_loss: 2.6155, val_loss: 2.9711, lr: 0.001000, 34.6s
2021-04-27 21:05:59,697 - INFO - epoch complete!
2021-04-27 21:05:59,698 - INFO - evaluating now!
2021-04-27 21:06:02,946 - INFO - Epoch [1452/1500] train_loss: 2.6156, val_loss: 2.9662, lr: 0.001000, 35.1s
2021-04-27 21:06:35,649 - INFO - epoch complete!
2021-04-27 21:06:35,649 - INFO - evaluating now!
2021-04-27 21:06:38,598 - INFO - Epoch [1453/1500] train_loss: 2.6163, val_loss: 2.9650, lr: 0.001000, 35.7s
2021-04-27 21:07:10,121 - INFO - epoch complete!
2021-04-27 21:07:10,122 - INFO - evaluating now!
2021-04-27 21:07:12,914 - INFO - Epoch [1454/1500] train_loss: 2.6162, val_loss: 2.9617, lr: 0.001000, 34.3s
2021-04-27 21:07:12,923 - INFO - Saved model at 1454
2021-04-27 21:07:12,923 - INFO - Val loss decrease from 2.9635 to 2.9617, saving to ./trafficdl/cache/model_cache/STAGGCN_PEMS_BAY_epoch1454.tar
2021-04-27 21:07:44,890 - INFO - epoch complete!
2021-04-27 21:07:44,890 - INFO - evaluating now!
2021-04-27 21:07:47,787 - INFO - Epoch [1455/1500] train_loss: 2.6151, val_loss: 2.9646, lr: 0.001000, 34.9s
2021-04-27 21:08:19,795 - INFO - epoch complete!
2021-04-27 21:08:19,796 - INFO - evaluating now!
2021-04-27 21:08:22,727 - INFO - Epoch [1456/1500] train_loss: 2.6157, val_loss: 2.9630, lr: 0.001000, 34.9s
2021-04-27 21:08:54,318 - INFO - epoch complete!
2021-04-27 21:08:54,319 - INFO - evaluating now!
2021-04-27 21:08:57,224 - INFO - Epoch [1457/1500] train_loss: 2.6152, val_loss: 2.9687, lr: 0.001000, 34.5s
2021-04-27 21:09:29,188 - INFO - epoch complete!
2021-04-27 21:09:29,188 - INFO - evaluating now!
2021-04-27 21:09:32,074 - INFO - Epoch [1458/1500] train_loss: 2.6158, val_loss: 2.9638, lr: 0.001000, 34.8s
2021-04-27 21:10:04,334 - INFO - epoch complete!
2021-04-27 21:10:04,334 - INFO - evaluating now!
2021-04-27 21:10:07,204 - INFO - Epoch [1459/1500] train_loss: 2.6156, val_loss: 2.9701, lr: 0.001000, 35.1s
2021-04-27 21:10:39,281 - INFO - epoch complete!
2021-04-27 21:10:39,282 - INFO - evaluating now!
2021-04-27 21:10:42,168 - INFO - Epoch [1460/1500] train_loss: 2.6153, val_loss: 2.9698, lr: 0.001000, 35.0s
2021-04-27 21:11:14,026 - INFO - epoch complete!
2021-04-27 21:11:14,027 - INFO - evaluating now!
2021-04-27 21:11:16,848 - INFO - Epoch [1461/1500] train_loss: 2.6157, val_loss: 2.9664, lr: 0.001000, 34.7s
2021-04-27 21:11:48,678 - INFO - epoch complete!
2021-04-27 21:11:48,679 - INFO - evaluating now!
2021-04-27 21:11:51,553 - INFO - Epoch [1462/1500] train_loss: 2.6157, val_loss: 2.9628, lr: 0.001000, 34.7s
2021-04-27 21:12:23,619 - INFO - epoch complete!
2021-04-27 21:12:23,619 - INFO - evaluating now!
2021-04-27 21:12:26,530 - INFO - Epoch [1463/1500] train_loss: 2.6156, val_loss: 2.9617, lr: 0.001000, 35.0s
2021-04-27 21:12:26,544 - INFO - Saved model at 1463
2021-04-27 21:12:26,544 - INFO - Val loss decrease from 2.9617 to 2.9617, saving to ./trafficdl/cache/model_cache/STAGGCN_PEMS_BAY_epoch1463.tar
2021-04-27 21:12:58,956 - INFO - epoch complete!
2021-04-27 21:12:58,957 - INFO - evaluating now!
2021-04-27 21:13:01,828 - INFO - Epoch [1464/1500] train_loss: 2.6155, val_loss: 2.9628, lr: 0.001000, 35.3s
2021-04-27 21:13:34,059 - INFO - epoch complete!
2021-04-27 21:13:34,059 - INFO - evaluating now!
2021-04-27 21:13:36,907 - INFO - Epoch [1465/1500] train_loss: 2.6158, val_loss: 2.9670, lr: 0.001000, 35.1s
2021-04-27 21:14:08,726 - INFO - epoch complete!
2021-04-27 21:14:08,726 - INFO - evaluating now!
2021-04-27 21:14:11,623 - INFO - Epoch [1466/1500] train_loss: 2.6151, val_loss: 2.9658, lr: 0.001000, 34.7s
2021-04-27 21:14:43,683 - INFO - epoch complete!
2021-04-27 21:14:43,683 - INFO - evaluating now!
2021-04-27 21:14:46,956 - INFO - Epoch [1467/1500] train_loss: 2.6156, val_loss: 2.9633, lr: 0.001000, 35.3s
2021-04-27 21:15:19,121 - INFO - epoch complete!
2021-04-27 21:15:19,121 - INFO - evaluating now!
2021-04-27 21:15:22,047 - INFO - Epoch [1468/1500] train_loss: 2.6150, val_loss: 2.9642, lr: 0.001000, 35.1s
2021-04-27 21:15:53,929 - INFO - epoch complete!
2021-04-27 21:15:53,929 - INFO - evaluating now!
2021-04-27 21:15:56,767 - INFO - Epoch [1469/1500] train_loss: 2.6154, val_loss: 2.9668, lr: 0.001000, 34.7s
2021-04-27 21:16:28,737 - INFO - epoch complete!
2021-04-27 21:16:28,737 - INFO - evaluating now!
2021-04-27 21:16:31,784 - INFO - Epoch [1470/1500] train_loss: 2.6153, val_loss: 2.9624, lr: 0.001000, 35.0s
2021-04-27 21:17:03,920 - INFO - epoch complete!
2021-04-27 21:17:03,921 - INFO - evaluating now!
2021-04-27 21:17:06,917 - INFO - Epoch [1471/1500] train_loss: 2.6154, val_loss: 2.9643, lr: 0.001000, 35.1s
2021-04-27 21:17:39,002 - INFO - epoch complete!
2021-04-27 21:17:39,002 - INFO - evaluating now!
2021-04-27 21:17:41,911 - INFO - Epoch [1472/1500] train_loss: 2.6158, val_loss: 2.9619, lr: 0.001000, 35.0s
2021-04-27 21:18:13,742 - INFO - epoch complete!
2021-04-27 21:18:13,742 - INFO - evaluating now!
2021-04-27 21:18:16,801 - INFO - Epoch [1473/1500] train_loss: 2.6150, val_loss: 2.9646, lr: 0.001000, 34.9s
2021-04-27 21:18:49,516 - INFO - epoch complete!
2021-04-27 21:18:49,516 - INFO - evaluating now!
2021-04-27 21:18:52,405 - INFO - Epoch [1474/1500] train_loss: 2.6152, val_loss: 2.9643, lr: 0.001000, 35.6s
2021-04-27 21:19:25,378 - INFO - epoch complete!
2021-04-27 21:19:25,378 - INFO - evaluating now!
2021-04-27 21:19:28,146 - INFO - Epoch [1475/1500] train_loss: 2.6154, val_loss: 2.9614, lr: 0.001000, 35.7s
2021-04-27 21:19:28,159 - INFO - Saved model at 1475
2021-04-27 21:19:28,159 - INFO - Val loss decrease from 2.9617 to 2.9614, saving to ./trafficdl/cache/model_cache/STAGGCN_PEMS_BAY_epoch1475.tar
2021-04-27 21:20:00,150 - INFO - epoch complete!
2021-04-27 21:20:00,151 - INFO - evaluating now!
2021-04-27 21:20:02,979 - INFO - Epoch [1476/1500] train_loss: 2.6150, val_loss: 2.9668, lr: 0.001000, 34.8s
2021-04-27 21:20:35,930 - INFO - epoch complete!
2021-04-27 21:20:35,930 - INFO - evaluating now!
2021-04-27 21:20:38,720 - INFO - Epoch [1477/1500] train_loss: 2.6153, val_loss: 2.9636, lr: 0.001000, 35.7s
2021-04-27 21:21:10,454 - INFO - epoch complete!
2021-04-27 21:21:10,454 - INFO - evaluating now!
2021-04-27 21:21:13,422 - INFO - Epoch [1478/1500] train_loss: 2.6155, val_loss: 2.9676, lr: 0.001000, 34.7s
2021-04-27 21:21:44,756 - INFO - epoch complete!
2021-04-27 21:21:44,757 - INFO - evaluating now!
2021-04-27 21:21:47,765 - INFO - Epoch [1479/1500] train_loss: 2.6149, val_loss: 2.9660, lr: 0.001000, 34.3s
2021-04-27 21:22:19,889 - INFO - epoch complete!
2021-04-27 21:22:19,890 - INFO - evaluating now!
2021-04-27 21:22:22,811 - INFO - Epoch [1480/1500] train_loss: 2.6154, val_loss: 2.9699, lr: 0.001000, 35.0s
2021-04-27 21:22:56,359 - INFO - epoch complete!
2021-04-27 21:22:56,360 - INFO - evaluating now!
2021-04-27 21:22:59,563 - INFO - Epoch [1481/1500] train_loss: 2.6150, val_loss: 2.9628, lr: 0.001000, 36.8s
2021-04-27 21:23:30,480 - INFO - epoch complete!
2021-04-27 21:23:30,480 - INFO - evaluating now!
2021-04-27 21:23:33,347 - INFO - Epoch [1482/1500] train_loss: 2.6150, val_loss: 2.9666, lr: 0.001000, 33.8s
2021-04-27 21:24:06,912 - INFO - epoch complete!
2021-04-27 21:24:06,913 - INFO - evaluating now!
2021-04-27 21:24:10,125 - INFO - Epoch [1483/1500] train_loss: 2.6149, val_loss: 2.9704, lr: 0.001000, 36.8s
2021-04-27 21:24:43,708 - INFO - epoch complete!
2021-04-27 21:24:43,709 - INFO - evaluating now!
2021-04-27 21:24:46,766 - INFO - Epoch [1484/1500] train_loss: 2.6143, val_loss: 2.9660, lr: 0.001000, 36.6s
2021-04-27 21:25:21,292 - INFO - epoch complete!
2021-04-27 21:25:21,292 - INFO - evaluating now!
2021-04-27 21:25:24,214 - INFO - Epoch [1485/1500] train_loss: 2.6147, val_loss: 2.9657, lr: 0.001000, 37.4s
2021-04-27 21:25:57,081 - INFO - epoch complete!
2021-04-27 21:25:57,082 - INFO - evaluating now!
2021-04-27 21:25:59,881 - INFO - Epoch [1486/1500] train_loss: 2.6145, val_loss: 2.9641, lr: 0.001000, 35.7s
2021-04-27 21:26:31,463 - INFO - epoch complete!
2021-04-27 21:26:31,464 - INFO - evaluating now!
2021-04-27 21:26:34,661 - INFO - Epoch [1487/1500] train_loss: 2.6146, val_loss: 2.9641, lr: 0.001000, 34.8s
2021-04-27 21:27:08,567 - INFO - epoch complete!
2021-04-27 21:27:08,568 - INFO - evaluating now!
2021-04-27 21:27:11,540 - INFO - Epoch [1488/1500] train_loss: 2.6142, val_loss: 2.9644, lr: 0.001000, 36.9s
2021-04-27 21:27:45,119 - INFO - epoch complete!
2021-04-27 21:27:45,120 - INFO - evaluating now!
2021-04-27 21:27:48,014 - INFO - Epoch [1489/1500] train_loss: 2.6147, val_loss: 2.9621, lr: 0.001000, 36.5s
2021-04-27 21:28:20,837 - INFO - epoch complete!
2021-04-27 21:28:20,838 - INFO - evaluating now!
2021-04-27 21:28:23,821 - INFO - Epoch [1490/1500] train_loss: 2.6149, val_loss: 2.9691, lr: 0.001000, 35.8s
2021-04-27 21:28:58,132 - INFO - epoch complete!
2021-04-27 21:28:58,133 - INFO - evaluating now!
2021-04-27 21:29:01,253 - INFO - Epoch [1491/1500] train_loss: 2.6148, val_loss: 2.9648, lr: 0.001000, 37.4s
2021-04-27 21:29:33,509 - INFO - epoch complete!
2021-04-27 21:29:33,509 - INFO - evaluating now!
2021-04-27 21:29:36,569 - INFO - Epoch [1492/1500] train_loss: 2.6145, val_loss: 2.9705, lr: 0.001000, 35.3s
2021-04-27 21:30:10,713 - INFO - epoch complete!
2021-04-27 21:30:10,714 - INFO - evaluating now!
2021-04-27 21:30:13,726 - INFO - Epoch [1493/1500] train_loss: 2.6144, val_loss: 2.9646, lr: 0.001000, 37.2s
2021-04-27 21:30:47,825 - INFO - epoch complete!
2021-04-27 21:30:47,826 - INFO - evaluating now!
2021-04-27 21:30:50,909 - INFO - Epoch [1494/1500] train_loss: 2.6143, val_loss: 2.9660, lr: 0.001000, 37.2s
2021-04-27 21:31:25,351 - INFO - epoch complete!
2021-04-27 21:31:25,352 - INFO - evaluating now!
2021-04-27 21:31:28,354 - INFO - Epoch [1495/1500] train_loss: 2.6141, val_loss: 2.9615, lr: 0.001000, 37.4s
2021-04-27 21:32:02,298 - INFO - epoch complete!
2021-04-27 21:32:02,301 - INFO - evaluating now!
2021-04-27 21:32:05,101 - INFO - Epoch [1496/1500] train_loss: 2.6142, val_loss: 2.9632, lr: 0.001000, 36.7s
2021-04-27 21:32:36,359 - INFO - epoch complete!
2021-04-27 21:32:36,360 - INFO - evaluating now!
2021-04-27 21:32:38,933 - INFO - Epoch [1497/1500] train_loss: 2.6148, val_loss: 2.9639, lr: 0.001000, 33.8s
2021-04-27 21:33:09,375 - INFO - epoch complete!
2021-04-27 21:33:09,375 - INFO - evaluating now!
2021-04-27 21:33:12,114 - INFO - Epoch [1498/1500] train_loss: 2.6143, val_loss: 2.9661, lr: 0.001000, 33.2s
2021-04-27 21:33:42,626 - INFO - epoch complete!
2021-04-27 21:33:42,626 - INFO - evaluating now!
2021-04-27 21:33:45,356 - INFO - Epoch [1499/1500] train_loss: 2.6138, val_loss: 2.9626, lr: 0.001000, 33.2s
2021-04-27 21:33:45,372 - INFO - Loaded model at 1475
2021-04-27 21:33:45,372 - INFO - Saved model at ./trafficdl/cache/model_cache/STAGGCN_PEMS_BAY.m
2021-04-27 21:33:45,412 - INFO - Start evaluating ...
2021-04-27 21:34:33,580 - INFO - Evaluate result is {"MAE@1": 2.782769203186035, "MAPE@1": Infinity, "MSE@1": 29.883726119995117, "RMSE@1": 5.4666008949279785, "masked_MAE@1": 2.7786929607391357, "masked_MSE@1": 29.602659225463867, "masked_RMSE@1": 5.440832614898682, "masked_MAPE@1": 0.06636703759431839, "R2@1": 0.6798235328844042, "EVAR@1": 0.6856246590614319, "MAE@2": 2.776602268218994, "MAPE@2": Infinity, "MSE@2": 29.64458465576172, "RMSE@2": 5.444684028625488, "masked_MAE@2": 2.7725188732147217, "masked_MSE@2": 29.362577438354492, "masked_RMSE@2": 5.418724536895752, "masked_MAPE@2": 0.06609012931585312, "R2@2": 0.6823283207515822, "EVAR@2": 0.6876167058944702, "MAE@3": 2.7820627689361572, "MAPE@3": Infinity, "MSE@3": 29.84156608581543, "RMSE@3": 5.462743282318115, "masked_MAE@3": 2.7779762744903564, "masked_MSE@3": 29.559146881103516, "masked_RMSE@3": 5.436832427978516, "masked_MAPE@3": 0.06608283519744873, "R2@3": 0.6801677704062639, "EVAR@3": 0.6853926181793213, "MAE@4": 2.7814934253692627, "MAPE@4": Infinity, "MSE@4": 29.91608238220215, "RMSE@4": 5.469559669494629, "masked_MAE@4": 2.777405261993408, "masked_MSE@4": 29.6334285736084, "masked_RMSE@4": 5.44365930557251, "masked_MAPE@4": 0.06608299911022186, "R2@4": 0.6793237439541967, "EVAR@4": 0.684572160243988, "MAE@5": 2.791914939880371, "MAPE@5": Infinity, "MSE@5": 30.098583221435547, "RMSE@5": 5.486217498779297, "masked_MAE@5": 2.787825107574463, "masked_MSE@5": 29.815614700317383, "masked_RMSE@5": 5.460367679595947, "masked_MAPE@5": 0.0662856251001358, "R2@5": 0.6773257210650099, "EVAR@5": 0.6826611757278442, "MAE@6": 2.798794746398926, "MAPE@6": Infinity, "MSE@6": 30.333154678344727, "RMSE@6": 5.507554531097412, "masked_MAE@6": 2.7947041988372803, "masked_MSE@6": 30.050045013427734, "masked_RMSE@6": 5.481791973114014, "masked_MAPE@6": 0.06648480147123337, "R2@6": 0.6747732120691753, "EVAR@6": 0.6800501346588135, "MAE@7": 2.809673309326172, "MAPE@7": Infinity, "MSE@7": 30.585416793823242, "RMSE@7": 5.5304083824157715, "masked_MAE@7": 2.805582046508789, "masked_MSE@7": 30.302148818969727, "masked_RMSE@7": 5.504738807678223, "masked_MAPE@7": 0.06680113077163696, "R2@7": 0.6720341603189111, "EVAR@7": 0.6774193644523621, "MAE@8": 2.820561647415161, "MAPE@8": Infinity, "MSE@8": 30.875059127807617, "RMSE@8": 5.556532859802246, "masked_MAE@8": 2.816469430923462, "masked_MSE@8": 30.591550827026367, "masked_RMSE@8": 5.530962944030762, "masked_MAPE@8": 0.06710351258516312, "R2@8": 0.6688967390287512, "EVAR@8": 0.6742926836013794, "MAE@9": 2.832716226577759, "MAPE@9": Infinity, "MSE@9": 31.169246673583984, "RMSE@9": 5.582942485809326, "masked_MAE@9": 2.8286235332489014, "masked_MSE@9": 30.885618209838867, "masked_RMSE@9": 5.557483196258545, "masked_MAPE@9": 0.06742805987596512, "R2@9": 0.6657135468177325, "EVAR@9": 0.6711325645446777, "MAE@10": 2.8464972972869873, "MAPE@10": Infinity, "MSE@10": 31.490880966186523, "RMSE@10": 5.611673831939697, "masked_MAE@10": 2.842404365539551, "masked_MSE@10": 31.207109451293945, "masked_RMSE@10": 5.586332321166992, "masked_MAPE@10": 0.06779536604881287, "R2@10": 0.6622376089114639, "EVAR@10": 0.6676802635192871, "MAE@11": 2.8620293140411377, "MAPE@11": Infinity, "MSE@11": 31.899555206298828, "RMSE@11": 5.6479692459106445, "masked_MAE@11": 2.857936382293701, "masked_MSE@11": 31.615705490112305, "masked_RMSE@11": 5.622784614562988, "masked_MAPE@11": 0.06825923174619675, "R2@11": 0.6578302981429431, "EVAR@11": 0.6634232997894287, "MAE@12": 2.875628709793091, "MAPE@12": Infinity, "MSE@12": 32.265132904052734, "RMSE@12": 5.680240631103516, "masked_MAE@12": 2.871534824371338, "masked_MSE@12": 31.98109245300293, "masked_RMSE@12": 5.655182838439941, "masked_MAPE@12": 0.06866228580474854, "R2@12": 0.6538878176464027, "EVAR@12": 0.6595618724822998}
2021-04-27 21:34:33,581 - INFO - Evaluate result is saved at ./trafficdl/cache/evaluate_cache/2021_04_27_21_34_33_STAGGCN_PEMS_BAY.json
2021-04-27 21:34:33,587 - INFO - Evaluate result is saved at ./trafficdl/cache/evaluate_cache/2021_04_27_21_34_33_STAGGCN_PEMS_BAY.csv
2021-04-27 21:34:33,603 - INFO - 
         MAE  MAPE        MSE      RMSE  masked_MAE  masked_MSE  masked_RMSE  masked_MAPE        R2      EVAR
0   2.782769   inf  29.883726  5.466601    2.778693   29.602659     5.440833     0.066367  0.679824  0.685625
1   2.776602   inf  29.644585  5.444684    2.772519   29.362577     5.418725     0.066090  0.682328  0.687617
2   2.782063   inf  29.841566  5.462743    2.777976   29.559147     5.436832     0.066083  0.680168  0.685393
3   2.781493   inf  29.916082  5.469560    2.777405   29.633429     5.443659     0.066083  0.679324  0.684572
4   2.791915   inf  30.098583  5.486217    2.787825   29.815615     5.460368     0.066286  0.677326  0.682661
5   2.798795   inf  30.333155  5.507555    2.794704   30.050045     5.481792     0.066485  0.674773  0.680050
6   2.809673   inf  30.585417  5.530408    2.805582   30.302149     5.504739     0.066801  0.672034  0.677419
7   2.820562   inf  30.875059  5.556533    2.816469   30.591551     5.530963     0.067104  0.668897  0.674293
8   2.832716   inf  31.169247  5.582942    2.828624   30.885618     5.557483     0.067428  0.665714  0.671133
9   2.846497   inf  31.490881  5.611674    2.842404   31.207109     5.586332     0.067795  0.662238  0.667680
10  2.862029   inf  31.899555  5.647969    2.857936   31.615705     5.622785     0.068259  0.657830  0.663423
11  2.875629   inf  32.265133  5.680241    2.871535   31.981092     5.655183     0.068662  0.653888  0.659562
