2021-04-27 21:44:47,155 - INFO - Log directory: ./trafficdl/log
2021-04-27 21:44:47,155 - INFO - Begin pipeline, task=traffic_state_pred, model_name=STAGGCN, dataset_name=PEMS_BAY
2021-04-27 21:44:47,414 - INFO - Loaded file PEMS_BAY.geo, num_nodes=325
2021-04-27 21:44:47,464 - INFO - Loaded file PEMS_BAY.rel, shape=(325, 325)
2021-04-27 21:44:47,468 - INFO - Start Calculate the weight by Gauss kernel!
2021-04-27 21:44:47,768 - INFO - Loading ./trafficdl/cache/dataset_cache/point_based_PEMS_BAY_12_12_0.7_0.1_standard_64_False_False_True.npz
2021-04-27 21:45:05,168 - INFO - train	x: (36465, 12, 325, 1)y: (36465, 12, 325, 1)
2021-04-27 21:45:05,168 - INFO - eval	x: (5209, 12, 325, 1)y: (5209, 12, 325, 1)
2021-04-27 21:45:05,168 - INFO - test	x: (10419, 12, 325, 1)y: (10419, 12, 325, 1)
2021-04-27 21:45:18,091 - INFO - StandardScaler mean: 62.73567651594296, std: 9.438173664359947
2021-04-27 21:47:21,545 - INFO - model.STCell.sp_source_embed	torch.Size([325, 12])	cuda:3	True
2021-04-27 21:47:21,545 - INFO - model.STCell.sp_target_embed	torch.Size([12, 325])	cuda:3	True
2021-04-27 21:47:21,545 - INFO - model.STCell.dtw_source_embed	torch.Size([325, 12])	cuda:3	True
2021-04-27 21:47:21,545 - INFO - model.STCell.dtw_target_embed	torch.Size([12, 325])	cuda:3	True
2021-04-27 21:47:21,545 - INFO - model.STCell.seq_linear.weight	torch.Size([12, 12])	cuda:3	True
2021-04-27 21:47:21,545 - INFO - model.STCell.seq_linear.bias	torch.Size([12])	cuda:3	True
2021-04-27 21:47:21,545 - INFO - model.STCell.self_atten.in_proj_weight	torch.Size([975, 325])	cuda:3	True
2021-04-27 21:47:21,545 - INFO - model.STCell.self_atten.in_proj_bias	torch.Size([975])	cuda:3	True
2021-04-27 21:47:21,545 - INFO - model.STCell.self_atten.out_proj.weight	torch.Size([325, 325])	cuda:3	True
2021-04-27 21:47:21,545 - INFO - model.STCell.self_atten.out_proj.bias	torch.Size([325])	cuda:3	True
2021-04-27 21:47:21,545 - INFO - model.STCell.tcn.network.0.conv1.bias	torch.Size([10])	cuda:3	True
2021-04-27 21:47:21,546 - INFO - model.STCell.tcn.network.0.conv1.weight_g	torch.Size([10, 1, 1])	cuda:3	True
2021-04-27 21:47:21,546 - INFO - model.STCell.tcn.network.0.conv1.weight_v	torch.Size([10, 1, 2])	cuda:3	True
2021-04-27 21:47:21,546 - INFO - model.STCell.tcn.network.0.conv2.bias	torch.Size([10])	cuda:3	True
2021-04-27 21:47:21,546 - INFO - model.STCell.tcn.network.0.conv2.weight_g	torch.Size([10, 1, 1])	cuda:3	True
2021-04-27 21:47:21,546 - INFO - model.STCell.tcn.network.0.conv2.weight_v	torch.Size([10, 10, 2])	cuda:3	True
2021-04-27 21:47:21,546 - INFO - model.STCell.tcn.network.0.downsample.weight	torch.Size([10, 1, 1])	cuda:3	True
2021-04-27 21:47:21,546 - INFO - model.STCell.tcn.network.0.downsample.bias	torch.Size([10])	cuda:3	True
2021-04-27 21:47:21,546 - INFO - model.STCell.tlinear.weight	torch.Size([32, 120])	cuda:3	True
2021-04-27 21:47:21,546 - INFO - model.STCell.tlinear.bias	torch.Size([32])	cuda:3	True
2021-04-27 21:47:21,546 - INFO - model.STCell.sp_origin.weight	torch.Size([32, 12])	cuda:3	True
2021-04-27 21:47:21,546 - INFO - model.STCell.sp_origin.bias	torch.Size([32])	cuda:3	True
2021-04-27 21:47:21,546 - INFO - model.STCell.sp_gconv1.att_l	torch.Size([1, 3, 32])	cuda:3	True
2021-04-27 21:47:21,546 - INFO - model.STCell.sp_gconv1.att_r	torch.Size([1, 3, 32])	cuda:3	True
2021-04-27 21:47:21,546 - INFO - model.STCell.sp_gconv1.bias	torch.Size([32])	cuda:3	True
2021-04-27 21:47:21,546 - INFO - model.STCell.sp_gconv1.lin_l.weight	torch.Size([96, 12])	cuda:3	True
2021-04-27 21:47:21,546 - INFO - model.STCell.sp_gconv2.att_l	torch.Size([1, 3, 32])	cuda:3	True
2021-04-27 21:47:21,547 - INFO - model.STCell.sp_gconv2.att_r	torch.Size([1, 3, 32])	cuda:3	True
2021-04-27 21:47:21,547 - INFO - model.STCell.sp_gconv2.bias	torch.Size([32])	cuda:3	True
2021-04-27 21:47:21,547 - INFO - model.STCell.sp_gconv2.lin_l.weight	torch.Size([96, 32])	cuda:3	True
2021-04-27 21:47:21,547 - INFO - model.STCell.sp_gconv3.att_l	torch.Size([1, 3, 32])	cuda:3	True
2021-04-27 21:47:21,547 - INFO - model.STCell.sp_gconv3.att_r	torch.Size([1, 3, 32])	cuda:3	True
2021-04-27 21:47:21,547 - INFO - model.STCell.sp_gconv3.bias	torch.Size([32])	cuda:3	True
2021-04-27 21:47:21,547 - INFO - model.STCell.sp_gconv3.lin_l.weight	torch.Size([96, 32])	cuda:3	True
2021-04-27 21:47:21,547 - INFO - model.STCell.sp_gconv4.att_l	torch.Size([1, 1, 32])	cuda:3	True
2021-04-27 21:47:21,547 - INFO - model.STCell.sp_gconv4.att_r	torch.Size([1, 1, 32])	cuda:3	True
2021-04-27 21:47:21,547 - INFO - model.STCell.sp_gconv4.bias	torch.Size([32])	cuda:3	True
2021-04-27 21:47:21,547 - INFO - model.STCell.sp_gconv4.lin_l.weight	torch.Size([32, 32])	cuda:3	True
2021-04-27 21:47:21,547 - INFO - model.STCell.sp_linear_1.weight	torch.Size([32, 12])	cuda:3	True
2021-04-27 21:47:21,547 - INFO - model.STCell.sp_linear_1.bias	torch.Size([32])	cuda:3	True
2021-04-27 21:47:21,547 - INFO - model.STCell.sp_linear_2.weight	torch.Size([32, 32])	cuda:3	True
2021-04-27 21:47:21,547 - INFO - model.STCell.sp_linear_2.bias	torch.Size([32])	cuda:3	True
2021-04-27 21:47:21,547 - INFO - model.STCell.sp_linear_3.weight	torch.Size([32, 32])	cuda:3	True
2021-04-27 21:47:21,547 - INFO - model.STCell.sp_linear_3.bias	torch.Size([32])	cuda:3	True
2021-04-27 21:47:21,548 - INFO - model.STCell.sp_linear_4.weight	torch.Size([32, 32])	cuda:3	True
2021-04-27 21:47:21,548 - INFO - model.STCell.sp_linear_4.bias	torch.Size([32])	cuda:3	True
2021-04-27 21:47:21,548 - INFO - model.STCell.dtw_origin.weight	torch.Size([32, 12])	cuda:3	True
2021-04-27 21:47:21,548 - INFO - model.STCell.dtw_origin.bias	torch.Size([32])	cuda:3	True
2021-04-27 21:47:21,548 - INFO - model.STCell.dtw_gconv1.att_l	torch.Size([1, 3, 32])	cuda:3	True
2021-04-27 21:47:21,548 - INFO - model.STCell.dtw_gconv1.att_r	torch.Size([1, 3, 32])	cuda:3	True
2021-04-27 21:47:21,548 - INFO - model.STCell.dtw_gconv1.bias	torch.Size([32])	cuda:3	True
2021-04-27 21:47:21,548 - INFO - model.STCell.dtw_gconv1.lin_l.weight	torch.Size([96, 12])	cuda:3	True
2021-04-27 21:47:21,548 - INFO - model.STCell.dtw_gconv2.att_l	torch.Size([1, 3, 32])	cuda:3	True
2021-04-27 21:47:21,548 - INFO - model.STCell.dtw_gconv2.att_r	torch.Size([1, 3, 32])	cuda:3	True
2021-04-27 21:47:21,548 - INFO - model.STCell.dtw_gconv2.bias	torch.Size([32])	cuda:3	True
2021-04-27 21:47:21,548 - INFO - model.STCell.dtw_gconv2.lin_l.weight	torch.Size([96, 32])	cuda:3	True
2021-04-27 21:47:21,548 - INFO - model.STCell.dtw_gconv3.att_l	torch.Size([1, 3, 32])	cuda:3	True
2021-04-27 21:47:21,548 - INFO - model.STCell.dtw_gconv3.att_r	torch.Size([1, 3, 32])	cuda:3	True
2021-04-27 21:47:21,548 - INFO - model.STCell.dtw_gconv3.bias	torch.Size([32])	cuda:3	True
2021-04-27 21:47:21,548 - INFO - model.STCell.dtw_gconv3.lin_l.weight	torch.Size([96, 32])	cuda:3	True
2021-04-27 21:47:21,549 - INFO - model.STCell.dtw_gconv4.att_l	torch.Size([1, 3, 32])	cuda:3	True
2021-04-27 21:47:21,549 - INFO - model.STCell.dtw_gconv4.att_r	torch.Size([1, 3, 32])	cuda:3	True
2021-04-27 21:47:21,549 - INFO - model.STCell.dtw_gconv4.bias	torch.Size([32])	cuda:3	True
2021-04-27 21:47:21,549 - INFO - model.STCell.dtw_gconv4.lin_l.weight	torch.Size([96, 32])	cuda:3	True
2021-04-27 21:47:21,549 - INFO - model.STCell.dtw_linear_1.weight	torch.Size([32, 12])	cuda:3	True
2021-04-27 21:47:21,549 - INFO - model.STCell.dtw_linear_1.bias	torch.Size([32])	cuda:3	True
2021-04-27 21:47:21,549 - INFO - model.STCell.dtw_linear_2.weight	torch.Size([32, 32])	cuda:3	True
2021-04-27 21:47:21,549 - INFO - model.STCell.dtw_linear_2.bias	torch.Size([32])	cuda:3	True
2021-04-27 21:47:21,549 - INFO - model.STCell.dtw_linear_3.weight	torch.Size([32, 32])	cuda:3	True
2021-04-27 21:47:21,549 - INFO - model.STCell.dtw_linear_3.bias	torch.Size([32])	cuda:3	True
2021-04-27 21:47:21,549 - INFO - model.STCell.dtw_linear_4.weight	torch.Size([32, 32])	cuda:3	True
2021-04-27 21:47:21,549 - INFO - model.STCell.dtw_linear_4.bias	torch.Size([32])	cuda:3	True
2021-04-27 21:47:21,549 - INFO - model.output_linear.weight	torch.Size([12, 96])	cuda:3	True
2021-04-27 21:47:21,549 - INFO - model.output_linear.bias	torch.Size([12])	cuda:3	True
2021-04-27 21:47:21,550 - INFO - Total parameter numbers: 473224
2021-04-27 21:47:21,648 - INFO - Loaded model at 1463
2021-04-27 21:47:21,650 - INFO - Start training ...
2021-04-27 21:47:21,650 - INFO - num_batches:570
2021-04-27 21:48:07,429 - INFO - epoch complete!
2021-04-27 21:48:07,430 - INFO - evaluating now!
2021-04-27 21:48:12,100 - INFO - Epoch [1463/1600] train_loss: 2.6156, val_loss: 2.9679, lr: 0.001000, 50.4s
2021-04-27 21:48:12,111 - INFO - Saved model at 1463
2021-04-27 21:48:12,112 - INFO - Val loss decrease from inf to 2.9679, saving to ./trafficdl/cache/model_cache/STAGGCN_PEMS_BAY_epoch1463.tar
2021-04-27 21:48:56,180 - INFO - epoch complete!
2021-04-27 21:48:56,181 - INFO - evaluating now!
2021-04-27 21:49:00,478 - INFO - Epoch [1464/1600] train_loss: 2.6153, val_loss: 2.9682, lr: 0.001000, 48.4s
2021-04-27 21:49:45,518 - INFO - epoch complete!
2021-04-27 21:49:45,519 - INFO - evaluating now!
2021-04-27 21:49:49,627 - INFO - Epoch [1465/1600] train_loss: 2.6151, val_loss: 2.9650, lr: 0.001000, 49.1s
2021-04-27 21:49:49,638 - INFO - Saved model at 1465
2021-04-27 21:49:49,639 - INFO - Val loss decrease from 2.9679 to 2.9650, saving to ./trafficdl/cache/model_cache/STAGGCN_PEMS_BAY_epoch1465.tar
2021-04-27 21:50:32,598 - INFO - epoch complete!
2021-04-27 21:50:32,599 - INFO - evaluating now!
2021-04-27 21:50:37,112 - INFO - Epoch [1466/1600] train_loss: 2.6147, val_loss: 2.9652, lr: 0.001000, 47.5s
2021-04-27 21:51:20,970 - INFO - epoch complete!
2021-04-27 21:51:20,971 - INFO - evaluating now!
2021-04-27 21:51:24,971 - INFO - Epoch [1467/1600] train_loss: 2.6152, val_loss: 2.9669, lr: 0.001000, 47.9s
2021-04-27 21:52:06,366 - INFO - epoch complete!
2021-04-27 21:52:06,367 - INFO - evaluating now!
2021-04-27 21:52:10,328 - INFO - Epoch [1468/1600] train_loss: 2.6151, val_loss: 2.9641, lr: 0.001000, 45.4s
2021-04-27 21:52:10,340 - INFO - Saved model at 1468
2021-04-27 21:52:10,340 - INFO - Val loss decrease from 2.9650 to 2.9641, saving to ./trafficdl/cache/model_cache/STAGGCN_PEMS_BAY_epoch1468.tar
2021-04-27 21:52:51,134 - INFO - epoch complete!
2021-04-27 21:52:51,135 - INFO - evaluating now!
2021-04-27 21:52:55,008 - INFO - Epoch [1469/1600] train_loss: 2.6150, val_loss: 2.9665, lr: 0.001000, 44.7s
2021-04-27 21:53:35,954 - INFO - epoch complete!
2021-04-27 21:53:35,955 - INFO - evaluating now!
2021-04-27 21:53:39,951 - INFO - Epoch [1470/1600] train_loss: 2.6147, val_loss: 2.9717, lr: 0.001000, 44.9s
2021-04-27 21:54:21,206 - INFO - epoch complete!
2021-04-27 21:54:21,207 - INFO - evaluating now!
2021-04-27 21:54:25,319 - INFO - Epoch [1471/1600] train_loss: 2.6150, val_loss: 2.9644, lr: 0.001000, 45.4s
2021-04-27 21:55:09,871 - INFO - epoch complete!
2021-04-27 21:55:09,871 - INFO - evaluating now!
2021-04-27 21:55:14,085 - INFO - Epoch [1472/1600] train_loss: 2.6156, val_loss: 2.9680, lr: 0.001000, 48.8s
2021-04-27 21:55:57,395 - INFO - epoch complete!
2021-04-27 21:55:57,395 - INFO - evaluating now!
2021-04-27 21:56:01,730 - INFO - Epoch [1473/1600] train_loss: 2.6154, val_loss: 2.9665, lr: 0.001000, 47.6s
2021-04-27 21:56:44,976 - INFO - epoch complete!
2021-04-27 21:56:44,976 - INFO - evaluating now!
2021-04-27 21:56:49,514 - INFO - Epoch [1474/1600] train_loss: 2.6151, val_loss: 2.9613, lr: 0.001000, 47.8s
2021-04-27 21:56:49,526 - INFO - Saved model at 1474
2021-04-27 21:56:49,526 - INFO - Val loss decrease from 2.9641 to 2.9613, saving to ./trafficdl/cache/model_cache/STAGGCN_PEMS_BAY_epoch1474.tar
2021-04-27 21:57:33,261 - INFO - epoch complete!
2021-04-27 21:57:33,264 - INFO - evaluating now!
2021-04-27 21:57:37,652 - INFO - Epoch [1475/1600] train_loss: 2.6149, val_loss: 2.9615, lr: 0.001000, 48.1s
2021-04-27 21:58:22,572 - INFO - epoch complete!
2021-04-27 21:58:22,572 - INFO - evaluating now!
2021-04-27 21:58:26,842 - INFO - Epoch [1476/1600] train_loss: 2.6148, val_loss: 2.9661, lr: 0.001000, 49.2s
2021-04-27 21:59:10,933 - INFO - epoch complete!
2021-04-27 21:59:10,934 - INFO - evaluating now!
2021-04-27 21:59:15,086 - INFO - Epoch [1477/1600] train_loss: 2.6147, val_loss: 2.9651, lr: 0.001000, 48.2s
2021-04-27 21:59:58,909 - INFO - epoch complete!
2021-04-27 21:59:58,909 - INFO - evaluating now!
2021-04-27 22:00:03,148 - INFO - Epoch [1478/1600] train_loss: 2.6150, val_loss: 2.9614, lr: 0.001000, 48.1s
2021-04-27 22:00:46,588 - INFO - epoch complete!
2021-04-27 22:00:46,589 - INFO - evaluating now!
2021-04-27 22:00:50,556 - INFO - Epoch [1479/1600] train_loss: 2.6148, val_loss: 2.9613, lr: 0.001000, 47.4s
2021-04-27 22:00:50,566 - INFO - Saved model at 1479
2021-04-27 22:00:50,566 - INFO - Val loss decrease from 2.9613 to 2.9613, saving to ./trafficdl/cache/model_cache/STAGGCN_PEMS_BAY_epoch1479.tar
2021-04-27 22:01:34,262 - INFO - epoch complete!
2021-04-27 22:01:34,263 - INFO - evaluating now!
2021-04-27 22:01:38,979 - INFO - Epoch [1480/1600] train_loss: 2.6150, val_loss: 2.9676, lr: 0.001000, 48.4s
2021-04-27 22:02:22,160 - INFO - epoch complete!
2021-04-27 22:02:22,161 - INFO - evaluating now!
2021-04-27 22:02:26,246 - INFO - Epoch [1481/1600] train_loss: 2.6148, val_loss: 2.9638, lr: 0.001000, 47.3s
2021-04-27 22:03:09,786 - INFO - epoch complete!
2021-04-27 22:03:09,787 - INFO - evaluating now!
2021-04-27 22:03:14,196 - INFO - Epoch [1482/1600] train_loss: 2.6143, val_loss: 2.9624, lr: 0.001000, 47.9s
2021-04-27 22:03:57,908 - INFO - epoch complete!
2021-04-27 22:03:57,908 - INFO - evaluating now!
2021-04-27 22:04:02,224 - INFO - Epoch [1483/1600] train_loss: 2.6146, val_loss: 2.9651, lr: 0.001000, 48.0s
2021-04-27 22:04:45,977 - INFO - epoch complete!
2021-04-27 22:04:45,979 - INFO - evaluating now!
2021-04-27 22:04:50,160 - INFO - Epoch [1484/1600] train_loss: 2.6141, val_loss: 2.9650, lr: 0.001000, 47.9s
2021-04-27 22:05:33,184 - INFO - epoch complete!
2021-04-27 22:05:33,185 - INFO - evaluating now!
2021-04-27 22:05:37,272 - INFO - Epoch [1485/1600] train_loss: 2.6143, val_loss: 2.9708, lr: 0.001000, 47.1s
2021-04-27 22:06:18,873 - INFO - epoch complete!
2021-04-27 22:06:18,874 - INFO - evaluating now!
2021-04-27 22:06:22,716 - INFO - Epoch [1486/1600] train_loss: 2.6147, val_loss: 2.9705, lr: 0.001000, 45.4s
2021-04-27 22:07:03,799 - INFO - epoch complete!
2021-04-27 22:07:03,799 - INFO - evaluating now!
2021-04-27 22:07:07,999 - INFO - Epoch [1487/1600] train_loss: 2.6146, val_loss: 2.9649, lr: 0.001000, 45.3s
2021-04-27 22:07:49,388 - INFO - epoch complete!
2021-04-27 22:07:49,388 - INFO - evaluating now!
2021-04-27 22:07:53,486 - INFO - Epoch [1488/1600] train_loss: 2.6148, val_loss: 2.9643, lr: 0.001000, 45.5s
2021-04-27 22:08:34,872 - INFO - epoch complete!
2021-04-27 22:08:34,873 - INFO - evaluating now!
2021-04-27 22:08:38,465 - INFO - Epoch [1489/1600] train_loss: 2.6146, val_loss: 2.9631, lr: 0.001000, 45.0s
2021-04-27 22:09:18,825 - INFO - epoch complete!
2021-04-27 22:09:18,826 - INFO - evaluating now!
2021-04-27 22:09:22,864 - INFO - Epoch [1490/1600] train_loss: 2.6143, val_loss: 2.9637, lr: 0.001000, 44.4s
2021-04-27 22:10:04,730 - INFO - epoch complete!
2021-04-27 22:10:04,730 - INFO - evaluating now!
2021-04-27 22:10:08,763 - INFO - Epoch [1491/1600] train_loss: 2.6144, val_loss: 2.9628, lr: 0.001000, 45.9s
2021-04-27 22:10:49,724 - INFO - epoch complete!
2021-04-27 22:10:49,724 - INFO - evaluating now!
2021-04-27 22:10:53,654 - INFO - Epoch [1492/1600] train_loss: 2.6142, val_loss: 2.9645, lr: 0.001000, 44.9s
2021-04-27 22:11:35,264 - INFO - epoch complete!
2021-04-27 22:11:35,265 - INFO - evaluating now!
2021-04-27 22:11:39,385 - INFO - Epoch [1493/1600] train_loss: 2.6140, val_loss: 2.9638, lr: 0.001000, 45.7s
2021-04-27 22:12:21,141 - INFO - epoch complete!
2021-04-27 22:12:21,141 - INFO - evaluating now!
2021-04-27 22:12:25,168 - INFO - Epoch [1494/1600] train_loss: 2.6144, val_loss: 2.9688, lr: 0.001000, 45.8s
2021-04-27 22:13:06,750 - INFO - epoch complete!
2021-04-27 22:13:06,753 - INFO - evaluating now!
2021-04-27 22:13:10,759 - INFO - Epoch [1495/1600] train_loss: 2.6142, val_loss: 2.9640, lr: 0.001000, 45.6s
2021-04-27 22:13:51,177 - INFO - epoch complete!
2021-04-27 22:13:51,178 - INFO - evaluating now!
2021-04-27 22:13:55,077 - INFO - Epoch [1496/1600] train_loss: 2.6142, val_loss: 2.9688, lr: 0.001000, 44.3s
2021-04-27 22:14:35,497 - INFO - epoch complete!
2021-04-27 22:14:35,498 - INFO - evaluating now!
2021-04-27 22:14:39,449 - INFO - Epoch [1497/1600] train_loss: 2.6144, val_loss: 2.9611, lr: 0.001000, 44.4s
2021-04-27 22:14:39,463 - INFO - Saved model at 1497
2021-04-27 22:14:39,464 - INFO - Val loss decrease from 2.9613 to 2.9611, saving to ./trafficdl/cache/model_cache/STAGGCN_PEMS_BAY_epoch1497.tar
2021-04-27 22:15:18,471 - INFO - epoch complete!
2021-04-27 22:15:18,471 - INFO - evaluating now!
2021-04-27 22:15:22,314 - INFO - Epoch [1498/1600] train_loss: 2.6141, val_loss: 2.9688, lr: 0.001000, 42.9s
2021-04-27 22:16:01,890 - INFO - epoch complete!
2021-04-27 22:16:01,890 - INFO - evaluating now!
2021-04-27 22:16:05,921 - INFO - Epoch [1499/1600] train_loss: 2.6140, val_loss: 2.9614, lr: 0.001000, 43.6s
2021-04-27 22:16:45,892 - INFO - epoch complete!
2021-04-27 22:16:45,892 - INFO - evaluating now!
2021-04-27 22:16:49,874 - INFO - Epoch [1500/1600] train_loss: 2.6142, val_loss: 2.9640, lr: 0.001000, 44.0s
2021-04-27 22:17:30,267 - INFO - epoch complete!
2021-04-27 22:17:30,268 - INFO - evaluating now!
2021-04-27 22:17:34,162 - INFO - Epoch [1501/1600] train_loss: 2.6145, val_loss: 2.9607, lr: 0.001000, 44.3s
2021-04-27 22:17:34,171 - INFO - Saved model at 1501
2021-04-27 22:17:34,171 - INFO - Val loss decrease from 2.9611 to 2.9607, saving to ./trafficdl/cache/model_cache/STAGGCN_PEMS_BAY_epoch1501.tar
2021-04-27 22:18:12,494 - INFO - epoch complete!
2021-04-27 22:18:12,495 - INFO - evaluating now!
2021-04-27 22:18:16,078 - INFO - Epoch [1502/1600] train_loss: 2.6139, val_loss: 2.9611, lr: 0.001000, 41.9s
2021-04-27 22:18:54,442 - INFO - epoch complete!
2021-04-27 22:18:54,443 - INFO - evaluating now!
2021-04-27 22:18:57,959 - INFO - Epoch [1503/1600] train_loss: 2.6142, val_loss: 2.9628, lr: 0.001000, 41.9s
2021-04-27 22:19:36,465 - INFO - epoch complete!
2021-04-27 22:19:36,465 - INFO - evaluating now!
2021-04-27 22:19:40,247 - INFO - Epoch [1504/1600] train_loss: 2.6136, val_loss: 2.9648, lr: 0.001000, 42.3s
2021-04-27 22:20:18,410 - INFO - epoch complete!
2021-04-27 22:20:18,410 - INFO - evaluating now!
2021-04-27 22:20:22,131 - INFO - Epoch [1505/1600] train_loss: 2.6142, val_loss: 2.9645, lr: 0.001000, 41.9s
2021-04-27 22:21:00,970 - INFO - epoch complete!
2021-04-27 22:21:00,971 - INFO - evaluating now!
2021-04-27 22:21:04,666 - INFO - Epoch [1506/1600] train_loss: 2.6144, val_loss: 2.9644, lr: 0.001000, 42.5s
2021-04-27 22:21:42,847 - INFO - epoch complete!
2021-04-27 22:21:42,847 - INFO - evaluating now!
2021-04-27 22:21:46,679 - INFO - Epoch [1507/1600] train_loss: 2.6138, val_loss: 2.9614, lr: 0.001000, 42.0s
2021-04-27 22:22:24,563 - INFO - epoch complete!
2021-04-27 22:22:24,564 - INFO - evaluating now!
2021-04-27 22:22:28,216 - INFO - Epoch [1508/1600] train_loss: 2.6143, val_loss: 2.9644, lr: 0.001000, 41.5s
2021-04-27 22:23:06,339 - INFO - epoch complete!
2021-04-27 22:23:06,339 - INFO - evaluating now!
2021-04-27 22:23:10,260 - INFO - Epoch [1509/1600] train_loss: 2.6138, val_loss: 2.9639, lr: 0.001000, 42.0s
2021-04-27 22:23:48,158 - INFO - epoch complete!
2021-04-27 22:23:48,159 - INFO - evaluating now!
2021-04-27 22:23:51,626 - INFO - Epoch [1510/1600] train_loss: 2.6135, val_loss: 2.9607, lr: 0.001000, 41.4s
2021-04-27 22:24:29,141 - INFO - epoch complete!
2021-04-27 22:24:29,142 - INFO - evaluating now!
2021-04-27 22:24:32,775 - INFO - Epoch [1511/1600] train_loss: 2.6141, val_loss: 2.9654, lr: 0.001000, 41.1s
2021-04-27 22:25:10,327 - INFO - epoch complete!
2021-04-27 22:25:10,328 - INFO - evaluating now!
2021-04-27 22:25:14,133 - INFO - Epoch [1512/1600] train_loss: 2.6135, val_loss: 2.9598, lr: 0.001000, 41.4s
2021-04-27 22:25:14,142 - INFO - Saved model at 1512
2021-04-27 22:25:14,142 - INFO - Val loss decrease from 2.9607 to 2.9598, saving to ./trafficdl/cache/model_cache/STAGGCN_PEMS_BAY_epoch1512.tar
2021-04-27 22:25:51,950 - INFO - epoch complete!
2021-04-27 22:25:51,950 - INFO - evaluating now!
2021-04-27 22:25:55,637 - INFO - Epoch [1513/1600] train_loss: 2.6136, val_loss: 2.9625, lr: 0.001000, 41.5s
2021-04-27 22:26:33,358 - INFO - epoch complete!
2021-04-27 22:26:33,358 - INFO - evaluating now!
2021-04-27 22:26:37,156 - INFO - Epoch [1514/1600] train_loss: 2.6138, val_loss: 2.9613, lr: 0.001000, 41.5s
2021-04-27 22:27:14,512 - INFO - epoch complete!
2021-04-27 22:27:14,513 - INFO - evaluating now!
2021-04-27 22:27:18,088 - INFO - Epoch [1515/1600] train_loss: 2.6136, val_loss: 2.9613, lr: 0.001000, 40.9s
2021-04-27 22:27:56,110 - INFO - epoch complete!
2021-04-27 22:27:56,110 - INFO - evaluating now!
2021-04-27 22:27:59,611 - INFO - Epoch [1516/1600] train_loss: 2.6134, val_loss: 2.9626, lr: 0.001000, 41.5s
2021-04-27 22:28:37,416 - INFO - epoch complete!
2021-04-27 22:28:37,417 - INFO - evaluating now!
2021-04-27 22:28:41,002 - INFO - Epoch [1517/1600] train_loss: 2.6138, val_loss: 2.9633, lr: 0.001000, 41.4s
2021-04-27 22:29:19,094 - INFO - epoch complete!
2021-04-27 22:29:19,095 - INFO - evaluating now!
2021-04-27 22:29:22,659 - INFO - Epoch [1518/1600] train_loss: 2.6142, val_loss: 2.9682, lr: 0.001000, 41.7s
2021-04-27 22:30:00,351 - INFO - epoch complete!
2021-04-27 22:30:00,352 - INFO - evaluating now!
2021-04-27 22:30:04,145 - INFO - Epoch [1519/1600] train_loss: 2.6134, val_loss: 2.9638, lr: 0.001000, 41.5s
2021-04-27 22:30:41,796 - INFO - epoch complete!
2021-04-27 22:30:41,797 - INFO - evaluating now!
2021-04-27 22:30:45,518 - INFO - Epoch [1520/1600] train_loss: 2.6136, val_loss: 2.9603, lr: 0.001000, 41.4s
2021-04-27 22:31:23,323 - INFO - epoch complete!
2021-04-27 22:31:23,324 - INFO - evaluating now!
2021-04-27 22:31:26,888 - INFO - Epoch [1521/1600] train_loss: 2.6140, val_loss: 2.9626, lr: 0.001000, 41.4s
2021-04-27 22:32:04,541 - INFO - epoch complete!
2021-04-27 22:32:04,541 - INFO - evaluating now!
2021-04-27 22:32:08,219 - INFO - Epoch [1522/1600] train_loss: 2.6132, val_loss: 2.9669, lr: 0.001000, 41.3s
2021-04-27 22:32:45,995 - INFO - epoch complete!
2021-04-27 22:32:45,995 - INFO - evaluating now!
2021-04-27 22:32:49,591 - INFO - Epoch [1523/1600] train_loss: 2.6132, val_loss: 2.9631, lr: 0.001000, 41.4s
2021-04-27 22:33:27,244 - INFO - epoch complete!
2021-04-27 22:33:27,244 - INFO - evaluating now!
2021-04-27 22:33:30,886 - INFO - Epoch [1524/1600] train_loss: 2.6134, val_loss: 2.9675, lr: 0.001000, 41.3s
